# JRE version: Java(TM) SE Runtime Environment (15.0.2+7) (build 15.0.2+7-27)
# Java VM: Java HotSpot(TM) 64-Bit Server VM (15.0.2+7-27, mixed mode, sharing, tiered, compressed oops, g1 gc, windows-amd64)
GC Precious Log:
 CPUs: 12 total, 12 available
 Memory: 16225M
 Large Page Support: Disabled
 NUMA Support: Disabled
 Compressed Oops: Enabled (32-bit)
 Heap Region Size: 1M
 Heap Min Capacity: 8M
 Heap Initial Capacity: 254M
 Heap Max Capacity: 2G
 Pre-touch: Disabled
 Parallel Workers: 10
 Concurrent Workers: 3
 Concurrent Refinement Workers: 10
 Periodic GC: Disabled
Heap:
 garbage-first heap   total 141312K, used 69809K [0x0000000080000000, 0x0000000100000000)
  region size 1024K, 8 young (8192K), 7 survivors (7168K)
 Metaspace       used 72301K, capacity 73384K, committed 73680K, reserved 1114112K
  class space    used 9455K, capacity 9806K, committed 9856K, reserved 1048576K
GC Heap History (20 events):
Event: 20.168 GC heap before
{Heap before GC invocations=19 (full 0):
 garbage-first heap   total 83968K, used 62149K [0x0000000080000000, 0x0000000100000000)
  region size 1024K, 18 young (18432K), 2 survivors (2048K)
 Metaspace       used 50111K, capacity 50959K, committed 51152K, reserved 1093632K
  class space    used 6499K, capacity 6767K, committed 6784K, reserved 1048576K
}
Event: 20.170 GC heap after
{Heap after GC invocations=20 (full 0):
 garbage-first heap   total 83968K, used 46931K [0x0000000080000000, 0x0000000100000000)
  region size 1024K, 3 young (3072K), 3 survivors (3072K)
 Metaspace       used 50111K, capacity 50959K, committed 51152K, reserved 1093632K
  class space    used 6499K, capacity 6767K, committed 6784K, reserved 1048576K
}
Event: 20.440 GC heap before
{Heap before GC invocations=20 (full 0):
 garbage-first heap   total 83968K, used 63315K [0x0000000080000000, 0x0000000100000000)
  region size 1024K, 20 young (20480K), 3 survivors (3072K)
 Metaspace       used 52083K, capacity 52885K, committed 53200K, reserved 1095680K
  class space    used 6714K, capacity 6960K, committed 7040K, reserved 1048576K
}
Event: 20.444 GC heap after
{Heap after GC invocations=21 (full 0):
 garbage-first heap   total 83968K, used 49091K [0x0000000080000000, 0x0000000100000000)
  region size 1024K, 3 young (3072K), 3 survivors (3072K)
 Metaspace       used 52083K, capacity 52885K, committed 53200K, reserved 1095680K
  class space    used 6714K, capacity 6960K, committed 7040K, reserved 1048576K
}
Event: 20.681 GC heap before
{Heap before GC invocations=22 (full 0):
 garbage-first heap   total 89088K, used 64451K [0x0000000080000000, 0x0000000100000000)
  region size 1024K, 19 young (19456K), 3 survivors (3072K)
 Metaspace       used 53818K, capacity 54713K, committed 54864K, reserved 1097728K
  class space    used 6926K, capacity 7158K, committed 7168K, reserved 1048576K
}
Event: 20.686 GC heap after
{Heap after GC invocations=23 (full 0):
 garbage-first heap   total 89088K, used 50607K [0x0000000080000000, 0x0000000100000000)
  region size 1024K, 2 young (2048K), 2 survivors (2048K)
 Metaspace       used 53818K, capacity 54713K, committed 54864K, reserved 1097728K
  class space    used 6926K, capacity 7158K, committed 7168K, reserved 1048576K
}
Event: 20.798 GC heap before
{Heap before GC invocations=23 (full 0):
 garbage-first heap   total 89088K, used 57775K [0x0000000080000000, 0x0000000100000000)
  region size 1024K, 10 young (10240K), 2 survivors (2048K)
 Metaspace       used 54612K, capacity 55450K, committed 55504K, reserved 1097728K
  class space    used 7001K, capacity 7254K, committed 7296K, reserved 1048576K
}
Event: 20.802 GC heap after
{Heap after GC invocations=24 (full 0):
 garbage-first heap   total 89088K, used 51337K [0x0000000080000000, 0x0000000100000000)
  region size 1024K, 3 young (3072K), 3 survivors (3072K)
 Metaspace       used 54612K, capacity 55450K, committed 55504K, reserved 1097728K
  class space    used 7001K, capacity 7254K, committed 7296K, reserved 1048576K
}
Event: 21.178 GC heap before
{Heap before GC invocations=25 (full 0):
 garbage-first heap   total 94208K, used 70793K [0x0000000080000000, 0x0000000100000000)
  region size 1024K, 21 young (21504K), 3 survivors (3072K)
 Metaspace       used 55570K, capacity 56466K, committed 56656K, reserved 1099776K
  class space    used 7147K, capacity 7396K, committed 7424K, reserved 1048576K
}
Event: 21.181 GC heap after
{Heap after GC invocations=26 (full 0):
 garbage-first heap   total 94208K, used 52733K [0x0000000080000000, 0x0000000100000000)
  region size 1024K, 3 young (3072K), 3 survivors (3072K)
 Metaspace       used 55570K, capacity 56466K, committed 56656K, reserved 1099776K
  class space    used 7147K, capacity 7396K, committed 7424K, reserved 1048576K
}
Event: 21.382 GC heap before
{Heap before GC invocations=26 (full 0):
 garbage-first heap   total 94208K, used 73213K [0x0000000080000000, 0x0000000100000000)
  region size 1024K, 23 young (23552K), 3 survivors (3072K)
 Metaspace       used 56450K, capacity 57330K, committed 57552K, reserved 1099776K
  class space    used 7244K, capacity 7534K, committed 7552K, reserved 1048576K
}
Event: 21.387 GC heap after
{Heap after GC invocations=27 (full 0):
 garbage-first heap   total 94208K, used 55241K [0x0000000080000000, 0x0000000100000000)
  region size 1024K, 3 young (3072K), 3 survivors (3072K)
 Metaspace       used 56450K, capacity 57330K, committed 57552K, reserved 1099776K
  class space    used 7244K, capacity 7534K, committed 7552K, reserved 1048576K
}
Event: 21.710 GC heap before
{Heap before GC invocations=28 (full 0):
 garbage-first heap   total 101376K, used 74697K [0x0000000080000000, 0x0000000100000000)
  region size 1024K, 22 young (22528K), 3 survivors (3072K)
 Metaspace       used 59014K, capacity 59890K, committed 60112K, reserved 1101824K
  class space    used 7681K, capacity 7982K, committed 8064K, reserved 1048576K
}
Event: 21.715 GC heap after
{Heap after GC invocations=29 (full 0):
 garbage-first heap   total 101376K, used 56505K [0x0000000080000000, 0x0000000100000000)
  region size 1024K, 2 young (2048K), 2 survivors (2048K)
 Metaspace       used 59014K, capacity 59890K, committed 60112K, reserved 1101824K
  class space    used 7681K, capacity 7982K, committed 8064K, reserved 1048576K
}
Event: 22.074 GC heap before
{Heap before GC invocations=29 (full 0):
 garbage-first heap   total 101376K, used 81081K [0x0000000080000000, 0x0000000100000000)
  region size 1024K, 26 young (26624K), 2 survivors (2048K)
 Metaspace       used 61405K, capacity 62291K, committed 62416K, reserved 1103872K
  class space    used 8044K, capacity 8308K, committed 8320K, reserved 1048576K
}
Event: 22.080 GC heap after
{Heap after GC invocations=30 (full 0):
 garbage-first heap   total 101376K, used 58443K [0x0000000080000000, 0x0000000100000000)
  region size 1024K, 4 young (4096K), 4 survivors (4096K)
 Metaspace       used 61405K, capacity 62291K, committed 62416K, reserved 1103872K
  class space    used 8044K, capacity 8308K, committed 8320K, reserved 1048576K
}
Event: 22.260 GC heap before
{Heap before GC invocations=31 (full 0):
 garbage-first heap   total 117760K, used 79947K [0x0000000080000000, 0x0000000100000000)
  region size 1024K, 25 young (25600K), 4 survivors (4096K)
 Metaspace       used 61823K, capacity 62725K, committed 62800K, reserved 1103872K
  class space    used 8102K, capacity 8388K, committed 8448K, reserved 1048576K
}
Event: 22.264 GC heap after
{Heap after GC invocations=32 (full 0):
 garbage-first heap   total 141312K, used 60104K [0x0000000080000000, 0x0000000100000000)
  region size 1024K, 2 young (2048K), 2 survivors (2048K)
 Metaspace       used 61823K, capacity 62725K, committed 62800K, reserved 1103872K
  class space    used 8102K, capacity 8388K, committed 8448K, reserved 1048576K
}
Event: 23.294 GC heap before
{Heap before GC invocations=32 (full 0):
 garbage-first heap   total 141312K, used 112328K [0x0000000080000000, 0x0000000100000000)
  region size 1024K, 53 young (54272K), 2 survivors (2048K)
 Metaspace       used 68351K, capacity 69388K, committed 69584K, reserved 1110016K
  class space    used 8997K, capacity 9286K, committed 9344K, reserved 1048576K
}
Event: 23.301 GC heap after
{Heap after GC invocations=33 (full 0):
 garbage-first heap   total 141312K, used 63494K [0x0000000080000000, 0x0000000100000000)
  region size 1024K, 6 young (6144K), 6 survivors (6144K)
 Metaspace       used 68351K, capacity 69388K, committed 69584K, reserved 1110016K
  class space    used 8997K, capacity 9286K, committed 9344K, reserved 1048576K
}

