# JRE version: Java(TM) SE Runtime Environment (15.0.2+7) (build 15.0.2+7-27)
# Java VM: Java HotSpot(TM) 64-Bit Server VM (15.0.2+7-27, mixed mode, sharing, tiered, compressed oops, g1 gc, windows-amd64)
GC Precious Log:
 CPUs: 12 total, 12 available
 Memory: 16225M
 Large Page Support: Disabled
 NUMA Support: Disabled
 Compressed Oops: Enabled (32-bit)
 Heap Region Size: 1M
 Heap Min Capacity: 8M
 Heap Initial Capacity: 254M
 Heap Max Capacity: 2G
 Pre-touch: Disabled
 Parallel Workers: 10
 Concurrent Workers: 3
 Concurrent Refinement Workers: 10
 Periodic GC: Disabled
Heap:
 garbage-first heap   total 275456K, used 199257K [0x0000000080000000, 0x0000000100000000)
  region size 1024K, 49 young (50176K), 10 survivors (10240K)
 Metaspace       used 107208K, capacity 108556K, committed 108720K, reserved 1142784K
  class space    used 14138K, capacity 14563K, committed 14592K, reserved 1048576K
GC Heap History (20 events):
Event: 7.368 GC heap before
{Heap before GC invocations=38 (full 0):
 garbage-first heap   total 174080K, used 142520K [0x0000000080000000, 0x0000000100000000)
  region size 1024K, 65 young (66560K), 6 survivors (6144K)
 Metaspace       used 75037K, capacity 76190K, committed 76464K, reserved 1116160K
  class space    used 9833K, capacity 10175K, committed 10240K, reserved 1048576K
}
Event: 7.373 GC heap after
{Heap after GC invocations=39 (full 0):
 garbage-first heap   total 208896K, used 86420K [0x0000000080000000, 0x0000000100000000)
  region size 1024K, 6 young (6144K), 6 survivors (6144K)
 Metaspace       used 75037K, capacity 76190K, committed 76464K, reserved 1116160K
  class space    used 9833K, capacity 10175K, committed 10240K, reserved 1048576K
}
Event: 7.959 GC heap before
{Heap before GC invocations=40 (full 0):
 garbage-first heap   total 208896K, used 174484K [0x0000000080000000, 0x0000000100000000)
  region size 1024K, 89 young (91136K), 6 survivors (6144K)
 Metaspace       used 80244K, capacity 81406K, committed 81712K, reserved 1120256K
  class space    used 10688K, capacity 11025K, committed 11136K, reserved 1048576K
}
Event: 7.968 GC heap after
{Heap after GC invocations=41 (full 0):
 garbage-first heap   total 208896K, used 96313K [0x0000000080000000, 0x0000000100000000)
  region size 1024K, 12 young (12288K), 12 survivors (12288K)
 Metaspace       used 80244K, capacity 81406K, committed 81712K, reserved 1120256K
  class space    used 10688K, capacity 11025K, committed 11136K, reserved 1048576K
}
Event: 8.225 GC heap before
{Heap before GC invocations=41 (full 0):
 garbage-first heap   total 208896K, used 167993K [0x0000000080000000, 0x0000000100000000)
  region size 1024K, 83 young (84992K), 12 survivors (12288K)
 Metaspace       used 86783K, capacity 88058K, committed 88368K, reserved 1126400K
  class space    used 11934K, capacity 12325K, committed 12416K, reserved 1048576K
}
Event: 8.235 GC heap after
{Heap after GC invocations=42 (full 0):
 garbage-first heap   total 208896K, used 104128K [0x0000000080000000, 0x0000000100000000)
  region size 1024K, 8 young (8192K), 8 survivors (8192K)
 Metaspace       used 86783K, capacity 88058K, committed 88368K, reserved 1126400K
  class space    used 11934K, capacity 12325K, committed 12416K, reserved 1048576K
}
Event: 8.412 GC heap before
{Heap before GC invocations=42 (full 0):
 garbage-first heap   total 208896K, used 167616K [0x0000000080000000, 0x0000000100000000)
  region size 1024K, 71 young (72704K), 8 survivors (8192K)
 Metaspace       used 88410K, capacity 89685K, committed 89904K, reserved 1126400K
  class space    used 12207K, capacity 12590K, committed 12672K, reserved 1048576K
}
Event: 8.418 GC heap after
{Heap after GC invocations=43 (full 0):
 garbage-first heap   total 208896K, used 106737K [0x0000000080000000, 0x0000000100000000)
  region size 1024K, 4 young (4096K), 4 survivors (4096K)
 Metaspace       used 88410K, capacity 89685K, committed 89904K, reserved 1126400K
  class space    used 12207K, capacity 12590K, committed 12672K, reserved 1048576K
}
Event: 8.620 GC heap before
{Heap before GC invocations=44 (full 0):
 garbage-first heap   total 222208K, used 169201K [0x0000000080000000, 0x0000000100000000)
  region size 1024K, 66 young (67584K), 4 survivors (4096K)
 Metaspace       used 88835K, capacity 90069K, committed 90416K, reserved 1126400K
  class space    used 12227K, capacity 12593K, committed 12672K, reserved 1048576K
}
Event: 8.625 GC heap after
{Heap after GC invocations=45 (full 0):
 garbage-first heap   total 267264K, used 107732K [0x0000000080000000, 0x0000000100000000)
  region size 1024K, 5 young (5120K), 5 survivors (5120K)
 Metaspace       used 88835K, capacity 90069K, committed 90416K, reserved 1126400K
  class space    used 12227K, capacity 12593K, committed 12672K, reserved 1048576K
}
Event: 9.557 GC heap before
{Heap before GC invocations=45 (full 0):
 garbage-first heap   total 267264K, used 217300K [0x0000000080000000, 0x0000000100000000)
  region size 1024K, 111 young (113664K), 5 survivors (5120K)
 Metaspace       used 90868K, capacity 92188K, committed 92464K, reserved 1128448K
  class space    used 12483K, capacity 12876K, committed 12928K, reserved 1048576K
}
Event: 9.563 GC heap after
{Heap after GC invocations=46 (full 0):
 garbage-first heap   total 267264K, used 114922K [0x0000000080000000, 0x0000000100000000)
  region size 1024K, 11 young (11264K), 11 survivors (11264K)
 Metaspace       used 90868K, capacity 92188K, committed 92464K, reserved 1128448K
  class space    used 12483K, capacity 12876K, committed 12928K, reserved 1048576K
}
Event: 10.223 GC heap before
{Heap before GC invocations=46 (full 0):
 garbage-first heap   total 267264K, used 185578K [0x0000000080000000, 0x0000000100000000)
  region size 1024K, 67 young (68608K), 11 survivors (11264K)
 Metaspace       used 96187K, capacity 97515K, committed 97840K, reserved 1134592K
  class space    used 13158K, capacity 13571K, committed 13696K, reserved 1048576K
}
Event: 10.229 GC heap after
{Heap after GC invocations=47 (full 0):
 garbage-first heap   total 267264K, used 124571K [0x0000000080000000, 0x0000000100000000)
  region size 1024K, 5 young (5120K), 5 survivors (5120K)
 Metaspace       used 96187K, capacity 97515K, committed 97840K, reserved 1134592K
  class space    used 13158K, capacity 13571K, committed 13696K, reserved 1048576K
}
Event: 131.079 GC heap before
{Heap before GC invocations=48 (full 0):
 garbage-first heap   total 267264K, used 216731K [0x0000000080000000, 0x0000000100000000)
  region size 1024K, 96 young (98304K), 5 survivors (5120K)
 Metaspace       used 100333K, capacity 101728K, committed 101936K, reserved 1136640K
  class space    used 13436K, capacity 13845K, committed 13952K, reserved 1048576K
}
Event: 131.091 GC heap after
{Heap after GC invocations=49 (full 0):
 garbage-first heap   total 267264K, used 111130K [0x0000000080000000, 0x0000000100000000)
  region size 1024K, 5 young (5120K), 5 survivors (5120K)
 Metaspace       used 100333K, capacity 101728K, committed 101936K, reserved 1136640K
  class space    used 13436K, capacity 13845K, committed 13952K, reserved 1048576K
}
Event: 280.697 GC heap before
{Heap before GC invocations=49 (full 0):
 garbage-first heap   total 267264K, used 220698K [0x0000000080000000, 0x0000000100000000)
  region size 1024K, 111 young (113664K), 5 survivors (5120K)
 Metaspace       used 101897K, capacity 103278K, committed 103600K, reserved 1138688K
  class space    used 13554K, capacity 13987K, committed 14080K, reserved 1048576K
}
Event: 280.707 GC heap after
{Heap after GC invocations=50 (full 0):
 garbage-first heap   total 267264K, used 133895K [0x0000000080000000, 0x0000000100000000)
  region size 1024K, 14 young (14336K), 14 survivors (14336K)
 Metaspace       used 101897K, capacity 103278K, committed 103600K, reserved 1138688K
  class space    used 13554K, capacity 13987K, committed 14080K, reserved 1048576K
}
Event: 280.937 GC heap before
{Heap before GC invocations=50 (full 0):
 garbage-first heap   total 267264K, used 165639K [0x0000000080000000, 0x0000000100000000)
  region size 1024K, 47 young (48128K), 14 survivors (14336K)
 Metaspace       used 104048K, capacity 105396K, committed 105648K, reserved 1140736K
  class space    used 13817K, capacity 14244K, committed 14336K, reserved 1048576K
}
Event: 280.947 GC heap after
{Heap after GC invocations=51 (full 0):
 garbage-first heap   total 267264K, used 143961K [0x0000000080000000, 0x0000000100000000)
  region size 1024K, 10 young (10240K), 10 survivors (10240K)
 Metaspace       used 104048K, capacity 105396K, committed 105648K, reserved 1140736K
  class space    used 13817K, capacity 14244K, committed 14336K, reserved 1048576K
}

