# JRE version: OpenJDK Runtime Environment (11.0.10) (build 11.0.10+0-b96-7249189)
# Java VM: OpenJDK 64-Bit Server VM (11.0.10+0-b96-7249189, mixed mode, tiered, compressed oops, g1 gc, windows-amd64)
Heap:
 garbage-first heap   total 312320K, used 99328K [0x0000000080000000, 0x0000000100000000)
  region size 1024K, 3 young (3072K), 3 survivors (3072K)
 Metaspace       used 97494K, capacity 101200K, committed 102508K, reserved 1136640K
  class space    used 13058K, capacity 14552K, committed 15000K, reserved 1048576K
GC Heap History (20 events):
Event: 2.487 GC heap after
{Heap after GC invocations=5 (full 0):
 garbage-first heap   total 260096K, used 19997K [0x0000000080000000, 0x0000000100000000)
  region size 1024K, 4 young (4096K), 4 survivors (4096K)
 Metaspace       used 30428K, capacity 31130K, committed 31232K, reserved 1077248K
  class space    used 4094K, capacity 4339K, committed 4352K, reserved 1048576K
}
Event: 2.685 GC heap before
{Heap before GC invocations=5 (full 0):
 garbage-first heap   total 260096K, used 33309K [0x0000000080000000, 0x0000000100000000)
  region size 1024K, 19 young (19456K), 4 survivors (4096K)
 Metaspace       used 35054K, capacity 35830K, committed 35840K, reserved 1081344K
  class space    used 4547K, capacity 4864K, committed 4864K, reserved 1048576K
}
Event: 2.690 GC heap after
{Heap after GC invocations=6 (full 0):
 garbage-first heap   total 260096K, used 22095K [0x0000000080000000, 0x0000000100000000)
  region size 1024K, 6 young (6144K), 6 survivors (6144K)
 Metaspace       used 35054K, capacity 35830K, committed 35840K, reserved 1081344K
  class space    used 4547K, capacity 4864K, committed 4864K, reserved 1048576K
}
Event: 3.501 GC heap before
{Heap before GC invocations=7 (full 0):
 garbage-first heap   total 260096K, used 148047K [0x0000000080000000, 0x0000000100000000)
  region size 1024K, 126 young (129024K), 6 survivors (6144K)
 Metaspace       used 44867K, capacity 46029K, committed 46156K, reserved 1089536K
  class space    used 5777K, capacity 6187K, committed 6220K, reserved 1048576K
}
Event: 3.508 GC heap after
{Heap after GC invocations=8 (full 0):
 garbage-first heap   total 260096K, used 29217K [0x0000000080000000, 0x0000000100000000)
  region size 1024K, 13 young (13312K), 13 survivors (13312K)
 Metaspace       used 44867K, capacity 46029K, committed 46156K, reserved 1089536K
  class space    used 5777K, capacity 6187K, committed 6220K, reserved 1048576K
}
Event: 4.591 GC heap before
{Heap before GC invocations=8 (full 0):
 garbage-first heap   total 260096K, used 166433K [0x0000000080000000, 0x0000000100000000)
  region size 1024K, 145 young (148480K), 13 survivors (13312K)
 Metaspace       used 58671K, capacity 60209K, committed 60236K, reserved 1101824K
  class space    used 7437K, capacity 7993K, committed 8012K, reserved 1048576K
}
Event: 4.614 GC heap after
{Heap after GC invocations=9 (full 0):
 garbage-first heap   total 260096K, used 43848K [0x0000000080000000, 0x0000000100000000)
  region size 1024K, 19 young (19456K), 19 survivors (19456K)
 Metaspace       used 58671K, capacity 60209K, committed 60236K, reserved 1101824K
  class space    used 7437K, capacity 7993K, committed 8012K, reserved 1048576K
}
Event: 5.641 GC heap before
{Heap before GC invocations=10 (full 0):
 garbage-first heap   total 260096K, used 180040K [0x0000000080000000, 0x0000000100000000)
  region size 1024K, 152 young (155648K), 19 survivors (19456K)
 Metaspace       used 70043K, capacity 71823K, committed 72012K, reserved 1112064K
  class space    used 9056K, capacity 9686K, committed 9804K, reserved 1048576K
}
Event: 5.653 GC heap after
{Heap after GC invocations=11 (full 0):
 garbage-first heap   total 260096K, used 55495K [0x0000000080000000, 0x0000000100000000)
  region size 1024K, 12 young (12288K), 12 survivors (12288K)
 Metaspace       used 70043K, capacity 71823K, committed 72012K, reserved 1112064K
  class space    used 9056K, capacity 9686K, committed 9804K, reserved 1048576K
}
Event: 6.530 GC heap before
{Heap before GC invocations=11 (full 0):
 garbage-first heap   total 260096K, used 186567K [0x0000000080000000, 0x0000000100000000)
  region size 1024K, 141 young (144384K), 12 survivors (12288K)
 Metaspace       used 79783K, capacity 81725K, committed 81996K, reserved 1120256K
  class space    used 10319K, capacity 10996K, committed 11084K, reserved 1048576K
}
Event: 6.540 GC heap after
{Heap after GC invocations=12 (full 0):
 garbage-first heap   total 260096K, used 66496K [0x0000000080000000, 0x0000000100000000)
  region size 1024K, 12 young (12288K), 12 survivors (12288K)
 Metaspace       used 79783K, capacity 81725K, committed 81996K, reserved 1120256K
  class space    used 10319K, capacity 10996K, committed 11084K, reserved 1048576K
}
Event: 7.176 GC heap before
{Heap before GC invocations=12 (full 0):
 garbage-first heap   total 260096K, used 191424K [0x0000000080000000, 0x0000000100000000)
  region size 1024K, 135 young (138240K), 12 survivors (12288K)
 Metaspace       used 83494K, capacity 86044K, committed 86092K, reserved 1124352K
  class space    used 10898K, capacity 11830K, committed 11852K, reserved 1048576K
}
Event: 7.186 GC heap after
{Heap after GC invocations=13 (full 0):
 garbage-first heap   total 260096K, used 75457K [0x0000000080000000, 0x0000000100000000)
  region size 1024K, 9 young (9216K), 9 survivors (9216K)
 Metaspace       used 83494K, capacity 86044K, committed 86092K, reserved 1124352K
  class space    used 10898K, capacity 11830K, committed 11852K, reserved 1048576K
}
Event: 7.486 GC heap before
{Heap before GC invocations=13 (full 0):
 garbage-first heap   total 260096K, used 197313K [0x0000000080000000, 0x0000000100000000)
  region size 1024K, 129 young (132096K), 9 survivors (9216K)
 Metaspace       used 84161K, capacity 86733K, committed 86988K, reserved 1124352K
  class space    used 10938K, capacity 11885K, committed 11980K, reserved 1048576K
}
Event: 7.493 GC heap after
{Heap after GC invocations=14 (full 0):
 garbage-first heap   total 260096K, used 81098K [0x0000000080000000, 0x0000000100000000)
  region size 1024K, 15 young (15360K), 15 survivors (15360K)
 Metaspace       used 84161K, capacity 86733K, committed 86988K, reserved 1124352K
  class space    used 10938K, capacity 11885K, committed 11980K, reserved 1048576K
}
Event: 7.953 GC heap before
{Heap before GC invocations=14 (full 0):
 garbage-first heap   total 260096K, used 205002K [0x0000000080000000, 0x0000000100000000)
  region size 1024K, 133 young (136192K), 15 survivors (15360K)
 Metaspace       used 91742K, capacity 95285K, committed 95436K, reserved 1130496K
  class space    used 12251K, capacity 13661K, committed 13772K, reserved 1048576K
}
Event: 7.969 GC heap after
{Heap after GC invocations=15 (full 0):
 garbage-first heap   total 260096K, used 95786K [0x0000000080000000, 0x0000000100000000)
  region size 1024K, 17 young (17408K), 17 survivors (17408K)
 Metaspace       used 91742K, capacity 95285K, committed 95436K, reserved 1130496K
  class space    used 12251K, capacity 13661K, committed 13772K, reserved 1048576K
}
Event: 8.218 GC heap before
{Heap before GC invocations=15 (full 0):
 garbage-first heap   total 260096K, used 164394K [0x0000000080000000, 0x0000000100000000)
  region size 1024K, 85 young (87040K), 17 survivors (17408K)
 Metaspace       used 96604K, capacity 100653K, committed 100812K, reserved 1134592K
  class space    used 13152K, capacity 14764K, committed 14796K, reserved 1048576K
}
Event: 8.238 GC heap after
{Heap after GC invocations=16 (full 0):
 garbage-first heap   total 260096K, used 102021K [0x0000000080000000, 0x0000000100000000)
  region size 1024K, 6 young (6144K), 6 survivors (6144K)
 Metaspace       used 96604K, capacity 100653K, committed 100812K, reserved 1134592K
  class space    used 13152K, capacity 14764K, committed 14796K, reserved 1048576K
}
Event: 8.698 GC heap before
{Heap before GC invocations=17 (full 0):
 garbage-first heap   total 260096K, used 190085K [0x0000000080000000, 0x0000000100000000)
  region size 1024K, 92 young (94208K), 6 survivors (6144K)
 Metaspace       used 97494K, capacity 101200K, committed 102508K, reserved 1136640K
  class space    used 13058K, capacity 14552K, committed 15000K, reserved 1048576K
}

