# JRE version: Java(TM) SE Runtime Environment (15.0.2+7) (build 15.0.2+7-27)
# Java VM: Java HotSpot(TM) 64-Bit Server VM (15.0.2+7-27, mixed mode, sharing, tiered, compressed oops, g1 gc, windows-amd64)
GC Precious Log:
 CPUs: 12 total, 12 available
 Memory: 16225M
 Large Page Support: Disabled
 NUMA Support: Disabled
 Compressed Oops: Enabled (32-bit)
 Heap Region Size: 1M
 Heap Min Capacity: 8M
 Heap Initial Capacity: 254M
 Heap Max Capacity: 2G
 Pre-touch: Disabled
 Parallel Workers: 10
 Concurrent Workers: 3
 Concurrent Refinement Workers: 10
 Periodic GC: Disabled
Heap:
 garbage-first heap   total 244736K, used 112298K [0x0000000080000000, 0x0000000100000000)
  region size 1024K, 1 young (1024K), 1 survivors (1024K)
 Metaspace       used 78591K, capacity 79728K, committed 79824K, reserved 1118208K
  class space    used 10240K, capacity 10586K, committed 10624K, reserved 1048576K
GC Heap History (20 events):
Event: 4.979 GC heap after
{Heap after GC invocations=28 (full 0):
 garbage-first heap   total 115712K, used 59915K [0x0000000080000000, 0x0000000100000000)
  region size 1024K, 3 young (3072K), 3 survivors (3072K)
 Metaspace       used 61362K, capacity 62297K, committed 62416K, reserved 1103872K
  class space    used 8045K, capacity 8310K, committed 8320K, reserved 1048576K
}
Event: 5.179 GC heap before
{Heap before GC invocations=28 (full 0):
 garbage-first heap   total 115712K, used 92683K [0x0000000080000000, 0x0000000100000000)
  region size 1024K, 35 young (35840K), 3 survivors (3072K)
 Metaspace       used 63522K, capacity 64419K, committed 64592K, reserved 1105920K
  class space    used 8370K, capacity 8651K, committed 8704K, reserved 1048576K
}
Event: 5.182 GC heap after
{Heap after GC invocations=29 (full 0):
 garbage-first heap   total 115712K, used 61998K [0x0000000080000000, 0x0000000100000000)
  region size 1024K, 5 young (5120K), 5 survivors (5120K)
 Metaspace       used 63522K, capacity 64419K, committed 64592K, reserved 1105920K
  class space    used 8370K, capacity 8651K, committed 8704K, reserved 1048576K
}
Event: 5.500 GC heap before
{Heap before GC invocations=30 (full 0):
 garbage-first heap   total 115712K, used 93742K [0x0000000080000000, 0x0000000100000000)
  region size 1024K, 36 young (36864K), 5 survivors (5120K)
 Metaspace       used 67975K, capacity 69003K, committed 69072K, reserved 1110016K
  class space    used 8968K, capacity 9286K, committed 9344K, reserved 1048576K
}
Event: 5.504 GC heap after
{Heap after GC invocations=31 (full 0):
 garbage-first heap   total 139264K, used 64319K [0x0000000080000000, 0x0000000100000000)
  region size 1024K, 5 young (5120K), 5 survivors (5120K)
 Metaspace       used 67975K, capacity 69003K, committed 69072K, reserved 1110016K
  class space    used 8968K, capacity 9286K, committed 9344K, reserved 1048576K
}
Event: 5.942 GC heap before
{Heap before GC invocations=31 (full 0):
 garbage-first heap   total 139264K, used 110399K [0x0000000080000000, 0x0000000100000000)
  region size 1024K, 51 young (52224K), 5 survivors (5120K)
 Metaspace       used 71858K, capacity 72874K, committed 73040K, reserved 1112064K
  class space    used 9426K, capacity 9705K, committed 9728K, reserved 1048576K
}
Event: 5.948 GC heap after
{Heap after GC invocations=32 (full 0):
 garbage-first heap   total 139264K, used 70160K [0x0000000080000000, 0x0000000100000000)
  region size 1024K, 7 young (7168K), 7 survivors (7168K)
 Metaspace       used 71858K, capacity 72874K, committed 73040K, reserved 1112064K
  class space    used 9426K, capacity 9705K, committed 9728K, reserved 1048576K
}
Event: 6.246 GC heap before
{Heap before GC invocations=32 (full 0):
 garbage-first heap   total 139264K, used 111120K [0x0000000080000000, 0x0000000100000000)
  region size 1024K, 48 young (49152K), 7 survivors (7168K)
 Metaspace       used 73674K, capacity 74850K, committed 75088K, reserved 1114112K
  class space    used 9754K, capacity 10142K, committed 10240K, reserved 1048576K
}
Event: 6.253 GC heap after
{Heap after GC invocations=33 (full 0):
 garbage-first heap   total 139264K, used 75651K [0x0000000080000000, 0x0000000100000000)
  region size 1024K, 6 young (6144K), 6 survivors (6144K)
 Metaspace       used 73674K, capacity 74850K, committed 75088K, reserved 1114112K
  class space    used 9754K, capacity 10142K, committed 10240K, reserved 1048576K
}
Event: 6.402 GC heap before
{Heap before GC invocations=34 (full 0):
 garbage-first heap   total 147456K, used 111491K [0x0000000080000000, 0x0000000100000000)
  region size 1024K, 42 young (43008K), 6 survivors (6144K)
 Metaspace       used 73896K, capacity 74979K, committed 75088K, reserved 1114112K
  class space    used 9754K, capacity 10142K, committed 10240K, reserved 1048576K
}
Event: 6.406 GC heap after
{Heap after GC invocations=35 (full 0):
 garbage-first heap   total 147456K, used 77766K [0x0000000080000000, 0x0000000100000000)
  region size 1024K, 3 young (3072K), 3 survivors (3072K)
 Metaspace       used 73896K, capacity 74979K, committed 75088K, reserved 1114112K
  class space    used 9754K, capacity 10142K, committed 10240K, reserved 1048576K
}
Event: 6.620 GC heap before
{Heap before GC invocations=35 (full 0):
 garbage-first heap   total 147456K, used 118726K [0x0000000080000000, 0x0000000100000000)
  region size 1024K, 44 young (45056K), 3 survivors (3072K)
 Metaspace       used 75262K, capacity 76393K, committed 76496K, reserved 1116160K
  class space    used 9918K, capacity 10271K, committed 10368K, reserved 1048576K
}
Event: 6.623 GC heap after
{Heap after GC invocations=36 (full 0):
 garbage-first heap   total 177152K, used 80068K [0x0000000080000000, 0x0000000100000000)
  region size 1024K, 5 young (5120K), 5 survivors (5120K)
 Metaspace       used 75262K, capacity 76393K, committed 76496K, reserved 1116160K
  class space    used 9918K, capacity 10271K, committed 10368K, reserved 1048576K
}
Event: 7.279 GC heap before
{Heap before GC invocations=37 (full 0):
 garbage-first heap   total 177152K, used 145604K [0x0000000080000000, 0x0000000100000000)
  region size 1024K, 67 young (68608K), 5 survivors (5120K)
 Metaspace       used 75837K, capacity 76980K, committed 77264K, reserved 1116160K
  class space    used 9938K, capacity 10294K, committed 10368K, reserved 1048576K
}
Event: 7.289 GC heap after
{Heap after GC invocations=38 (full 0):
 garbage-first heap   total 177152K, used 103148K [0x0000000080000000, 0x0000000100000000)
  region size 1024K, 9 young (9216K), 9 survivors (9216K)
 Metaspace       used 75837K, capacity 76980K, committed 77264K, reserved 1116160K
  class space    used 9938K, capacity 10294K, committed 10368K, reserved 1048576K
}
Event: 7.479 GC heap before
{Heap before GC invocations=38 (full 0):
 garbage-first heap   total 177152K, used 119532K [0x0000000080000000, 0x0000000100000000)
  region size 1024K, 26 young (26624K), 9 survivors (9216K)
 Metaspace       used 76214K, capacity 77300K, committed 77520K, reserved 1116160K
  class space    used 9967K, capacity 10294K, committed 10368K, reserved 1048576K
}
Event: 7.485 GC heap after
{Heap after GC invocations=39 (full 0):
 garbage-first heap   total 177152K, used 107998K [0x0000000080000000, 0x0000000100000000)
  region size 1024K, 4 young (4096K), 4 survivors (4096K)
 Metaspace       used 76214K, capacity 77300K, committed 77520K, reserved 1116160K
  class space    used 9967K, capacity 10294K, committed 10368K, reserved 1048576K
}
Event: 7.826 GC heap before
{Heap before GC invocations=40 (full 0):
 garbage-first heap   total 203776K, used 147934K [0x0000000080000000, 0x0000000100000000)
  region size 1024K, 36 young (36864K), 4 survivors (4096K)
 Metaspace       used 78396K, capacity 79517K, committed 79824K, reserved 1118208K
  class space    used 10237K, capacity 10584K, committed 10624K, reserved 1048576K
}
Event: 7.832 GC heap after
{Heap after GC invocations=41 (full 0):
 garbage-first heap   total 203776K, used 111289K [0x0000000080000000, 0x0000000100000000)
  region size 1024K, 5 young (5120K), 5 survivors (5120K)
 Metaspace       used 78396K, capacity 79517K, committed 79824K, reserved 1118208K
  class space    used 10237K, capacity 10584K, committed 10624K, reserved 1048576K
}
Event: 8.045 GC heap before
{Heap before GC invocations=41 (full 0):
 garbage-first heap   total 203776K, used 159417K [0x0000000080000000, 0x0000000100000000)
  region size 1024K, 52 young (53248K), 5 survivors (5120K)
 Metaspace       used 78591K, capacity 79728K, committed 79824K, reserved 1118208K
  class space    used 10240K, capacity 10586K, committed 10624K, reserved 1048576K
}

