# JRE version: Java(TM) SE Runtime Environment (15.0.2+7) (build 15.0.2+7-27)
# Java VM: Java HotSpot(TM) 64-Bit Server VM (15.0.2+7-27, mixed mode, sharing, tiered, compressed oops, g1 gc, windows-amd64)
GC Precious Log:
 CPUs: 12 total, 12 available
 Memory: 16225M
 Large Page Support: Disabled
 NUMA Support: Disabled
 Compressed Oops: Enabled (32-bit)
 Heap Region Size: 1M
 Heap Min Capacity: 8M
 Heap Initial Capacity: 254M
 Heap Max Capacity: 2G
 Pre-touch: Disabled
 Parallel Workers: 10
 Concurrent Workers: 3
 Concurrent Refinement Workers: 10
 Periodic GC: Disabled
Heap:
 garbage-first heap   total 240640K, used 165928K [0x0000000080000000, 0x0000000100000000)
  region size 1024K, 38 young (38912K), 8 survivors (8192K)
 Metaspace       used 111982K, capacity 113357K, committed 113488K, reserved 1148928K
  class space    used 14643K, capacity 15051K, committed 15104K, reserved 1048576K
GC Heap History (20 events):
Event: 50.984 GC heap before
{Heap before GC invocations=47 (full 0):
 garbage-first heap   total 224256K, used 176128K [0x0000000080000000, 0x0000000100000000)
  region size 1024K, 55 young (56320K), 8 survivors (8192K)
 Metaspace       used 90747K, capacity 92071K, committed 92240K, reserved 1130496K
  class space    used 11359K, capacity 11721K, committed 11776K, reserved 1048576K
}
Event: 50.990 GC heap after
{Heap after GC invocations=48 (full 0):
 garbage-first heap   total 224256K, used 131184K [0x0000000080000000, 0x0000000100000000)
  region size 1024K, 4 young (4096K), 4 survivors (4096K)
 Metaspace       used 90747K, capacity 92071K, committed 92240K, reserved 1130496K
  class space    used 11359K, capacity 11721K, committed 11776K, reserved 1048576K
}
Event: 51.009 GC heap before
{Heap before GC invocations=48 (full 0):
 garbage-first heap   total 224256K, used 136304K [0x0000000080000000, 0x0000000100000000)
  region size 1024K, 10 young (10240K), 4 survivors (4096K)
 Metaspace       used 90789K, capacity 92071K, committed 92240K, reserved 1130496K
  class space    used 11359K, capacity 11721K, committed 11776K, reserved 1048576K
}
Event: 51.019 GC heap after
{Heap after GC invocations=49 (full 0):
 garbage-first heap   total 224256K, used 120075K [0x0000000080000000, 0x0000000100000000)
  region size 1024K, 2 young (2048K), 2 survivors (2048K)
 Metaspace       used 90789K, capacity 92071K, committed 92240K, reserved 1130496K
  class space    used 11359K, capacity 11721K, committed 11776K, reserved 1048576K
}
Event: 51.217 GC heap before
{Heap before GC invocations=49 (full 0):
 garbage-first heap   total 224256K, used 150795K [0x0000000080000000, 0x0000000100000000)
  region size 1024K, 34 young (34816K), 2 survivors (2048K)
 Metaspace       used 91278K, capacity 92627K, committed 92880K, reserved 1130496K
  class space    used 11404K, capacity 11820K, committed 11904K, reserved 1048576K
}
Event: 51.221 GC heap after
{Heap after GC invocations=50 (full 0):
 garbage-first heap   total 224256K, used 122694K [0x0000000080000000, 0x0000000100000000)
  region size 1024K, 5 young (5120K), 5 survivors (5120K)
 Metaspace       used 91278K, capacity 92627K, committed 92880K, reserved 1130496K
  class space    used 11404K, capacity 11820K, committed 11904K, reserved 1048576K
}
Event: 51.480 GC heap before
{Heap before GC invocations=51 (full 0):
 garbage-first heap   total 224256K, used 176966K [0x0000000080000000, 0x0000000100000000)
  region size 1024K, 59 young (60416K), 5 survivors (5120K)
 Metaspace       used 95918K, capacity 97285K, committed 97488K, reserved 1134592K
  class space    used 12153K, capacity 12546K, committed 12672K, reserved 1048576K
}
Event: 51.488 GC heap after
{Heap after GC invocations=52 (full 0):
 garbage-first heap   total 224256K, used 127087K [0x0000000080000000, 0x0000000100000000)
  region size 1024K, 8 young (8192K), 8 survivors (8192K)
 Metaspace       used 95918K, capacity 97285K, committed 97488K, reserved 1134592K
  class space    used 12153K, capacity 12546K, committed 12672K, reserved 1048576K
}
Event: 51.492 GC heap before
{Heap before GC invocations=52 (full 0):
 garbage-first heap   total 224256K, used 129135K [0x0000000080000000, 0x0000000100000000)
  region size 1024K, 10 young (10240K), 8 survivors (8192K)
 Metaspace       used 96012K, capacity 97396K, committed 97488K, reserved 1134592K
  class space    used 12175K, capacity 12583K, committed 12672K, reserved 1048576K
}
Event: 51.501 GC heap after
{Heap after GC invocations=53 (full 0):
 garbage-first heap   total 224256K, used 112235K [0x0000000080000000, 0x0000000100000000)
  region size 1024K, 2 young (2048K), 2 survivors (2048K)
 Metaspace       used 96012K, capacity 97396K, committed 97488K, reserved 1134592K
  class space    used 12175K, capacity 12583K, committed 12672K, reserved 1048576K
}
Event: 51.707 GC heap before
{Heap before GC invocations=53 (full 0):
 garbage-first heap   total 224256K, used 174699K [0x0000000080000000, 0x0000000100000000)
  region size 1024K, 63 young (64512K), 2 survivors (2048K)
 Metaspace       used 102363K, capacity 103827K, committed 104144K, reserved 1140736K
  class space    used 13451K, capacity 13873K, committed 13952K, reserved 1048576K
}
Event: 51.714 GC heap after
{Heap after GC invocations=54 (full 0):
 garbage-first heap   total 224256K, used 118369K [0x0000000080000000, 0x0000000100000000)
  region size 1024K, 8 young (8192K), 8 survivors (8192K)
 Metaspace       used 102363K, capacity 103827K, committed 104144K, reserved 1140736K
  class space    used 13451K, capacity 13873K, committed 13952K, reserved 1048576K
}
Event: 51.950 GC heap before
{Heap before GC invocations=55 (full 0):
 garbage-first heap   total 240640K, used 174689K [0x0000000080000000, 0x0000000100000000)
  region size 1024K, 66 young (67584K), 8 survivors (8192K)
 Metaspace       used 104095K, capacity 105535K, committed 105936K, reserved 1140736K
  class space    used 13684K, capacity 14105K, committed 14208K, reserved 1048576K
}
Event: 51.957 GC heap after
{Heap after GC invocations=56 (full 0):
 garbage-first heap   total 240640K, used 118494K [0x0000000080000000, 0x0000000100000000)
  region size 1024K, 3 young (3072K), 3 survivors (3072K)
 Metaspace       used 104095K, capacity 105535K, committed 105936K, reserved 1140736K
  class space    used 13684K, capacity 14105K, committed 14208K, reserved 1048576K
}
Event: 52.364 GC heap before
{Heap before GC invocations=56 (full 0):
 garbage-first heap   total 240640K, used 191198K [0x0000000080000000, 0x0000000100000000)
  region size 1024K, 74 young (75776K), 3 survivors (3072K)
 Metaspace       used 104705K, capacity 106152K, committed 106448K, reserved 1142784K
  class space    used 13709K, capacity 14139K, committed 14208K, reserved 1048576K
}
Event: 52.366 GC heap after
{Heap after GC invocations=57 (full 0):
 garbage-first heap   total 240640K, used 117257K [0x0000000080000000, 0x0000000100000000)
  region size 1024K, 2 young (2048K), 2 survivors (2048K)
 Metaspace       used 104705K, capacity 106152K, committed 106448K, reserved 1142784K
  class space    used 13709K, capacity 14139K, committed 14208K, reserved 1048576K
}
Event: 53.087 GC heap before
{Heap before GC invocations=57 (full 0):
 garbage-first heap   total 240640K, used 196105K [0x0000000080000000, 0x0000000100000000)
  region size 1024K, 78 young (79872K), 2 survivors (2048K)
 Metaspace       used 109557K, capacity 111030K, committed 111184K, reserved 1146880K
  class space    used 14380K, capacity 14833K, committed 14848K, reserved 1048576K
}
Event: 53.092 GC heap after
{Heap after GC invocations=58 (full 0):
 garbage-first heap   total 240640K, used 121649K [0x0000000080000000, 0x0000000100000000)
  region size 1024K, 5 young (5120K), 5 survivors (5120K)
 Metaspace       used 109557K, capacity 111030K, committed 111184K, reserved 1146880K
  class space    used 14380K, capacity 14833K, committed 14848K, reserved 1048576K
}
Event: 53.361 GC heap before
{Heap before GC invocations=58 (full 0):
 garbage-first heap   total 240640K, used 162609K [0x0000000080000000, 0x0000000100000000)
  region size 1024K, 33 young (33792K), 5 survivors (5120K)
 Metaspace       used 111463K, capacity 112924K, committed 113232K, reserved 1146880K
  class space    used 14613K, capacity 15045K, committed 15104K, reserved 1048576K
}
Event: 53.366 GC heap after
{Heap after GC invocations=59 (full 0):
 garbage-first heap   total 240640K, used 136232K [0x0000000080000000, 0x0000000100000000)
  region size 1024K, 8 young (8192K), 8 survivors (8192K)
 Metaspace       used 111463K, capacity 112924K, committed 113232K, reserved 1146880K
  class space    used 14613K, capacity 15045K, committed 15104K, reserved 1048576K
}

