# JRE version: Java(TM) SE Runtime Environment (15.0.2+7) (build 15.0.2+7-27)
# Java VM: Java HotSpot(TM) 64-Bit Server VM (15.0.2+7-27, mixed mode, sharing, tiered, compressed oops, g1 gc, windows-amd64)
GC Precious Log:
 CPUs: 12 total, 12 available
 Memory: 16225M
 Large Page Support: Disabled
 NUMA Support: Disabled
 Compressed Oops: Enabled (32-bit)
 Heap Region Size: 1M
 Heap Min Capacity: 8M
 Heap Initial Capacity: 254M
 Heap Max Capacity: 2G
 Pre-touch: Disabled
 Parallel Workers: 10
 Concurrent Workers: 3
 Concurrent Refinement Workers: 10
 Periodic GC: Disabled
Heap:
 garbage-first heap   total 135168K, used 78946K [0x0000000080000000, 0x0000000100000000)
  region size 1024K, 5 young (5120K), 2 survivors (2048K)
 Metaspace       used 73848K, capacity 75026K, committed 75312K, reserved 1114112K
  class space    used 9702K, capacity 10072K, committed 10112K, reserved 1048576K
GC Heap History (20 events):
Event: 14.787 GC heap before
{Heap before GC invocations=19 (full 0):
 garbage-first heap   total 96256K, used 72798K [0x0000000080000000, 0x0000000100000000)
  region size 1024K, 21 young (21504K), 3 survivors (3072K)
 Metaspace       used 55566K, capacity 56466K, committed 56496K, reserved 1097728K
  class space    used 7152K, capacity 7396K, committed 7424K, reserved 1048576K
}
Event: 14.792 GC heap after
{Heap after GC invocations=20 (full 0):
 garbage-first heap   total 96256K, used 54823K [0x0000000080000000, 0x0000000100000000)
  region size 1024K, 3 young (3072K), 3 survivors (3072K)
 Metaspace       used 55566K, capacity 56466K, committed 56496K, reserved 1097728K
  class space    used 7152K, capacity 7396K, committed 7424K, reserved 1048576K
}
Event: 15.435 GC heap before
{Heap before GC invocations=20 (full 0):
 garbage-first heap   total 96256K, used 77351K [0x0000000080000000, 0x0000000100000000)
  region size 1024K, 25 young (25600K), 3 survivors (3072K)
 Metaspace       used 56730K, capacity 57618K, committed 57776K, reserved 1099776K
  class space    used 7295K, capacity 7566K, committed 7680K, reserved 1048576K
}
Event: 15.442 GC heap after
{Heap after GC invocations=21 (full 0):
 garbage-first heap   total 96256K, used 57255K [0x0000000080000000, 0x0000000100000000)
  region size 1024K, 4 young (4096K), 4 survivors (4096K)
 Metaspace       used 56730K, capacity 57618K, committed 57776K, reserved 1099776K
  class space    used 7295K, capacity 7566K, committed 7680K, reserved 1048576K
}
Event: 16.532 GC heap before
{Heap before GC invocations=22 (full 0):
 garbage-first heap   total 97280K, used 78759K [0x0000000080000000, 0x0000000100000000)
  region size 1024K, 25 young (25600K), 4 survivors (4096K)
 Metaspace       used 59648K, capacity 60530K, committed 60848K, reserved 1101824K
  class space    used 7819K, capacity 8110K, committed 8192K, reserved 1048576K
}
Event: 16.538 GC heap after
{Heap after GC invocations=23 (full 0):
 garbage-first heap   total 97280K, used 58805K [0x0000000080000000, 0x0000000100000000)
  region size 1024K, 2 young (2048K), 2 survivors (2048K)
 Metaspace       used 59648K, capacity 60530K, committed 60848K, reserved 1101824K
  class space    used 7819K, capacity 8110K, committed 8192K, reserved 1048576K
}
Event: 16.790 GC heap before
{Heap before GC invocations=23 (full 0):
 garbage-first heap   total 97280K, used 80309K [0x0000000080000000, 0x0000000100000000)
  region size 1024K, 23 young (23552K), 2 survivors (2048K)
 Metaspace       used 61454K, capacity 62387K, committed 62640K, reserved 1103872K
  class space    used 8062K, capacity 8340K, committed 8448K, reserved 1048576K
}
Event: 16.797 GC heap after
{Heap after GC invocations=24 (full 0):
 garbage-first heap   total 97280K, used 60494K [0x0000000080000000, 0x0000000100000000)
  region size 1024K, 3 young (3072K), 3 survivors (3072K)
 Metaspace       used 61454K, capacity 62387K, committed 62640K, reserved 1103872K
  class space    used 8062K, capacity 8340K, committed 8448K, reserved 1048576K
}
Event: 16.961 GC heap before
{Heap before GC invocations=25 (full 0):
 garbage-first heap   total 121856K, used 79950K [0x0000000080000000, 0x0000000100000000)
  region size 1024K, 22 young (22528K), 3 survivors (3072K)
 Metaspace       used 61873K, capacity 62707K, committed 62896K, reserved 1103872K
  class space    used 8118K, capacity 8382K, committed 8448K, reserved 1048576K
}
Event: 16.967 GC heap after
{Heap after GC invocations=26 (full 0):
 garbage-first heap   total 121856K, used 62107K [0x0000000080000000, 0x0000000100000000)
  region size 1024K, 2 young (2048K), 2 survivors (2048K)
 Metaspace       used 61873K, capacity 62707K, committed 62896K, reserved 1103872K
  class space    used 8118K, capacity 8382K, committed 8448K, reserved 1048576K
}
Event: 17.598 GC heap before
{Heap before GC invocations=26 (full 0):
 garbage-first heap   total 121856K, used 98971K [0x0000000080000000, 0x0000000100000000)
  region size 1024K, 38 young (38912K), 2 survivors (2048K)
 Metaspace       used 65722K, capacity 66691K, committed 66864K, reserved 1107968K
  class space    used 8697K, capacity 8992K, committed 9088K, reserved 1048576K
}
Event: 17.605 GC heap after
{Heap after GC invocations=27 (full 0):
 garbage-first heap   total 121856K, used 64593K [0x0000000080000000, 0x0000000100000000)
  region size 1024K, 5 young (5120K), 5 survivors (5120K)
 Metaspace       used 65722K, capacity 66691K, committed 66864K, reserved 1107968K
  class space    used 8697K, capacity 8992K, committed 9088K, reserved 1048576K
}
Event: 18.202 GC heap before
{Heap before GC invocations=28 (full 0):
 garbage-first heap   total 121856K, used 99409K [0x0000000080000000, 0x0000000100000000)
  region size 1024K, 39 young (39936K), 5 survivors (5120K)
 Metaspace       used 69173K, capacity 70258K, committed 70320K, reserved 1110016K
  class space    used 9114K, capacity 9427K, committed 9472K, reserved 1048576K
}
Event: 18.210 GC heap after
{Heap after GC invocations=29 (full 0):
 garbage-first heap   total 121856K, used 67291K [0x0000000080000000, 0x0000000100000000)
  region size 1024K, 5 young (5120K), 5 survivors (5120K)
 Metaspace       used 69173K, capacity 70258K, committed 70320K, reserved 1110016K
  class space    used 9114K, capacity 9427K, committed 9472K, reserved 1048576K
}
Event: 19.840 GC heap before
{Heap before GC invocations=29 (full 0):
 garbage-first heap   total 121856K, used 100059K [0x0000000080000000, 0x0000000100000000)
  region size 1024K, 38 young (38912K), 5 survivors (5120K)
 Metaspace       used 72410K, capacity 73480K, committed 73520K, reserved 1114112K
  class space    used 9484K, capacity 9838K, committed 9856K, reserved 1048576K
}
Event: 19.853 GC heap after
{Heap after GC invocations=30 (full 0):
 garbage-first heap   total 121856K, used 72763K [0x0000000080000000, 0x0000000100000000)
  region size 1024K, 5 young (5120K), 5 survivors (5120K)
 Metaspace       used 72410K, capacity 73480K, committed 73520K, reserved 1114112K
  class space    used 9484K, capacity 9838K, committed 9856K, reserved 1048576K
}
Event: 20.339 GC heap before
{Heap before GC invocations=31 (full 0):
 garbage-first heap   total 124928K, used 97339K [0x0000000080000000, 0x0000000100000000)
  region size 1024K, 30 young (30720K), 5 survivors (5120K)
 Metaspace       used 73611K, capacity 74731K, committed 75056K, reserved 1114112K
  class space    used 9698K, capacity 10038K, committed 10112K, reserved 1048576K
}
Event: 20.361 GC heap after
{Heap after GC invocations=32 (full 0):
 garbage-first heap   total 124928K, used 75438K [0x0000000080000000, 0x0000000100000000)
  region size 1024K, 4 young (4096K), 4 survivors (4096K)
 Metaspace       used 73611K, capacity 74731K, committed 75056K, reserved 1114112K
  class space    used 9698K, capacity 10038K, committed 10112K, reserved 1048576K
}
Event: 20.919 GC heap before
{Heap before GC invocations=32 (full 0):
 garbage-first heap   total 124928K, used 100014K [0x0000000080000000, 0x0000000100000000)
  region size 1024K, 29 young (29696K), 4 survivors (4096K)
 Metaspace       used 73820K, capacity 74962K, committed 75056K, reserved 1114112K
  class space    used 9702K, capacity 10072K, committed 10112K, reserved 1048576K
}
Event: 20.931 GC heap after
{Heap after GC invocations=33 (full 0):
 garbage-first heap   total 124928K, used 76898K [0x0000000080000000, 0x0000000100000000)
  region size 1024K, 2 young (2048K), 2 survivors (2048K)
 Metaspace       used 73820K, capacity 74962K, committed 75056K, reserved 1114112K
  class space    used 9702K, capacity 10072K, committed 10112K, reserved 1048576K
}

