# JRE version: OpenJDK Runtime Environment (11.0.10) (build 11.0.10+0-b96-7249189)
# Java VM: OpenJDK 64-Bit Server VM (11.0.10+0-b96-7249189, mixed mode, tiered, compressed oops, g1 gc, windows-amd64)
Heap:
 garbage-first heap   total 457728K, used 226057K [0x0000000080000000, 0x0000000100000000)
  region size 1024K, 7 young (7168K), 7 survivors (7168K)
 Metaspace       used 97059K, capacity 99898K, committed 103440K, reserved 1138688K
  class space    used 12691K, capacity 13764K, committed 15152K, reserved 1048576K
GC Heap History (20 events):
Event: 7.840 GC heap after
{Heap after GC invocations=13 (full 0):
 garbage-first heap   total 260096K, used 82130K [0x0000000080000000, 0x0000000100000000)
  region size 1024K, 15 young (15360K), 15 survivors (15360K)
 Metaspace       used 84125K, capacity 86658K, committed 86988K, reserved 1124352K
  class space    used 10931K, capacity 11881K, committed 11980K, reserved 1048576K
}
Event: 8.286 GC heap before
{Heap before GC invocations=13 (full 0):
 garbage-first heap   total 260096K, used 239826K [0x0000000080000000, 0x0000000100000000)
  region size 1024K, 136 young (139264K), 15 survivors (15360K)
 Metaspace       used 91448K, capacity 94660K, committed 94796K, reserved 1130496K
  class space    used 12077K, capacity 13301K, committed 13388K, reserved 1048576K
}
Event: 8.306 GC heap after
{Heap after GC invocations=14 (full 0):
 garbage-first heap   total 282624K, used 128626K [0x0000000080000000, 0x0000000100000000)
  region size 1024K, 17 young (17408K), 17 survivors (17408K)
 Metaspace       used 91448K, capacity 94660K, committed 94796K, reserved 1130496K
  class space    used 12077K, capacity 13301K, committed 13388K, reserved 1048576K
}
Event: 8.568 GC heap before
{Heap before GC invocations=14 (full 0):
 garbage-first heap   total 282624K, used 219762K [0x0000000080000000, 0x0000000100000000)
  region size 1024K, 105 young (107520K), 17 survivors (17408K)
 Metaspace       used 96838K, capacity 100841K, committed 101036K, reserved 1136640K
  class space    used 13148K, capacity 14723K, committed 14796K, reserved 1048576K
}
Event: 8.593 GC heap after
{Heap after GC invocations=15 (full 0):
 garbage-first heap   total 282624K, used 150213K [0x0000000080000000, 0x0000000100000000)
  region size 1024K, 14 young (14336K), 14 survivors (14336K)
 Metaspace       used 96838K, capacity 100841K, committed 101036K, reserved 1136640K
  class space    used 13148K, capacity 14723K, committed 14796K, reserved 1048576K
}
Event: 8.604 GC heap before
{Heap before GC invocations=15 (full 0):
 garbage-first heap   total 282624K, used 153285K [0x0000000080000000, 0x0000000100000000)
  region size 1024K, 18 young (18432K), 14 survivors (14336K)
 Metaspace       used 96964K, capacity 100951K, committed 101036K, reserved 1136640K
  class space    used 13171K, capacity 14760K, committed 14796K, reserved 1048576K
}
Event: 8.617 GC heap after
{Heap after GC invocations=16 (full 0):
 garbage-first heap   total 282624K, used 154888K [0x0000000080000000, 0x0000000100000000)
  region size 1024K, 3 young (3072K), 3 survivors (3072K)
 Metaspace       used 96964K, capacity 100951K, committed 101036K, reserved 1136640K
  class space    used 13171K, capacity 14760K, committed 14796K, reserved 1048576K
}
Event: 8.803 GC heap before
{Heap before GC invocations=16 (full 0):
 garbage-first heap   total 282624K, used 198920K [0x0000000080000000, 0x0000000100000000)
  region size 1024K, 47 young (48128K), 3 survivors (3072K)
 Metaspace       used 96666K, capacity 99838K, committed 102288K, reserved 1136640K
  class space    used 12938K, capacity 14187K, committed 15024K, reserved 1048576K
}
Event: 8.810 GC heap after
{Heap after GC invocations=17 (full 0):
 garbage-first heap   total 282624K, used 161356K [0x0000000080000000, 0x0000000100000000)
  region size 1024K, 6 young (6144K), 6 survivors (6144K)
 Metaspace       used 96666K, capacity 99838K, committed 102288K, reserved 1136640K
  class space    used 12938K, capacity 14187K, committed 15024K, reserved 1048576K
}
Event: 8.910 GC heap before
{Heap before GC invocations=18 (full 0):
 garbage-first heap   total 282624K, used 206412K [0x0000000080000000, 0x0000000100000000)
  region size 1024K, 51 young (52224K), 6 survivors (6144K)
 Metaspace       used 96749K, capacity 100001K, committed 102416K, reserved 1136640K
  class space    used 12941K, capacity 14219K, committed 15152K, reserved 1048576K
}
Event: 8.932 GC heap after
{Heap after GC invocations=19 (full 0):
 garbage-first heap   total 282624K, used 172955K [0x0000000080000000, 0x0000000100000000)
  region size 1024K, 7 young (7168K), 7 survivors (7168K)
 Metaspace       used 96749K, capacity 100001K, committed 102416K, reserved 1136640K
  class space    used 12941K, capacity 14219K, committed 15152K, reserved 1048576K
}
Event: 9.091 GC heap before
{Heap before GC invocations=19 (full 0):
 garbage-first heap   total 282624K, used 212891K [0x0000000080000000, 0x0000000100000000)
  region size 1024K, 47 young (48128K), 7 survivors (7168K)
 Metaspace       used 95950K, capacity 98651K, committed 102672K, reserved 1136640K
  class space    used 12613K, capacity 13629K, committed 15152K, reserved 1048576K
}
Event: 9.103 GC heap after
{Heap after GC invocations=20 (full 0):
 garbage-first heap   total 339968K, used 184320K [0x0000000080000000, 0x0000000100000000)
  region size 1024K, 6 young (6144K), 6 survivors (6144K)
 Metaspace       used 95950K, capacity 98651K, committed 102672K, reserved 1136640K
  class space    used 12613K, capacity 13629K, committed 15152K, reserved 1048576K
}
Event: 9.240 GC heap before
{Heap before GC invocations=21 (full 0):
 garbage-first heap   total 339968K, used 245760K [0x0000000080000000, 0x0000000100000000)
  region size 1024K, 67 young (68608K), 6 survivors (6144K)
 Metaspace       used 96077K, capacity 98796K, committed 102672K, reserved 1136640K
  class space    used 12614K, capacity 13630K, committed 15152K, reserved 1048576K
}
Event: 9.257 GC heap after
{Heap after GC invocations=22 (full 0):
 garbage-first heap   total 339968K, used 207872K [0x0000000080000000, 0x0000000100000000)
  region size 1024K, 9 young (9216K), 9 survivors (9216K)
 Metaspace       used 96077K, capacity 98796K, committed 102672K, reserved 1136640K
  class space    used 12614K, capacity 13630K, committed 15152K, reserved 1048576K
}
Event: 9.391 GC heap before
{Heap before GC invocations=22 (full 0):
 garbage-first heap   total 339968K, used 257024K [0x0000000080000000, 0x0000000100000000)
  region size 1024K, 58 young (59392K), 9 survivors (9216K)
 Metaspace       used 96480K, capacity 99219K, committed 103184K, reserved 1136640K
  class space    used 12634K, capacity 13680K, committed 15152K, reserved 1048576K
}
Event: 9.409 GC heap after
{Heap after GC invocations=23 (full 0):
 garbage-first heap   total 339968K, used 226646K [0x0000000080000000, 0x0000000100000000)
  region size 1024K, 8 young (8192K), 8 survivors (8192K)
 Metaspace       used 96480K, capacity 99219K, committed 103184K, reserved 1136640K
  class space    used 12634K, capacity 13680K, committed 15152K, reserved 1048576K
}
Event: 9.623 GC heap before
{Heap before GC invocations=23 (full 0):
 garbage-first heap   total 339968K, used 253270K [0x0000000080000000, 0x0000000100000000)
  region size 1024K, 48 young (49152K), 8 survivors (8192K)
 Metaspace       used 96940K, capacity 99749K, committed 103440K, reserved 1138688K
  class space    used 12685K, capacity 13759K, committed 15152K, reserved 1048576K
}
Event: 9.636 GC heap after
{Heap after GC invocations=24 (full 0):
 garbage-first heap   total 339968K, used 220524K [0x0000000080000000, 0x0000000100000000)
  region size 1024K, 6 young (6144K), 6 survivors (6144K)
 Metaspace       used 96940K, capacity 99749K, committed 103440K, reserved 1138688K
  class space    used 12685K, capacity 13759K, committed 15152K, reserved 1048576K
}
Event: 9.735 GC heap before
{Heap before GC invocations=25 (full 0):
 garbage-first heap   total 339968K, used 265580K [0x0000000080000000, 0x0000000100000000)
  region size 1024K, 51 young (52224K), 6 survivors (6144K)
 Metaspace       used 97059K, capacity 99898K, committed 103440K, reserved 1138688K
  class space    used 12691K, capacity 13764K, committed 15152K, reserved 1048576K
}

