# JRE version: OpenJDK Runtime Environment (11.0.10) (build 11.0.10+0-b96-7249189)
# Java VM: OpenJDK 64-Bit Server VM (11.0.10+0-b96-7249189, mixed mode, tiered, compressed oops, g1 gc, windows-amd64)
Heap:
 garbage-first heap   total 261120K, used 155951K [0x0000000080000000, 0x0000000100000000)
  region size 1024K, 22 young (22528K), 6 survivors (6144K)
 Metaspace       used 105110K, capacity 107780K, committed 107980K, reserved 1142784K
  class space    used 13669K, capacity 14682K, committed 14796K, reserved 1048576K
GC Heap History (20 events):
Event: 7.524 GC heap before
{Heap before GC invocations=6 (full 0):
 garbage-first heap   total 260096K, used 138256K [0x0000000080000000, 0x0000000100000000)
  region size 1024K, 117 young (119808K), 6 survivors (6144K)
 Metaspace       used 44144K, capacity 45101K, committed 45260K, reserved 1089536K
  class space    used 5662K, capacity 6004K, committed 6092K, reserved 1048576K
}
Event: 7.538 GC heap after
{Heap after GC invocations=7 (full 0):
 garbage-first heap   total 260096K, used 28793K [0x0000000080000000, 0x0000000100000000)
  region size 1024K, 13 young (13312K), 13 survivors (13312K)
 Metaspace       used 44144K, capacity 45101K, committed 45260K, reserved 1089536K
  class space    used 5662K, capacity 6004K, committed 6092K, reserved 1048576K
}
Event: 11.251 GC heap before
{Heap before GC invocations=7 (full 0):
 garbage-first heap   total 260096K, used 173177K [0x0000000080000000, 0x0000000100000000)
  region size 1024K, 152 young (155648K), 13 survivors (13312K)
 Metaspace       used 58631K, capacity 60137K, committed 60236K, reserved 1101824K
  class space    used 7412K, capacity 7946K, committed 8012K, reserved 1048576K
}
Event: 11.303 GC heap after
{Heap after GC invocations=8 (full 0):
 garbage-first heap   total 260096K, used 44744K [0x0000000080000000, 0x0000000100000000)
  region size 1024K, 19 young (19456K), 19 survivors (19456K)
 Metaspace       used 58631K, capacity 60137K, committed 60236K, reserved 1101824K
  class space    used 7412K, capacity 7946K, committed 8012K, reserved 1048576K
}
Event: 13.795 GC heap before
{Heap before GC invocations=9 (full 0):
 garbage-first heap   total 260096K, used 180936K [0x0000000080000000, 0x0000000100000000)
  region size 1024K, 152 young (155648K), 19 survivors (19456K)
 Metaspace       used 70071K, capacity 71692K, committed 71884K, reserved 1112064K
  class space    used 9038K, capacity 9641K, committed 9676K, reserved 1048576K
}
Event: 13.822 GC heap after
{Heap after GC invocations=10 (full 0):
 garbage-first heap   total 260096K, used 55593K [0x0000000080000000, 0x0000000100000000)
  region size 1024K, 11 young (11264K), 11 survivors (11264K)
 Metaspace       used 70071K, capacity 71692K, committed 71884K, reserved 1112064K
  class space    used 9038K, capacity 9641K, committed 9676K, reserved 1048576K
}
Event: 16.533 GC heap before
{Heap before GC invocations=10 (full 0):
 garbage-first heap   total 260096K, used 191785K [0x0000000080000000, 0x0000000100000000)
  region size 1024K, 145 young (148480K), 11 survivors (11264K)
 Metaspace       used 80198K, capacity 82157K, committed 82252K, reserved 1120256K
  class space    used 10374K, capacity 11068K, committed 11084K, reserved 1048576K
}
Event: 16.561 GC heap after
{Heap after GC invocations=11 (full 0):
 garbage-first heap   total 260096K, used 67473K [0x0000000080000000, 0x0000000100000000)
  region size 1024K, 12 young (12288K), 12 survivors (12288K)
 Metaspace       used 80198K, capacity 82157K, committed 82252K, reserved 1120256K
  class space    used 10374K, capacity 11068K, committed 11084K, reserved 1048576K
}
Event: 18.827 GC heap before
{Heap before GC invocations=11 (full 0):
 garbage-first heap   total 260096K, used 198545K [0x0000000080000000, 0x0000000100000000)
  region size 1024K, 139 young (142336K), 12 survivors (12288K)
 Metaspace       used 83783K, capacity 86259K, committed 86348K, reserved 1124352K
  class space    used 10896K, capacity 11830K, committed 11852K, reserved 1048576K
}
Event: 18.853 GC heap after
{Heap after GC invocations=12 (full 0):
 garbage-first heap   total 260096K, used 85249K [0x0000000080000000, 0x0000000100000000)
  region size 1024K, 16 young (16384K), 16 survivors (16384K)
 Metaspace       used 83783K, capacity 86259K, committed 86348K, reserved 1124352K
  class space    used 10896K, capacity 11830K, committed 11852K, reserved 1048576K
}
Event: 21.298 GC heap before
{Heap before GC invocations=12 (full 0):
 garbage-first heap   total 260096K, used 215297K [0x0000000080000000, 0x0000000100000000)
  region size 1024K, 127 young (130048K), 16 survivors (16384K)
 Metaspace       used 88675K, capacity 91183K, committed 91212K, reserved 1128448K
  class space    used 11427K, capacity 12348K, committed 12364K, reserved 1048576K
}
Event: 21.314 GC heap after
{Heap after GC invocations=13 (full 0):
 garbage-first heap   total 260096K, used 79547K [0x0000000080000000, 0x0000000100000000)
  region size 1024K, 4 young (4096K), 4 survivors (4096K)
 Metaspace       used 88675K, capacity 91183K, committed 91212K, reserved 1128448K
  class space    used 11427K, capacity 12348K, committed 12364K, reserved 1048576K
}
Event: 22.861 GC heap before
{Heap before GC invocations=13 (full 0):
 garbage-first heap   total 260096K, used 201403K [0x0000000080000000, 0x0000000100000000)
  region size 1024K, 124 young (126976K), 4 survivors (4096K)
 Metaspace       used 91484K, capacity 94043K, committed 94156K, reserved 1130496K
  class space    used 11775K, capacity 12715K, committed 12748K, reserved 1048576K
}
Event: 22.875 GC heap after
{Heap after GC invocations=14 (full 0):
 garbage-first heap   total 260096K, used 84395K [0x0000000080000000, 0x0000000100000000)
  region size 1024K, 8 young (8192K), 8 survivors (8192K)
 Metaspace       used 91484K, capacity 94043K, committed 94156K, reserved 1130496K
  class space    used 11775K, capacity 12715K, committed 12748K, reserved 1048576K
}
Event: 24.076 GC heap before
{Heap before GC invocations=14 (full 0):
 garbage-first heap   total 260096K, used 163243K [0x0000000080000000, 0x0000000100000000)
  region size 1024K, 87 young (89088K), 8 survivors (8192K)
 Metaspace       used 98119K, capacity 100698K, committed 100812K, reserved 1136640K
  class space    used 12680K, capacity 13659K, committed 13772K, reserved 1048576K
}
Event: 24.101 GC heap after
{Heap after GC invocations=15 (full 0):
 garbage-first heap   total 260096K, used 88630K [0x0000000080000000, 0x0000000100000000)
  region size 1024K, 13 young (13312K), 13 survivors (13312K)
 Metaspace       used 98119K, capacity 100698K, committed 100812K, reserved 1136640K
  class space    used 12680K, capacity 13659K, committed 13772K, reserved 1048576K
}
Event: 27.396 GC heap before
{Heap before GC invocations=16 (full 0):
 garbage-first heap   total 260096K, used 223798K [0x0000000080000000, 0x0000000100000000)
  region size 1024K, 116 young (118784K), 13 survivors (13312K)
 Metaspace       used 105075K, capacity 107676K, committed 107852K, reserved 1142784K
  class space    used 13660K, capacity 14647K, committed 14668K, reserved 1048576K
}
Event: 27.506 GC heap after
{Heap after GC invocations=17 (full 0):
 garbage-first heap   total 261120K, used 132096K [0x0000000080000000, 0x0000000100000000)
  region size 1024K, 15 young (15360K), 15 survivors (15360K)
 Metaspace       used 105075K, capacity 107676K, committed 107852K, reserved 1142784K
  class space    used 13660K, capacity 14647K, committed 14668K, reserved 1048576K
}
Event: 27.841 GC heap before
{Heap before GC invocations=18 (full 0):
 garbage-first heap   total 261120K, used 145408K [0x0000000080000000, 0x0000000100000000)
  region size 1024K, 28 young (28672K), 15 survivors (15360K)
 Metaspace       used 105075K, capacity 107676K, committed 107852K, reserved 1142784K
  class space    used 13660K, capacity 14647K, committed 14668K, reserved 1048576K
}
Event: 27.978 GC heap after
{Heap after GC invocations=19 (full 0):
 garbage-first heap   total 261120K, used 139567K [0x0000000080000000, 0x0000000100000000)
  region size 1024K, 6 young (6144K), 6 survivors (6144K)
 Metaspace       used 105075K, capacity 107676K, committed 107852K, reserved 1142784K
  class space    used 13660K, capacity 14647K, committed 14668K, reserved 1048576K
}

