# JRE version: OpenJDK Runtime Environment (11.0.10) (build 11.0.10+0-b96-7249189)
# Java VM: OpenJDK 64-Bit Server VM (11.0.10+0-b96-7249189, mixed mode, tiered, compressed oops, g1 gc, windows-amd64)
Heap:
 garbage-first heap   total 393216K, used 222532K [0x0000000080000000, 0x0000000100000000)
  region size 1024K, 5 young (5120K), 5 survivors (5120K)
 Metaspace       used 105247K, capacity 108244K, committed 110540K, reserved 1144832K
  class space    used 13772K, capacity 14877K, committed 15820K, reserved 1048576K
GC Heap History (20 events):
Event: 7.995 GC heap after
{Heap after GC invocations=14 (full 0):
 garbage-first heap   total 260096K, used 86821K [0x0000000080000000, 0x0000000100000000)
  region size 1024K, 17 young (17408K), 17 survivors (17408K)
 Metaspace       used 88942K, capacity 91540K, committed 91724K, reserved 1128448K
  class space    used 11601K, capacity 12577K, committed 12620K, reserved 1048576K
}
Event: 8.711 GC heap before
{Heap before GC invocations=14 (full 0):
 garbage-first heap   total 260096K, used 202533K [0x0000000080000000, 0x0000000100000000)
  region size 1024K, 129 young (132096K), 17 survivors (17408K)
 Metaspace       used 93304K, capacity 96120K, committed 96332K, reserved 1132544K
  class space    used 12085K, capacity 13109K, committed 13132K, reserved 1048576K
}
Event: 8.722 GC heap after
{Heap after GC invocations=15 (full 0):
 garbage-first heap   total 260096K, used 93909K [0x0000000080000000, 0x0000000100000000)
  region size 1024K, 6 young (6144K), 6 survivors (6144K)
 Metaspace       used 93304K, capacity 96120K, committed 96332K, reserved 1132544K
  class space    used 12085K, capacity 13109K, committed 13132K, reserved 1048576K
}
Event: 8.969 GC heap before
{Heap before GC invocations=15 (full 0):
 garbage-first heap   total 260096K, used 190165K [0x0000000080000000, 0x0000000100000000)
  region size 1024K, 75 young (76800K), 6 survivors (6144K)
 Metaspace       used 97184K, capacity 100165K, committed 100300K, reserved 1136640K
  class space    used 12662K, capacity 13766K, committed 13772K, reserved 1048576K
}
Event: 8.977 GC heap after
{Heap after GC invocations=16 (full 0):
 garbage-first heap   total 260096K, used 125952K [0x0000000080000000, 0x0000000100000000)
  region size 1024K, 15 young (15360K), 15 survivors (15360K)
 Metaspace       used 97184K, capacity 100165K, committed 100300K, reserved 1136640K
  class space    used 12662K, capacity 13766K, committed 13772K, reserved 1048576K
}
Event: 9.291 GC heap before
{Heap before GC invocations=17 (full 0):
 garbage-first heap   total 260096K, used 209920K [0x0000000080000000, 0x0000000100000000)
  region size 1024K, 93 young (95232K), 15 survivors (15360K)
 Metaspace       used 103101K, capacity 106506K, committed 106700K, reserved 1140736K
  class space    used 13689K, capacity 15025K, committed 15052K, reserved 1048576K
}
Event: 9.322 GC heap after
{Heap after GC invocations=18 (full 0):
 garbage-first heap   total 260096K, used 148480K [0x0000000080000000, 0x0000000100000000)
  region size 1024K, 12 young (12288K), 12 survivors (12288K)
 Metaspace       used 103101K, capacity 106506K, committed 106700K, reserved 1140736K
  class space    used 13689K, capacity 15025K, committed 15052K, reserved 1048576K
}
Event: 9.527 GC heap before
{Heap before GC invocations=19 (full 0):
 garbage-first heap   total 260096K, used 203776K [0x0000000080000000, 0x0000000100000000)
  region size 1024K, 67 young (68608K), 12 survivors (12288K)
 Metaspace       used 105745K, capacity 109471K, committed 109644K, reserved 1142784K
  class space    used 14217K, capacity 15681K, committed 15692K, reserved 1048576K
}
Event: 9.552 GC heap after
{Heap after GC invocations=20 (full 0):
 garbage-first heap   total 260096K, used 169571K [0x0000000080000000, 0x0000000100000000)
  region size 1024K, 9 young (9216K), 9 survivors (9216K)
 Metaspace       used 105745K, capacity 109471K, committed 109644K, reserved 1142784K
  class space    used 14217K, capacity 15681K, committed 15692K, reserved 1048576K
}
Event: 9.592 GC heap before
{Heap before GC invocations=20 (full 0):
 garbage-first heap   total 260096K, used 204387K [0x0000000080000000, 0x0000000100000000)
  region size 1024K, 44 young (45056K), 9 survivors (9216K)
 Metaspace       used 105830K, capacity 109635K, committed 109644K, reserved 1142784K
  class space    used 14221K, capacity 15686K, committed 15692K, reserved 1048576K
}
Event: 9.612 GC heap after
{Heap after GC invocations=21 (full 0):
 garbage-first heap   total 260096K, used 183251K [0x0000000080000000, 0x0000000100000000)
  region size 1024K, 6 young (6144K), 6 survivors (6144K)
 Metaspace       used 105830K, capacity 109635K, committed 109644K, reserved 1142784K
  class space    used 14221K, capacity 15686K, committed 15692K, reserved 1048576K
}
Event: 9.671 GC heap before
{Heap before GC invocations=21 (full 0):
 garbage-first heap   total 260096K, used 209875K [0x0000000080000000, 0x0000000100000000)
  region size 1024K, 33 young (33792K), 6 survivors (6144K)
 Metaspace       used 105985K, capacity 109794K, committed 110028K, reserved 1142784K
  class space    used 14233K, capacity 15730K, committed 15820K, reserved 1048576K
}
Event: 9.684 GC heap after
{Heap after GC invocations=22 (full 0):
 garbage-first heap   total 327680K, used 195584K [0x0000000080000000, 0x0000000100000000)
  region size 1024K, 5 young (5120K), 5 survivors (5120K)
 Metaspace       used 105985K, capacity 109794K, committed 110028K, reserved 1142784K
  class space    used 14233K, capacity 15730K, committed 15820K, reserved 1048576K
}
Event: 9.825 GC heap before
{Heap before GC invocations=22 (full 0):
 garbage-first heap   total 327680K, used 244736K [0x0000000080000000, 0x0000000100000000)
  region size 1024K, 53 young (54272K), 5 survivors (5120K)
 Metaspace       used 104893K, capacity 107977K, committed 110284K, reserved 1144832K
  class space    used 13790K, capacity 14938K, committed 15820K, reserved 1048576K
}
Event: 9.841 GC heap after
{Heap after GC invocations=23 (full 0):
 garbage-first heap   total 327680K, used 217583K [0x0000000080000000, 0x0000000100000000)
  region size 1024K, 7 young (7168K), 7 survivors (7168K)
 Metaspace       used 104893K, capacity 107977K, committed 110284K, reserved 1144832K
  class space    used 13790K, capacity 14938K, committed 15820K, reserved 1048576K
}
Event: 9.937 GC heap before
{Heap before GC invocations=24 (full 0):
 garbage-first heap   total 327680K, used 238063K [0x0000000080000000, 0x0000000100000000)
  region size 1024K, 28 young (28672K), 7 survivors (7168K)
 Metaspace       used 105098K, capacity 108174K, committed 110284K, reserved 1144832K
  class space    used 13810K, capacity 14958K, committed 15820K, reserved 1048576K
}
Event: 9.948 GC heap after
{Heap after GC invocations=25 (full 0):
 garbage-first heap   total 327680K, used 226939K [0x0000000080000000, 0x0000000100000000)
  region size 1024K, 6 young (6144K), 6 survivors (6144K)
 Metaspace       used 105098K, capacity 108174K, committed 110284K, reserved 1144832K
  class space    used 13810K, capacity 14958K, committed 15820K, reserved 1048576K
}
Event: 10.119 GC heap before
{Heap before GC invocations=25 (full 0):
 garbage-first heap   total 327680K, used 258683K [0x0000000080000000, 0x0000000100000000)
  region size 1024K, 36 young (36864K), 6 survivors (6144K)
 Metaspace       used 105529K, capacity 108736K, committed 110540K, reserved 1144832K
  class space    used 13869K, capacity 15050K, committed 15820K, reserved 1048576K
}
Event: 10.128 GC heap after
{Heap after GC invocations=26 (full 0):
 garbage-first heap   total 327680K, used 231941K [0x0000000080000000, 0x0000000100000000)
  region size 1024K, 5 young (5120K), 5 survivors (5120K)
 Metaspace       used 105529K, capacity 108736K, committed 110540K, reserved 1144832K
  class space    used 13869K, capacity 15050K, committed 15820K, reserved 1048576K
}
Event: 10.282 GC heap before
{Heap before GC invocations=27 (full 0):
 garbage-first heap   total 327680K, used 248325K [0x0000000080000000, 0x0000000100000000)
  region size 1024K, 35 young (35840K), 5 survivors (5120K)
 Metaspace       used 105247K, capacity 108244K, committed 110540K, reserved 1144832K
  class space    used 13772K, capacity 14877K, committed 15820K, reserved 1048576K
}

