# JRE version: OpenJDK Runtime Environment (11.0.10) (build 11.0.10+0-b96-7249189)
# Java VM: OpenJDK 64-Bit Server VM (11.0.10+0-b96-7249189, mixed mode, tiered, compressed oops, g1 gc, windows-amd64)
Heap:
 garbage-first heap   total 424960K, used 219135K [0x0000000080000000, 0x0000000100000000)
  region size 1024K, 2 young (2048K), 2 survivors (2048K)
 Metaspace       used 117297K, capacity 120338K, committed 120632K, reserved 1155072K
  class space    used 14705K, capacity 15885K, committed 15928K, reserved 1048576K
GC Heap History (20 events):
Event: 876.097 GC heap after
{Heap after GC invocations=33 (full 0):
 garbage-first heap   total 260096K, used 158560K [0x0000000080000000, 0x0000000100000000)
  region size 1024K, 8 young (8192K), 8 survivors (8192K)
 Metaspace       used 116237K, capacity 119330K, committed 119608K, reserved 1153024K
  class space    used 14686K, capacity 15878K, committed 15928K, reserved 1048576K
}
Event: 876.178 GC heap before
{Heap before GC invocations=34 (full 0):
 garbage-first heap   total 260096K, used 202592K [0x0000000080000000, 0x0000000100000000)
  region size 1024K, 52 young (53248K), 8 survivors (8192K)
 Metaspace       used 116295K, capacity 119400K, committed 119608K, reserved 1153024K
  class space    used 14687K, capacity 15879K, committed 15928K, reserved 1048576K
}
Event: 876.185 GC heap after
{Heap after GC invocations=35 (full 0):
 garbage-first heap   total 260096K, used 162164K [0x0000000080000000, 0x0000000100000000)
  region size 1024K, 5 young (5120K), 5 survivors (5120K)
 Metaspace       used 116295K, capacity 119400K, committed 119608K, reserved 1153024K
  class space    used 14687K, capacity 15879K, committed 15928K, reserved 1048576K
}
Event: 876.198 GC heap before
{Heap before GC invocations=35 (full 0):
 garbage-first heap   total 260096K, used 168308K [0x0000000080000000, 0x0000000100000000)
  region size 1024K, 12 young (12288K), 5 survivors (5120K)
 Metaspace       used 116308K, capacity 119402K, committed 119608K, reserved 1153024K
  class space    used 14687K, capacity 15879K, committed 15928K, reserved 1048576K
}
Event: 876.203 GC heap after
{Heap after GC invocations=36 (full 0):
 garbage-first heap   total 260096K, used 161470K [0x0000000080000000, 0x0000000100000000)
  region size 1024K, 2 young (2048K), 2 survivors (2048K)
 Metaspace       used 116308K, capacity 119402K, committed 119608K, reserved 1153024K
  class space    used 14687K, capacity 15879K, committed 15928K, reserved 1048576K
}
Event: 876.306 GC heap before
{Heap before GC invocations=36 (full 0):
 garbage-first heap   total 260096K, used 203454K [0x0000000080000000, 0x0000000100000000)
  region size 1024K, 45 young (46080K), 2 survivors (2048K)
 Metaspace       used 116533K, capacity 119666K, committed 119864K, reserved 1153024K
  class space    used 14689K, capacity 15879K, committed 15928K, reserved 1048576K
}
Event: 876.315 GC heap after
{Heap after GC invocations=37 (full 0):
 garbage-first heap   total 260096K, used 171007K [0x0000000080000000, 0x0000000100000000)
  region size 1024K, 6 young (6144K), 6 survivors (6144K)
 Metaspace       used 116533K, capacity 119666K, committed 119864K, reserved 1153024K
  class space    used 14689K, capacity 15879K, committed 15928K, reserved 1048576K
}
Event: 876.481 GC heap before
{Heap before GC invocations=37 (full 0):
 garbage-first heap   total 260096K, used 211967K [0x0000000080000000, 0x0000000100000000)
  region size 1024K, 45 young (46080K), 6 survivors (6144K)
 Metaspace       used 117116K, capacity 120197K, committed 120376K, reserved 1153024K
  class space    used 14705K, capacity 15885K, committed 15928K, reserved 1048576K
}
Event: 876.496 GC heap after
{Heap after GC invocations=38 (full 0):
 garbage-first heap   total 260096K, used 186367K [0x0000000080000000, 0x0000000100000000)
  region size 1024K, 6 young (6144K), 6 survivors (6144K)
 Metaspace       used 117116K, capacity 120197K, committed 120376K, reserved 1153024K
  class space    used 14705K, capacity 15885K, committed 15928K, reserved 1048576K
}
Event: 876.560 GC heap before
{Heap before GC invocations=39 (full 0):
 garbage-first heap   total 260096K, used 212991K [0x0000000080000000, 0x0000000100000000)
  region size 1024K, 33 young (33792K), 6 survivors (6144K)
 Metaspace       used 117175K, capacity 120263K, committed 120376K, reserved 1153024K
  class space    used 14705K, capacity 15885K, committed 15928K, reserved 1048576K
}
Event: 876.573 GC heap after
{Heap after GC invocations=40 (full 0):
 garbage-first heap   total 260096K, used 201284K [0x0000000080000000, 0x0000000100000000)
  region size 1024K, 5 young (5120K), 5 survivors (5120K)
 Metaspace       used 117175K, capacity 120263K, committed 120376K, reserved 1153024K
  class space    used 14705K, capacity 15885K, committed 15928K, reserved 1048576K
}
Event: 876.587 GC heap before
{Heap before GC invocations=40 (full 0):
 garbage-first heap   total 260096K, used 208452K [0x0000000080000000, 0x0000000100000000)
  region size 1024K, 12 young (12288K), 5 survivors (5120K)
 Metaspace       used 117207K, capacity 120265K, committed 120376K, reserved 1153024K
  class space    used 14705K, capacity 15885K, committed 15928K, reserved 1048576K
}
Event: 876.599 GC heap after
{Heap after GC invocations=41 (full 0):
 garbage-first heap   total 260096K, used 198655K [0x0000000080000000, 0x0000000100000000)
  region size 1024K, 2 young (2048K), 2 survivors (2048K)
 Metaspace       used 117207K, capacity 120265K, committed 120376K, reserved 1153024K
  class space    used 14705K, capacity 15885K, committed 15928K, reserved 1048576K
}
Event: 876.601 GC heap before
{Heap before GC invocations=41 (full 0):
 garbage-first heap   total 260096K, used 198655K [0x0000000080000000, 0x0000000100000000)
  region size 1024K, 3 young (3072K), 2 survivors (2048K)
 Metaspace       used 117213K, capacity 120265K, committed 120376K, reserved 1153024K
  class space    used 14705K, capacity 15885K, committed 15928K, reserved 1048576K
}
Event: 876.606 GC heap after
{Heap after GC invocations=42 (full 0):
 garbage-first heap   total 260096K, used 200433K [0x0000000080000000, 0x0000000100000000)
  region size 1024K, 1 young (1024K), 1 survivors (1024K)
 Metaspace       used 117213K, capacity 120265K, committed 120376K, reserved 1153024K
  class space    used 14705K, capacity 15885K, committed 15928K, reserved 1048576K
}
Event: 876.637 GC heap before
{Heap before GC invocations=42 (full 0):
 garbage-first heap   total 260096K, used 213745K [0x0000000080000000, 0x0000000100000000)
  region size 1024K, 14 young (14336K), 1 survivors (1024K)
 Metaspace       used 117262K, capacity 120336K, committed 120632K, reserved 1155072K
  class space    used 14705K, capacity 15885K, committed 15928K, reserved 1048576K
}
Event: 876.641 GC heap after
{Heap after GC invocations=43 (full 0):
 garbage-first heap   total 260096K, used 208062K [0x0000000080000000, 0x0000000100000000)
  region size 1024K, 2 young (2048K), 2 survivors (2048K)
 Metaspace       used 117262K, capacity 120336K, committed 120632K, reserved 1155072K
  class space    used 14705K, capacity 15885K, committed 15928K, reserved 1048576K
}
Event: 876.667 GC heap before
{Heap before GC invocations=43 (full 0):
 garbage-first heap   total 260096K, used 219326K [0x0000000080000000, 0x0000000100000000)
  region size 1024K, 13 young (13312K), 2 survivors (2048K)
 Metaspace       used 117284K, capacity 120336K, committed 120632K, reserved 1155072K
  class space    used 14705K, capacity 15885K, committed 15928K, reserved 1048576K
}
Event: 876.672 GC heap after
{Heap after GC invocations=44 (full 0):
 garbage-first heap   total 260096K, used 213939K [0x0000000080000000, 0x0000000100000000)
  region size 1024K, 2 young (2048K), 2 survivors (2048K)
 Metaspace       used 117284K, capacity 120336K, committed 120632K, reserved 1155072K
  class space    used 14705K, capacity 15885K, committed 15928K, reserved 1048576K
}
Event: 876.690 GC heap before
{Heap before GC invocations=44 (full 0):
 garbage-first heap   total 260096K, used 223155K [0x0000000080000000, 0x0000000100000000)
  region size 1024K, 12 young (12288K), 2 survivors (2048K)
 Metaspace       used 117297K, capacity 120338K, committed 120632K, reserved 1155072K
  class space    used 14705K, capacity 15885K, committed 15928K, reserved 1048576K
}

