# JRE version: Java(TM) SE Runtime Environment (15.0.2+7) (build 15.0.2+7-27)
# Java VM: Java HotSpot(TM) 64-Bit Server VM (15.0.2+7-27, mixed mode, sharing, tiered, compressed oops, g1 gc, windows-amd64)
GC Precious Log:
 CPUs: 12 total, 12 available
 Memory: 16225M
 Large Page Support: Disabled
 NUMA Support: Disabled
 Compressed Oops: Enabled (32-bit)
 Heap Region Size: 1M
 Heap Min Capacity: 8M
 Heap Initial Capacity: 254M
 Heap Max Capacity: 2G
 Pre-touch: Disabled
 Parallel Workers: 10
 Concurrent Workers: 3
 Concurrent Refinement Workers: 10
 Periodic GC: Disabled
Heap:
 garbage-first heap   total 266240K, used 131802K [0x0000000080000000, 0x0000000100000000)
  region size 1024K, 9 young (9216K), 2 survivors (2048K)
 Metaspace       used 91496K, capacity 92887K, committed 93008K, reserved 1130496K
  class space    used 11513K, capacity 11958K, committed 12032K, reserved 1048576K
GC Heap History (20 events):
Event: 7.194 GC heap before
{Heap before GC invocations=39 (full 0):
 garbage-first heap   total 214016K, used 158843K [0x0000000080000000, 0x0000000100000000)
  region size 1024K, 41 young (41984K), 6 survivors (6144K)
 Metaspace       used 79795K, capacity 80955K, committed 81232K, reserved 1120256K
  class space    used 10378K, capacity 10717K, committed 10752K, reserved 1048576K
}
Event: 7.200 GC heap after
{Heap after GC invocations=40 (full 0):
 garbage-first heap   total 214016K, used 109579K [0x0000000080000000, 0x0000000100000000)
  region size 1024K, 3 young (3072K), 3 survivors (3072K)
 Metaspace       used 79795K, capacity 80955K, committed 81232K, reserved 1120256K
  class space    used 10378K, capacity 10717K, committed 10752K, reserved 1048576K
}
Event: 7.470 GC heap before
{Heap before GC invocations=40 (full 0):
 garbage-first heap   total 214016K, used 160779K [0x0000000080000000, 0x0000000100000000)
  region size 1024K, 54 young (55296K), 3 survivors (3072K)
 Metaspace       used 81144K, capacity 82303K, committed 82512K, reserved 1120256K
  class space    used 10547K, capacity 10884K, committed 11008K, reserved 1048576K
}
Event: 7.474 GC heap after
{Heap after GC invocations=41 (full 0):
 garbage-first heap   total 214016K, used 112088K [0x0000000080000000, 0x0000000100000000)
  region size 1024K, 5 young (5120K), 5 survivors (5120K)
 Metaspace       used 81144K, capacity 82303K, committed 82512K, reserved 1120256K
  class space    used 10547K, capacity 10884K, committed 11008K, reserved 1048576K
}
Event: 7.648 GC heap before
{Heap before GC invocations=42 (full 0):
 garbage-first heap   total 215040K, used 165336K [0x0000000080000000, 0x0000000100000000)
  region size 1024K, 58 young (59392K), 5 survivors (5120K)
 Metaspace       used 82288K, capacity 83513K, committed 83664K, reserved 1122304K
  class space    used 10696K, capacity 11060K, committed 11136K, reserved 1048576K
}
Event: 7.653 GC heap after
{Heap after GC invocations=43 (full 0):
 garbage-first heap   total 258048K, used 114862K [0x0000000080000000, 0x0000000100000000)
  region size 1024K, 6 young (6144K), 6 survivors (6144K)
 Metaspace       used 82288K, capacity 83513K, committed 83664K, reserved 1122304K
  class space    used 10696K, capacity 11060K, committed 11136K, reserved 1048576K
}
Event: 7.663 GC heap before
{Heap before GC invocations=43 (full 0):
 garbage-first heap   total 258048K, used 119982K [0x0000000080000000, 0x0000000100000000)
  region size 1024K, 12 young (12288K), 6 survivors (6144K)
 Metaspace       used 82365K, capacity 83609K, committed 83664K, reserved 1122304K
  class space    used 10704K, capacity 11092K, committed 11136K, reserved 1048576K
}
Event: 7.671 GC heap after
{Heap after GC invocations=44 (full 0):
 garbage-first heap   total 258048K, used 98157K [0x0000000080000000, 0x0000000100000000)
  region size 1024K, 1 young (1024K), 1 survivors (1024K)
 Metaspace       used 82365K, capacity 83609K, committed 83664K, reserved 1122304K
  class space    used 10704K, capacity 11092K, committed 11136K, reserved 1048576K
}
Event: 18.180 GC heap before
{Heap before GC invocations=44 (full 0):
 garbage-first heap   total 258048K, used 193388K [0x0000000080000000, 0x0000000100000000)
  region size 1024K, 95 young (97280K), 1 survivors (1024K)
 Metaspace       used 88906K, capacity 90174K, committed 90448K, reserved 1128448K
  class space    used 11370K, capacity 11748K, committed 11776K, reserved 1048576K
}
Event: 18.185 GC heap after
{Heap after GC invocations=45 (full 0):
 garbage-first heap   total 258048K, used 103277K [0x0000000080000000, 0x0000000100000000)
  region size 1024K, 6 young (6144K), 6 survivors (6144K)
 Metaspace       used 88906K, capacity 90174K, committed 90448K, reserved 1128448K
  class space    used 11370K, capacity 11748K, committed 11776K, reserved 1048576K
}
Event: 84.176 GC heap before
{Heap before GC invocations=45 (full 0):
 garbage-first heap   total 258048K, used 198509K [0x0000000080000000, 0x0000000100000000)
  region size 1024K, 99 young (101376K), 6 survivors (6144K)
 Metaspace       used 89939K, capacity 91247K, committed 91600K, reserved 1128448K
  class space    used 11393K, capacity 11782K, committed 11904K, reserved 1048576K
}
Event: 84.181 GC heap after
{Heap after GC invocations=46 (full 0):
 garbage-first heap   total 258048K, used 105885K [0x0000000080000000, 0x0000000100000000)
  region size 1024K, 9 young (9216K), 9 survivors (9216K)
 Metaspace       used 89939K, capacity 91247K, committed 91600K, reserved 1128448K
  class space    used 11393K, capacity 11782K, committed 11904K, reserved 1048576K
}
Event: 84.596 GC heap before
{Heap before GC invocations=46 (full 0):
 garbage-first heap   total 258048K, used 204189K [0x0000000080000000, 0x0000000100000000)
  region size 1024K, 104 young (106496K), 9 survivors (9216K)
 Metaspace       used 90199K, capacity 91521K, committed 91856K, reserved 1130496K
  class space    used 11395K, capacity 11785K, committed 11904K, reserved 1048576K
}
Event: 84.609 GC heap after
{Heap after GC invocations=47 (full 0):
 garbage-first heap   total 258048K, used 129875K [0x0000000080000000, 0x0000000100000000)
  region size 1024K, 13 young (13312K), 13 survivors (13312K)
 Metaspace       used 90199K, capacity 91521K, committed 91856K, reserved 1130496K
  class space    used 11395K, capacity 11785K, committed 11904K, reserved 1048576K
}
Event: 84.629 GC heap before
{Heap before GC invocations=47 (full 0):
 garbage-first heap   total 258048K, used 131923K [0x0000000080000000, 0x0000000100000000)
  region size 1024K, 17 young (17408K), 13 survivors (13312K)
 Metaspace       used 90199K, capacity 91521K, committed 91856K, reserved 1130496K
  class space    used 11395K, capacity 11785K, committed 11904K, reserved 1048576K
}
Event: 84.637 GC heap after
{Heap after GC invocations=48 (full 0):
 garbage-first heap   total 258048K, used 134947K [0x0000000080000000, 0x0000000100000000)
  region size 1024K, 4 young (4096K), 4 survivors (4096K)
 Metaspace       used 90199K, capacity 91521K, committed 91856K, reserved 1130496K
  class space    used 11395K, capacity 11785K, committed 11904K, reserved 1048576K
}
Event: 85.996 GC heap before
{Heap before GC invocations=49 (full 0):
 garbage-first heap   total 266240K, used 194339K [0x0000000080000000, 0x0000000100000000)
  region size 1024K, 47 young (48128K), 4 survivors (4096K)
 Metaspace       used 90855K, capacity 92311K, committed 92368K, reserved 1130496K
  class space    used 11455K, capacity 11894K, committed 11904K, reserved 1048576K
}
Event: 86.002 GC heap after
{Heap after GC invocations=50 (full 0):
 garbage-first heap   total 266240K, used 138774K [0x0000000080000000, 0x0000000100000000)
  region size 1024K, 6 young (6144K), 6 survivors (6144K)
 Metaspace       used 90855K, capacity 92311K, committed 92368K, reserved 1130496K
  class space    used 11455K, capacity 11894K, committed 11904K, reserved 1048576K
}
Event: 86.030 GC heap before
{Heap before GC invocations=50 (full 0):
 garbage-first heap   total 266240K, used 145942K [0x0000000080000000, 0x0000000100000000)
  region size 1024K, 13 young (13312K), 6 survivors (6144K)
 Metaspace       used 90907K, capacity 92311K, committed 92368K, reserved 1130496K
  class space    used 11463K, capacity 11894K, committed 11904K, reserved 1048576K
}
Event: 86.043 GC heap after
{Heap after GC invocations=51 (full 0):
 garbage-first heap   total 266240K, used 125824K [0x0000000080000000, 0x0000000100000000)
  region size 1024K, 2 young (2048K), 2 survivors (2048K)
 Metaspace       used 90907K, capacity 92311K, committed 92368K, reserved 1130496K
  class space    used 11463K, capacity 11894K, committed 11904K, reserved 1048576K
}

