# JRE version: OpenJDK Runtime Environment (11.0.10) (build 11.0.10+0-b96-7249189)
# Java VM: OpenJDK 64-Bit Server VM (11.0.10+0-b96-7249189, mixed mode, tiered, compressed oops, g1 gc, windows-amd64)
Heap:
 garbage-first heap   total 661504K, used 243309K [0x0000000080000000, 0x0000000100000000)
  region size 1024K, 3 young (3072K), 3 survivors (3072K)
 Metaspace       used 139899K, capacity 144652K, committed 144852K, reserved 1175552K
  class space    used 16499K, capacity 18159K, committed 18252K, reserved 1048576K
GC Heap History (20 events):
Event: 11270.602 GC heap after
{Heap after GC invocations=299 (full 0):
 garbage-first heap   total 312320K, used 134630K [0x0000000080000000, 0x0000000100000000)
  region size 1024K, 2 young (2048K), 2 survivors (2048K)
 Metaspace       used 139279K, capacity 143889K, committed 144340K, reserved 1175552K
  class space    used 16411K, capacity 18018K, committed 18252K, reserved 1048576K
}
Event: 11270.608 GC heap before
{Heap before GC invocations=299 (full 0):
 garbage-first heap   total 312320K, used 143846K [0x0000000080000000, 0x0000000100000000)
  region size 1024K, 12 young (12288K), 2 survivors (2048K)
 Metaspace       used 139279K, capacity 143889K, committed 144340K, reserved 1175552K
  class space    used 16411K, capacity 18018K, committed 18252K, reserved 1048576K
}
Event: 11270.614 GC heap after
{Heap after GC invocations=300 (full 0):
 garbage-first heap   total 312320K, used 135481K [0x0000000080000000, 0x0000000100000000)
  region size 1024K, 3 young (3072K), 3 survivors (3072K)
 Metaspace       used 139279K, capacity 143889K, committed 144340K, reserved 1175552K
  class space    used 16411K, capacity 18018K, committed 18252K, reserved 1048576K
}
Event: 11270.833 GC heap before
{Heap before GC invocations=301 (full 0):
 garbage-first heap   total 312320K, used 276793K [0x0000000080000000, 0x0000000100000000)
  region size 1024K, 119 young (121856K), 3 survivors (3072K)
 Metaspace       used 139496K, capacity 144133K, committed 144596K, reserved 1175552K
  class space    used 16434K, capacity 18038K, committed 18252K, reserved 1048576K
}
Event: 11270.851 GC heap after
{Heap after GC invocations=302 (full 0):
 garbage-first heap   total 312320K, used 178409K [0x0000000080000000, 0x0000000100000000)
  region size 1024K, 15 young (15360K), 15 survivors (15360K)
 Metaspace       used 139496K, capacity 144133K, committed 144596K, reserved 1175552K
  class space    used 16434K, capacity 18038K, committed 18252K, reserved 1048576K
}
Event: 11270.854 GC heap before
{Heap before GC invocations=302 (full 0):
 garbage-first heap   total 312320K, used 179433K [0x0000000080000000, 0x0000000100000000)
  region size 1024K, 16 young (16384K), 15 survivors (15360K)
 Metaspace       used 139497K, capacity 144133K, committed 144596K, reserved 1175552K
  class space    used 16434K, capacity 18038K, committed 18252K, reserved 1048576K
}
Event: 11270.869 GC heap after
{Heap after GC invocations=303 (full 0):
 garbage-first heap   total 312320K, used 180429K [0x0000000080000000, 0x0000000100000000)
  region size 1024K, 2 young (2048K), 2 survivors (2048K)
 Metaspace       used 139497K, capacity 144133K, committed 144596K, reserved 1175552K
  class space    used 16434K, capacity 18038K, committed 18252K, reserved 1048576K
}
Event: 11270.944 GC heap before
{Heap before GC invocations=303 (full 0):
 garbage-first heap   total 312320K, used 248013K [0x0000000080000000, 0x0000000100000000)
  region size 1024K, 69 young (70656K), 2 survivors (2048K)
 Metaspace       used 139535K, capacity 144141K, committed 144596K, reserved 1175552K
  class space    used 16435K, capacity 18039K, committed 18252K, reserved 1048576K
}
Event: 11270.961 GC heap after
{Heap after GC invocations=304 (full 0):
 garbage-first heap   total 312320K, used 207872K [0x0000000080000000, 0x0000000100000000)
  region size 1024K, 9 young (9216K), 9 survivors (9216K)
 Metaspace       used 139535K, capacity 144141K, committed 144596K, reserved 1175552K
  class space    used 16435K, capacity 18039K, committed 18252K, reserved 1048576K
}
Event: 11271.030 GC heap before
{Heap before GC invocations=304 (full 0):
 garbage-first heap   total 312320K, used 249856K [0x0000000080000000, 0x0000000100000000)
  region size 1024K, 51 young (52224K), 9 survivors (9216K)
 Metaspace       used 139572K, capacity 144213K, committed 144596K, reserved 1175552K
  class space    used 16435K, capacity 18039K, committed 18252K, reserved 1048576K
}
Event: 11271.047 GC heap after
{Heap after GC invocations=305 (full 0):
 garbage-first heap   total 312320K, used 230037K [0x0000000080000000, 0x0000000100000000)
  region size 1024K, 7 young (7168K), 7 survivors (7168K)
 Metaspace       used 139572K, capacity 144213K, committed 144596K, reserved 1175552K
  class space    used 16435K, capacity 18039K, committed 18252K, reserved 1048576K
}
Event: 11271.132 GC heap before
{Heap before GC invocations=305 (full 0):
 garbage-first heap   total 312320K, used 255637K [0x0000000080000000, 0x0000000100000000)
  region size 1024K, 32 young (32768K), 7 survivors (7168K)
 Metaspace       used 139552K, capacity 144183K, committed 144596K, reserved 1175552K
  class space    used 16426K, capacity 18024K, committed 18252K, reserved 1048576K
}
Event: 11271.146 GC heap after
{Heap after GC invocations=306 (full 0):
 garbage-first heap   total 312320K, used 244125K [0x0000000080000000, 0x0000000100000000)
  region size 1024K, 4 young (4096K), 4 survivors (4096K)
 Metaspace       used 139552K, capacity 144183K, committed 144596K, reserved 1175552K
  class space    used 16426K, capacity 18024K, committed 18252K, reserved 1048576K
}
Event: 11271.208 GC heap before
{Heap before GC invocations=306 (full 0):
 garbage-first heap   total 312320K, used 262557K [0x0000000080000000, 0x0000000100000000)
  region size 1024K, 21 young (21504K), 4 survivors (4096K)
 Metaspace       used 139624K, capacity 144217K, committed 144596K, reserved 1175552K
  class space    used 16440K, capacity 18035K, committed 18252K, reserved 1048576K
}
Event: 11271.221 GC heap after
{Heap after GC invocations=307 (full 0):
 garbage-first heap   total 312320K, used 250802K [0x0000000080000000, 0x0000000100000000)
  region size 1024K, 3 young (3072K), 3 survivors (3072K)
 Metaspace       used 139624K, capacity 144217K, committed 144596K, reserved 1175552K
  class space    used 16440K, capacity 18035K, committed 18252K, reserved 1048576K
}
Event: 11271.274 GC heap before
{Heap before GC invocations=308 (full 0):
 garbage-first heap   total 312320K, used 265138K [0x0000000080000000, 0x0000000100000000)
  region size 1024K, 18 young (18432K), 3 survivors (3072K)
 Metaspace       used 139770K, capacity 144474K, committed 144852K, reserved 1175552K
  class space    used 16478K, capacity 18124K, committed 18252K, reserved 1048576K
}
Event: 11271.283 GC heap after
{Heap after GC invocations=309 (full 0):
 garbage-first heap   total 312320K, used 252449K [0x0000000080000000, 0x0000000100000000)
  region size 1024K, 3 young (3072K), 3 survivors (3072K)
 Metaspace       used 139770K, capacity 144474K, committed 144852K, reserved 1175552K
  class space    used 16478K, capacity 18124K, committed 18252K, reserved 1048576K
}
Event: 11271.345 GC heap before
{Heap before GC invocations=309 (full 0):
 garbage-first heap   total 312320K, used 264737K [0x0000000080000000, 0x0000000100000000)
  region size 1024K, 15 young (15360K), 3 survivors (3072K)
 Metaspace       used 139876K, capacity 144640K, committed 144852K, reserved 1175552K
  class space    used 16495K, capacity 18155K, committed 18252K, reserved 1048576K
}
Event: 11271.360 GC heap after
{Heap after GC invocations=310 (full 0):
 garbage-first heap   total 312320K, used 239876K [0x0000000080000000, 0x0000000100000000)
  region size 1024K, 2 young (2048K), 2 survivors (2048K)
 Metaspace       used 139876K, capacity 144640K, committed 144852K, reserved 1175552K
  class space    used 16495K, capacity 18155K, committed 18252K, reserved 1048576K
}
Event: 11271.425 GC heap before
{Heap before GC invocations=310 (full 0):
 garbage-first heap   total 312320K, used 260356K [0x0000000080000000, 0x0000000100000000)
  region size 1024K, 23 young (23552K), 2 survivors (2048K)
 Metaspace       used 139899K, capacity 144652K, committed 144852K, reserved 1175552K
  class space    used 16499K, capacity 18159K, committed 18252K, reserved 1048576K
}

