# JRE version: Java(TM) SE Runtime Environment (15.0.2+7) (build 15.0.2+7-27)
# Java VM: Java HotSpot(TM) 64-Bit Server VM (15.0.2+7-27, mixed mode, sharing, tiered, compressed oops, g1 gc, windows-amd64)
GC Precious Log:
 CPUs: 12 total, 12 available
 Memory: 16225M
 Large Page Support: Disabled
 NUMA Support: Disabled
 Compressed Oops: Enabled (32-bit)
 Heap Region Size: 1M
 Heap Min Capacity: 8M
 Heap Initial Capacity: 254M
 Heap Max Capacity: 2G
 Pre-touch: Disabled
 Parallel Workers: 10
 Concurrent Workers: 3
 Concurrent Refinement Workers: 10
 Periodic GC: Disabled
Heap:
 garbage-first heap   total 208896K, used 122474K [0x0000000080000000, 0x0000000100000000)
  region size 1024K, 10 young (10240K), 8 survivors (8192K)
 Metaspace       used 77961K, capacity 79051K, committed 79152K, reserved 1118208K
  class space    used 10229K, capacity 10581K, committed 10624K, reserved 1048576K
GC Heap History (20 events):
Event: 4.418 GC heap before
{Heap before GC invocations=23 (full 0):
 garbage-first heap   total 113664K, used 86486K [0x0000000080000000, 0x0000000100000000)
  region size 1024K, 36 young (36864K), 3 survivors (3072K)
 Metaspace       used 58245K, capacity 59090K, committed 59312K, reserved 1101824K
  class space    used 7554K, capacity 7822K, committed 7936K, reserved 1048576K
}
Event: 4.421 GC heap after
{Heap after GC invocations=24 (full 0):
 garbage-first heap   total 113664K, used 55774K [0x0000000080000000, 0x0000000100000000)
  region size 1024K, 5 young (5120K), 5 survivors (5120K)
 Metaspace       used 58245K, capacity 59090K, committed 59312K, reserved 1101824K
  class space    used 7554K, capacity 7822K, committed 7936K, reserved 1048576K
}
Event: 4.655 GC heap before
{Heap before GC invocations=25 (full 0):
 garbage-first heap   total 113664K, used 88542K [0x0000000080000000, 0x0000000100000000)
  region size 1024K, 37 young (37888K), 5 survivors (5120K)
 Metaspace       used 61302K, capacity 62169K, committed 62256K, reserved 1103872K
  class space    used 8042K, capacity 8310K, committed 8320K, reserved 1048576K
}
Event: 4.659 GC heap after
{Heap after GC invocations=26 (full 0):
 garbage-first heap   total 113664K, used 58376K [0x0000000080000000, 0x0000000100000000)
  region size 1024K, 3 young (3072K), 3 survivors (3072K)
 Metaspace       used 61302K, capacity 62169K, committed 62256K, reserved 1103872K
  class space    used 8042K, capacity 8310K, committed 8320K, reserved 1048576K
}
Event: 4.818 GC heap before
{Heap before GC invocations=26 (full 0):
 garbage-first heap   total 113664K, used 89096K [0x0000000080000000, 0x0000000100000000)
  region size 1024K, 33 young (33792K), 3 survivors (3072K)
 Metaspace       used 62713K, capacity 63593K, committed 63792K, reserved 1103872K
  class space    used 8247K, capacity 8524K, committed 8576K, reserved 1048576K
}
Event: 4.821 GC heap after
{Heap after GC invocations=27 (full 0):
 garbage-first heap   total 113664K, used 60737K [0x0000000080000000, 0x0000000100000000)
  region size 1024K, 5 young (5120K), 5 survivors (5120K)
 Metaspace       used 62713K, capacity 63593K, committed 63792K, reserved 1103872K
  class space    used 8247K, capacity 8524K, committed 8576K, reserved 1048576K
}
Event: 5.117 GC heap before
{Heap before GC invocations=28 (full 0):
 garbage-first heap   total 113664K, used 90433K [0x0000000080000000, 0x0000000100000000)
  region size 1024K, 34 young (34816K), 5 survivors (5120K)
 Metaspace       used 67372K, capacity 68405K, committed 68656K, reserved 1107968K
  class space    used 8898K, capacity 9218K, committed 9344K, reserved 1048576K
}
Event: 5.121 GC heap after
{Heap after GC invocations=29 (full 0):
 garbage-first heap   total 137216K, used 62765K [0x0000000080000000, 0x0000000100000000)
  region size 1024K, 5 young (5120K), 5 survivors (5120K)
 Metaspace       used 67372K, capacity 68405K, committed 68656K, reserved 1107968K
  class space    used 8898K, capacity 9218K, committed 9344K, reserved 1048576K
}
Event: 5.426 GC heap before
{Heap before GC invocations=29 (full 0):
 garbage-first heap   total 137216K, used 107821K [0x0000000080000000, 0x0000000100000000)
  region size 1024K, 50 young (51200K), 5 survivors (5120K)
 Metaspace       used 70941K, capacity 71984K, committed 72240K, reserved 1112064K
  class space    used 9278K, capacity 9592K, committed 9600K, reserved 1048576K
}
Event: 5.430 GC heap after
{Heap after GC invocations=30 (full 0):
 garbage-first heap   total 137216K, used 67916K [0x0000000080000000, 0x0000000100000000)
  region size 1024K, 7 young (7168K), 7 survivors (7168K)
 Metaspace       used 70941K, capacity 71984K, committed 72240K, reserved 1112064K
  class space    used 9278K, capacity 9592K, committed 9600K, reserved 1048576K
}
Event: 5.755 GC heap before
{Heap before GC invocations=30 (full 0):
 garbage-first heap   total 137216K, used 108876K [0x0000000080000000, 0x0000000100000000)
  region size 1024K, 47 young (48128K), 7 survivors (7168K)
 Metaspace       used 73653K, capacity 74783K, committed 74928K, reserved 1114112K
  class space    used 9760K, capacity 10141K, committed 10240K, reserved 1048576K
}
Event: 5.761 GC heap after
{Heap after GC invocations=31 (full 0):
 garbage-first heap   total 137216K, used 72650K [0x0000000080000000, 0x0000000100000000)
  region size 1024K, 5 young (5120K), 5 survivors (5120K)
 Metaspace       used 73653K, capacity 74783K, committed 74928K, reserved 1114112K
  class space    used 9760K, capacity 10141K, committed 10240K, reserved 1048576K
}
Event: 5.891 GC heap before
{Heap before GC invocations=32 (full 0):
 garbage-first heap   total 150528K, used 108490K [0x0000000080000000, 0x0000000100000000)
  region size 1024K, 41 young (41984K), 5 survivors (5120K)
 Metaspace       used 73856K, capacity 74978K, committed 75184K, reserved 1114112K
  class space    used 9762K, capacity 10142K, committed 10240K, reserved 1048576K
}
Event: 5.894 GC heap after
{Heap after GC invocations=33 (full 0):
 garbage-first heap   total 150528K, used 74959K [0x0000000080000000, 0x0000000100000000)
  region size 1024K, 3 young (3072K), 3 survivors (3072K)
 Metaspace       used 73856K, capacity 74978K, committed 75184K, reserved 1114112K
  class space    used 9762K, capacity 10142K, committed 10240K, reserved 1048576K
}
Event: 6.029 GC heap before
{Heap before GC invocations=33 (full 0):
 garbage-first heap   total 150528K, used 120015K [0x0000000080000000, 0x0000000100000000)
  region size 1024K, 48 young (49152K), 3 survivors (3072K)
 Metaspace       used 74261K, capacity 75363K, committed 75696K, reserved 1114112K
  class space    used 9783K, capacity 10142K, committed 10240K, reserved 1048576K
}
Event: 6.032 GC heap after
{Heap after GC invocations=34 (full 0):
 garbage-first heap   total 181248K, used 77312K [0x0000000080000000, 0x0000000100000000)
  region size 1024K, 5 young (5120K), 5 survivors (5120K)
 Metaspace       used 74261K, capacity 75363K, committed 75696K, reserved 1114112K
  class space    used 9783K, capacity 10142K, committed 10240K, reserved 1048576K
}
Event: 6.472 GC heap before
{Heap before GC invocations=35 (full 0):
 garbage-first heap   total 181248K, used 148992K [0x0000000080000000, 0x0000000100000000)
  region size 1024K, 73 young (74752K), 5 survivors (5120K)
 Metaspace       used 77806K, capacity 78923K, committed 79152K, reserved 1118208K
  class space    used 10221K, capacity 10581K, committed 10624K, reserved 1048576K
}
Event: 6.480 GC heap after
{Heap after GC invocations=36 (full 0):
 garbage-first heap   total 181248K, used 95099K [0x0000000080000000, 0x0000000100000000)
  region size 1024K, 10 young (10240K), 10 survivors (10240K)
 Metaspace       used 77806K, capacity 78923K, committed 79152K, reserved 1118208K
  class space    used 10221K, capacity 10581K, committed 10624K, reserved 1048576K
}
Event: 6.590 GC heap before
{Heap before GC invocations=36 (full 0):
 garbage-first heap   total 181248K, used 116603K [0x0000000080000000, 0x0000000100000000)
  region size 1024K, 33 young (33792K), 10 survivors (10240K)
 Metaspace       used 77947K, capacity 79051K, committed 79152K, reserved 1118208K
  class space    used 10227K, capacity 10581K, committed 10624K, reserved 1048576K
}
Event: 6.598 GC heap after
{Heap after GC invocations=37 (full 0):
 garbage-first heap   total 181248K, used 104042K [0x0000000080000000, 0x0000000100000000)
  region size 1024K, 8 young (8192K), 8 survivors (8192K)
 Metaspace       used 77947K, capacity 79051K, committed 79152K, reserved 1118208K
  class space    used 10227K, capacity 10581K, committed 10624K, reserved 1048576K
}

