# JRE version: OpenJDK Runtime Environment (11.0.10) (build 11.0.10+0-b96-7249189)
# Java VM: OpenJDK 64-Bit Server VM (11.0.10+0-b96-7249189, mixed mode, tiered, compressed oops, g1 gc, windows-amd64)
Heap:
 garbage-first heap   total 451584K, used 237782K [0x0000000080000000, 0x0000000100000000)
  region size 1024K, 6 young (6144K), 6 survivors (6144K)
 Metaspace       used 97184K, capacity 100011K, committed 103448K, reserved 1138688K
  class space    used 12725K, capacity 13813K, committed 15128K, reserved 1048576K
GC Heap History (20 events):
Event: 7.278 GC heap after
{Heap after GC invocations=12 (full 0):
 garbage-first heap   total 260096K, used 77016K [0x0000000080000000, 0x0000000100000000)
  region size 1024K, 10 young (10240K), 10 survivors (10240K)
 Metaspace       used 83388K, capacity 85898K, committed 86092K, reserved 1124352K
  class space    used 10862K, capacity 11779K, committed 11852K, reserved 1048576K
}
Event: 7.594 GC heap before
{Heap before GC invocations=12 (full 0):
 garbage-first heap   total 260096K, used 201944K [0x0000000080000000, 0x0000000100000000)
  region size 1024K, 133 young (136192K), 10 survivors (10240K)
 Metaspace       used 83960K, capacity 86516K, committed 86604K, reserved 1124352K
  class space    used 10902K, capacity 11834K, committed 11852K, reserved 1048576K
}
Event: 7.604 GC heap after
{Heap after GC invocations=13 (full 0):
 garbage-first heap   total 260096K, used 82828K [0x0000000080000000, 0x0000000100000000)
  region size 1024K, 15 young (15360K), 15 survivors (15360K)
 Metaspace       used 83960K, capacity 86516K, committed 86604K, reserved 1124352K
  class space    used 10902K, capacity 11834K, committed 11852K, reserved 1048576K
}
Event: 8.013 GC heap before
{Heap before GC invocations=13 (full 0):
 garbage-first heap   total 260096K, used 240524K [0x0000000080000000, 0x0000000100000000)
  region size 1024K, 136 young (139264K), 15 survivors (15360K)
 Metaspace       used 91653K, capacity 94789K, committed 95052K, reserved 1130496K
  class space    used 12102K, capacity 13289K, committed 13388K, reserved 1048576K
}
Event: 8.030 GC heap after
{Heap after GC invocations=14 (full 0):
 garbage-first heap   total 283648K, used 129287K [0x0000000080000000, 0x0000000100000000)
  region size 1024K, 17 young (17408K), 17 survivors (17408K)
 Metaspace       used 91653K, capacity 94789K, committed 95052K, reserved 1130496K
  class space    used 12102K, capacity 13289K, committed 13388K, reserved 1048576K
}
Event: 8.262 GC heap before
{Heap before GC invocations=14 (full 0):
 garbage-first heap   total 283648K, used 220423K [0x0000000080000000, 0x0000000100000000)
  region size 1024K, 105 young (107520K), 17 survivors (17408K)
 Metaspace       used 96392K, capacity 100206K, committed 100428K, reserved 1134592K
  class space    used 13084K, capacity 14613K, committed 14668K, reserved 1048576K
}
Event: 8.281 GC heap after
{Heap after GC invocations=15 (full 0):
 garbage-first heap   total 283648K, used 148737K [0x0000000080000000, 0x0000000100000000)
  region size 1024K, 14 young (14336K), 14 survivors (14336K)
 Metaspace       used 96392K, capacity 100206K, committed 100428K, reserved 1134592K
  class space    used 13084K, capacity 14613K, committed 14668K, reserved 1048576K
}
Event: 8.316 GC heap before
{Heap before GC invocations=15 (full 0):
 garbage-first heap   total 283648K, used 162049K [0x0000000080000000, 0x0000000100000000)
  region size 1024K, 29 young (29696K), 14 survivors (14336K)
 Metaspace       used 96878K, capacity 100759K, committed 100820K, reserved 1136640K
  class space    used 13165K, capacity 14735K, committed 14796K, reserved 1048576K
}
Event: 8.329 GC heap after
{Heap after GC invocations=16 (full 0):
 garbage-first heap   total 283648K, used 153110K [0x0000000080000000, 0x0000000100000000)
  region size 1024K, 4 young (4096K), 4 survivors (4096K)
 Metaspace       used 96878K, capacity 100759K, committed 100820K, reserved 1136640K
  class space    used 13165K, capacity 14735K, committed 14796K, reserved 1048576K
}
Event: 8.487 GC heap before
{Heap before GC invocations=16 (full 0):
 garbage-first heap   total 283648K, used 201238K [0x0000000080000000, 0x0000000100000000)
  region size 1024K, 52 young (53248K), 4 survivors (4096K)
 Metaspace       used 96771K, capacity 99916K, committed 102432K, reserved 1136640K
  class space    used 12945K, capacity 14198K, committed 15128K, reserved 1048576K
}
Event: 8.497 GC heap after
{Heap after GC invocations=17 (full 0):
 garbage-first heap   total 340992K, used 160542K [0x0000000080000000, 0x0000000100000000)
  region size 1024K, 7 young (7168K), 7 survivors (7168K)
 Metaspace       used 96771K, capacity 99916K, committed 102432K, reserved 1136640K
  class space    used 12945K, capacity 14198K, committed 15128K, reserved 1048576K
}
Event: 8.664 GC heap before
{Heap before GC invocations=18 (full 0):
 garbage-first heap   total 340992K, used 232222K [0x0000000080000000, 0x0000000100000000)
  region size 1024K, 78 young (79872K), 7 survivors (7168K)
 Metaspace       used 96965K, capacity 100124K, committed 102688K, reserved 1136640K
  class space    used 12946K, capacity 14199K, committed 15128K, reserved 1048576K
}
Event: 8.697 GC heap after
{Heap after GC invocations=19 (full 0):
 garbage-first heap   total 340992K, used 180923K [0x0000000080000000, 0x0000000100000000)
  region size 1024K, 10 young (10240K), 10 survivors (10240K)
 Metaspace       used 96965K, capacity 100124K, committed 102688K, reserved 1136640K
  class space    used 12946K, capacity 14199K, committed 15128K, reserved 1048576K
}
Event: 8.863 GC heap before
{Heap before GC invocations=19 (full 0):
 garbage-first heap   total 340992K, used 244411K [0x0000000080000000, 0x0000000100000000)
  region size 1024K, 73 young (74752K), 10 survivors (10240K)
 Metaspace       used 96361K, capacity 98996K, committed 102944K, reserved 1136640K
  class space    used 12623K, capacity 13622K, committed 15128K, reserved 1048576K
}
Event: 8.883 GC heap after
{Heap after GC invocations=20 (full 0):
 garbage-first heap   total 340992K, used 206836K [0x0000000080000000, 0x0000000100000000)
  region size 1024K, 10 young (10240K), 10 survivors (10240K)
 Metaspace       used 96361K, capacity 98996K, committed 102944K, reserved 1136640K
  class space    used 12623K, capacity 13622K, committed 15128K, reserved 1048576K
}
Event: 9.029 GC heap before
{Heap before GC invocations=21 (full 0):
 garbage-first heap   total 340992K, used 257012K [0x0000000080000000, 0x0000000100000000)
  region size 1024K, 60 young (61440K), 10 survivors (10240K)
 Metaspace       used 96636K, capacity 99351K, committed 103192K, reserved 1136640K
  class space    used 12645K, capacity 13672K, committed 15128K, reserved 1048576K
}
Event: 9.044 GC heap after
{Heap after GC invocations=22 (full 0):
 garbage-first heap   total 340992K, used 225280K [0x0000000080000000, 0x0000000100000000)
  region size 1024K, 8 young (8192K), 8 survivors (8192K)
 Metaspace       used 96636K, capacity 99351K, committed 103192K, reserved 1136640K
  class space    used 12645K, capacity 13672K, committed 15128K, reserved 1048576K
}
Event: 9.147 GC heap before
{Heap before GC invocations=22 (full 0):
 garbage-first heap   total 340992K, used 251904K [0x0000000080000000, 0x0000000100000000)
  region size 1024K, 36 young (36864K), 8 survivors (8192K)
 Metaspace       used 96893K, capacity 99595K, committed 103192K, reserved 1136640K
  class space    used 12683K, capacity 13729K, committed 15128K, reserved 1048576K
}
Event: 9.158 GC heap after
{Heap after GC invocations=23 (full 0):
 garbage-first heap   total 340992K, used 233279K [0x0000000080000000, 0x0000000100000000)
  region size 1024K, 6 young (6144K), 6 survivors (6144K)
 Metaspace       used 96893K, capacity 99595K, committed 103192K, reserved 1136640K
  class space    used 12683K, capacity 13729K, committed 15128K, reserved 1048576K
}
Event: 9.295 GC heap before
{Heap before GC invocations=23 (full 0):
 garbage-first heap   total 340992K, used 270143K [0x0000000080000000, 0x0000000100000000)
  region size 1024K, 42 young (43008K), 6 survivors (6144K)
 Metaspace       used 97184K, capacity 100011K, committed 103448K, reserved 1138688K
  class space    used 12725K, capacity 13813K, committed 15128K, reserved 1048576K
}

