# JRE version: OpenJDK Runtime Environment (11.0.10) (build 11.0.10+0-b96-7249189)
# Java VM: OpenJDK 64-Bit Server VM (11.0.10+0-b96-7249189, mixed mode, tiered, compressed oops, g1 gc, windows-amd64)
Heap:
 garbage-first heap   total 260096K, used 43528K [0x0000000080000000, 0x0000000100000000)
  region size 1024K, 20 young (20480K), 17 survivors (17408K)
 Metaspace       used 54171K, capacity 55583K, committed 55884K, reserved 1097728K
  class space    used 6906K, capacity 7435K, committed 7500K, reserved 1048576K
GC Heap History (14 events):
Event: 0.445 GC heap before
{Heap before GC invocations=0 (full 0):
 garbage-first heap   total 260096K, used 29696K [0x0000000080000000, 0x0000000100000000)
  region size 1024K, 24 young (24576K), 0 survivors (0K)
 Metaspace       used 10205K, capacity 10427K, committed 10624K, reserved 1058816K
  class space    used 1064K, capacity 1141K, committed 1152K, reserved 1048576K
}
Event: 0.448 GC heap after
{Heap after GC invocations=1 (full 0):
 garbage-first heap   total 260096K, used 9488K [0x0000000080000000, 0x0000000100000000)
  region size 1024K, 3 young (3072K), 3 survivors (3072K)
 Metaspace       used 10205K, capacity 10427K, committed 10624K, reserved 1058816K
  class space    used 1064K, capacity 1141K, committed 1152K, reserved 1048576K
}
Event: 1.823 GC heap before
{Heap before GC invocations=1 (full 0):
 garbage-first heap   total 260096K, used 103696K [0x0000000080000000, 0x0000000100000000)
  region size 1024K, 96 young (98304K), 3 survivors (3072K)
 Metaspace       used 20615K, capacity 21124K, committed 21248K, reserved 1067008K
  class space    used 2521K, capacity 2722K, committed 2816K, reserved 1048576K
}
Event: 1.830 GC heap after
{Heap after GC invocations=2 (full 0):
 garbage-first heap   total 260096K, used 16412K [0x0000000080000000, 0x0000000100000000)
  region size 1024K, 10 young (10240K), 10 survivors (10240K)
 Metaspace       used 20615K, capacity 21124K, committed 21248K, reserved 1067008K
  class space    used 2521K, capacity 2722K, committed 2816K, reserved 1048576K
}
Event: 1.941 GC heap before
{Heap before GC invocations=3 (full 0):
 garbage-first heap   total 260096K, used 29724K [0x0000000080000000, 0x0000000100000000)
  region size 1024K, 23 young (23552K), 10 survivors (10240K)
 Metaspace       used 21856K, capacity 22435K, committed 22784K, reserved 1069056K
  class space    used 2756K, capacity 2970K, committed 3072K, reserved 1048576K
}
Event: 1.945 GC heap after
{Heap after GC invocations=4 (full 0):
 garbage-first heap   total 260096K, used 17072K [0x0000000080000000, 0x0000000100000000)
  region size 1024K, 1 young (1024K), 1 survivors (1024K)
 Metaspace       used 21856K, capacity 22435K, committed 22784K, reserved 1069056K
  class space    used 2756K, capacity 2970K, committed 3072K, reserved 1048576K
}
Event: 2.498 GC heap before
{Heap before GC invocations=4 (full 0):
 garbage-first heap   total 260096K, used 91824K [0x0000000080000000, 0x0000000100000000)
  region size 1024K, 74 young (75776K), 1 survivors (1024K)
 Metaspace       used 29041K, capacity 29704K, committed 29824K, reserved 1075200K
  class space    used 3892K, capacity 4141K, committed 4224K, reserved 1048576K
}
Event: 2.501 GC heap after
{Heap after GC invocations=5 (full 0):
 garbage-first heap   total 260096K, used 19140K [0x0000000080000000, 0x0000000100000000)
  region size 1024K, 3 young (3072K), 3 survivors (3072K)
 Metaspace       used 29041K, capacity 29704K, committed 29824K, reserved 1075200K
  class space    used 3892K, capacity 4141K, committed 4224K, reserved 1048576K
}
Event: 2.841 GC heap before
{Heap before GC invocations=5 (full 0):
 garbage-first heap   total 260096K, used 41668K [0x0000000080000000, 0x0000000100000000)
  region size 1024K, 27 young (27648K), 3 survivors (3072K)
 Metaspace       used 35074K, capacity 35830K, committed 35840K, reserved 1081344K
  class space    used 4547K, capacity 4864K, committed 4864K, reserved 1048576K
}
Event: 2.846 GC heap after
{Heap after GC invocations=6 (full 0):
 garbage-first heap   total 260096K, used 21763K [0x0000000080000000, 0x0000000100000000)
  region size 1024K, 6 young (6144K), 6 survivors (6144K)
 Metaspace       used 35074K, capacity 35830K, committed 35840K, reserved 1081344K
  class space    used 4547K, capacity 4864K, committed 4864K, reserved 1048576K
}
Event: 3.671 GC heap before
{Heap before GC invocations=7 (full 0):
 garbage-first heap   total 260096K, used 127235K [0x0000000080000000, 0x0000000100000000)
  region size 1024K, 106 young (108544K), 6 survivors (6144K)
 Metaspace       used 43398K, capacity 44459K, committed 44620K, reserved 1087488K
  class space    used 5550K, capacity 5896K, committed 5964K, reserved 1048576K
}
Event: 3.678 GC heap after
{Heap after GC invocations=8 (full 0):
 garbage-first heap   total 260096K, used 27935K [0x0000000080000000, 0x0000000100000000)
  region size 1024K, 12 young (12288K), 12 survivors (12288K)
 Metaspace       used 43398K, capacity 44459K, committed 44620K, reserved 1087488K
  class space    used 5550K, capacity 5896K, committed 5964K, reserved 1048576K
}
Event: 5.467 GC heap before
{Heap before GC invocations=8 (full 0):
 garbage-first heap   total 260096K, used 154911K [0x0000000080000000, 0x0000000100000000)
  region size 1024K, 133 young (136192K), 12 survivors (12288K)
 Metaspace       used 53712K, capacity 55135K, committed 55372K, reserved 1097728K
  class space    used 6857K, capacity 7371K, committed 7500K, reserved 1048576K
}
Event: 5.478 GC heap after
{Heap after GC invocations=9 (full 0):
 garbage-first heap   total 260096K, used 41480K [0x0000000080000000, 0x0000000100000000)
  region size 1024K, 17 young (17408K), 17 survivors (17408K)
 Metaspace       used 53712K, capacity 55135K, committed 55372K, reserved 1097728K
  class space    used 6857K, capacity 7371K, committed 7500K, reserved 1048576K
}

