# JRE version: Java(TM) SE Runtime Environment (15.0.2+7) (build 15.0.2+7-27)
# Java VM: Java HotSpot(TM) 64-Bit Server VM (15.0.2+7-27, mixed mode, sharing, tiered, compressed oops, g1 gc, windows-amd64)
GC Precious Log:
 CPUs: 12 total, 12 available
 Memory: 16225M
 Large Page Support: Disabled
 NUMA Support: Disabled
 Compressed Oops: Enabled (32-bit)
 Heap Region Size: 1M
 Heap Min Capacity: 8M
 Heap Initial Capacity: 254M
 Heap Max Capacity: 2G
 Pre-touch: Disabled
 Parallel Workers: 10
 Concurrent Workers: 3
 Concurrent Refinement Workers: 10
 Periodic GC: Disabled
Heap:
 garbage-first heap   total 78848K, used 49469K [0x0000000080000000, 0x0000000100000000)
  region size 1024K, 23 young (23552K), 5 survivors (5120K)
 Metaspace       used 38735K, capacity 39456K, committed 39600K, reserved 1083392K
  class space    used 5135K, capacity 5324K, committed 5376K, reserved 1048576K
GC Heap History (16 events):
Event: 5.501 GC heap before
{Heap before GC invocations=0 (full 0):
 garbage-first heap   total 260096K, used 28672K [0x0000000080000000, 0x0000000100000000)
  region size 1024K, 23 young (23552K), 0 survivors (0K)
 Metaspace       used 3359K, capacity 6134K, committed 6400K, reserved 1056768K
  class space    used 423K, capacity 678K, committed 768K, reserved 1048576K
}
Event: 5.508 GC heap after
{Heap after GC invocations=1 (full 0):
 garbage-first heap   total 260096K, used 9216K [0x0000000080000000, 0x0000000100000000)
  region size 1024K, 3 young (3072K), 3 survivors (3072K)
 Metaspace       used 3359K, capacity 6134K, committed 6400K, reserved 1056768K
  class space    used 423K, capacity 678K, committed 768K, reserved 1048576K
}
Event: 7.912 GC heap before
{Heap before GC invocations=1 (full 0):
 garbage-first heap   total 260096K, used 36864K [0x0000000080000000, 0x0000000100000000)
  region size 1024K, 30 young (30720K), 3 survivors (3072K)
 Metaspace       used 4269K, capacity 6649K, committed 6912K, reserved 1056768K
  class space    used 517K, capacity 743K, committed 768K, reserved 1048576K
}
Event: 7.916 GC heap after
{Heap after GC invocations=2 (full 0):
 garbage-first heap   total 260096K, used 10926K [0x0000000080000000, 0x0000000100000000)
  region size 1024K, 2 young (2048K), 2 survivors (2048K)
 Metaspace       used 4269K, capacity 6649K, committed 6912K, reserved 1056768K
  class space    used 517K, capacity 743K, committed 768K, reserved 1048576K
}
Event: 12.262 GC heap before
{Heap before GC invocations=2 (full 0):
 garbage-first heap   total 260096K, used 113326K [0x0000000080000000, 0x0000000100000000)
  region size 1024K, 103 young (105472K), 2 survivors (2048K)
 Metaspace       used 20720K, capacity 21144K, committed 21296K, reserved 1067008K
  class space    used 2999K, capacity 3145K, committed 3200K, reserved 1048576K
}
Event: 12.273 GC heap after
{Heap after GC invocations=3 (full 0):
 garbage-first heap   total 260096K, used 19590K [0x0000000080000000, 0x0000000100000000)
  region size 1024K, 11 young (11264K), 11 survivors (11264K)
 Metaspace       used 20720K, capacity 21144K, committed 21296K, reserved 1067008K
  class space    used 2999K, capacity 3145K, committed 3200K, reserved 1048576K
}
Event: 13.293 GC heap before
{Heap before GC invocations=4 (full 0):
 garbage-first heap   total 78848K, used 55430K [0x0000000080000000, 0x0000000100000000)
  region size 1024K, 46 young (47104K), 11 survivors (11264K)
 Metaspace       used 27589K, capacity 28185K, committed 28464K, reserved 1073152K
  class space    used 3778K, capacity 3959K, committed 3968K, reserved 1048576K
}
Event: 13.309 GC heap after
{Heap after GC invocations=5 (full 0):
 garbage-first heap   total 78848K, used 24124K [0x0000000080000000, 0x0000000100000000)
  region size 1024K, 5 young (5120K), 5 survivors (5120K)
 Metaspace       used 27589K, capacity 28185K, committed 28464K, reserved 1073152K
  class space    used 3778K, capacity 3959K, committed 3968K, reserved 1048576K
}
Event: 13.962 GC heap before
{Heap before GC invocations=5 (full 0):
 garbage-first heap   total 78848K, used 57916K [0x0000000080000000, 0x0000000100000000)
  region size 1024K, 36 young (36864K), 5 survivors (5120K)
 Metaspace       used 30306K, capacity 30868K, committed 31152K, reserved 1077248K
  class space    used 4066K, capacity 4232K, committed 4352K, reserved 1048576K
}
Event: 13.972 GC heap after
{Heap after GC invocations=6 (full 0):
 garbage-first heap   total 78848K, used 26330K [0x0000000080000000, 0x0000000100000000)
  region size 1024K, 4 young (4096K), 4 survivors (4096K)
 Metaspace       used 30306K, capacity 30868K, committed 31152K, reserved 1077248K
  class space    used 4066K, capacity 4232K, committed 4352K, reserved 1048576K
}
Event: 14.828 GC heap before
{Heap before GC invocations=6 (full 0):
 garbage-first heap   total 78848K, used 57050K [0x0000000080000000, 0x0000000100000000)
  region size 1024K, 34 young (34816K), 4 survivors (4096K)
 Metaspace       used 34612K, capacity 35261K, committed 35504K, reserved 1079296K
  class space    used 4604K, capacity 4793K, committed 4864K, reserved 1048576K
}
Event: 14.834 GC heap after
{Heap after GC invocations=7 (full 0):
 garbage-first heap   total 78848K, used 28449K [0x0000000080000000, 0x0000000100000000)
  region size 1024K, 3 young (3072K), 3 survivors (3072K)
 Metaspace       used 34612K, capacity 35261K, committed 35504K, reserved 1079296K
  class space    used 4604K, capacity 4793K, committed 4864K, reserved 1048576K
}
Event: 14.989 GC heap before
{Heap before GC invocations=7 (full 0):
 garbage-first heap   total 78848K, used 33569K [0x0000000080000000, 0x0000000100000000)
  region size 1024K, 9 young (9216K), 3 survivors (3072K)
 Metaspace       used 35230K, capacity 35858K, committed 35920K, reserved 1081344K
  class space    used 4689K, capacity 4863K, committed 4864K, reserved 1048576K
}
Event: 14.994 GC heap after
{Heap after GC invocations=8 (full 0):
 garbage-first heap   total 78848K, used 28610K [0x0000000080000000, 0x0000000100000000)
  region size 1024K, 3 young (3072K), 3 survivors (3072K)
 Metaspace       used 35230K, capacity 35858K, committed 35920K, reserved 1081344K
  class space    used 4689K, capacity 4863K, committed 4864K, reserved 1048576K
}
Event: 16.551 GC heap before
{Heap before GC invocations=9 (full 0):
 garbage-first heap   total 78848K, used 59330K [0x0000000080000000, 0x0000000100000000)
  region size 1024K, 33 young (33792K), 3 survivors (3072K)
 Metaspace       used 38285K, capacity 38896K, committed 39088K, reserved 1083392K
  class space    used 5099K, capacity 5288K, committed 5376K, reserved 1048576K
}
Event: 16.555 GC heap after
{Heap after GC invocations=10 (full 0):
 garbage-first heap   total 78848K, used 31037K [0x0000000080000000, 0x0000000100000000)
  region size 1024K, 5 young (5120K), 5 survivors (5120K)
 Metaspace       used 38285K, capacity 38896K, committed 39088K, reserved 1083392K
  class space    used 5099K, capacity 5288K, committed 5376K, reserved 1048576K
}

