# JRE version: Java(TM) SE Runtime Environment (15.0.2+7) (build 15.0.2+7-27)
# Java VM: Java HotSpot(TM) 64-Bit Server VM (15.0.2+7-27, mixed mode, sharing, tiered, compressed oops, g1 gc, windows-amd64)
GC Precious Log:
 CPUs: 12 total, 12 available
 Memory: 16225M
 Large Page Support: Disabled
 NUMA Support: Disabled
 Compressed Oops: Enabled (32-bit)
 Heap Region Size: 1M
 Heap Min Capacity: 8M
 Heap Initial Capacity: 254M
 Heap Max Capacity: 2G
 Pre-touch: Disabled
 Parallel Workers: 10
 Concurrent Workers: 3
 Concurrent Refinement Workers: 10
 Periodic GC: Disabled
Heap:
 garbage-first heap   total 202752K, used 102781K [0x0000000080000000, 0x0000000100000000)
  region size 1024K, 5 young (5120K), 5 survivors (5120K)
 Metaspace       used 76129K, capacity 77303K, committed 77616K, reserved 1116160K
  class space    used 9964K, capacity 10295K, committed 10368K, reserved 1048576K
GC Heap History (20 events):
Event: 4.555 GC heap after
{Heap after GC invocations=18 (full 0):
 garbage-first heap   total 96256K, used 55914K [0x0000000080000000, 0x0000000100000000)
  region size 1024K, 3 young (3072K), 3 survivors (3072K)
 Metaspace       used 57491K, capacity 58386K, committed 58672K, reserved 1099776K
  class space    used 7406K, capacity 7694K, committed 7808K, reserved 1048576K
}
Event: 4.753 GC heap before
{Heap before GC invocations=19 (full 0):
 garbage-first heap   total 101376K, used 77418K [0x0000000080000000, 0x0000000100000000)
  region size 1024K, 24 young (24576K), 3 survivors (3072K)
 Metaspace       used 60621K, capacity 61572K, committed 61744K, reserved 1103872K
  class space    used 7958K, capacity 8241K, committed 8320K, reserved 1048576K
}
Event: 4.755 GC heap after
{Heap after GC invocations=20 (full 0):
 garbage-first heap   total 101376K, used 57164K [0x0000000080000000, 0x0000000100000000)
  region size 1024K, 2 young (2048K), 2 survivors (2048K)
 Metaspace       used 60621K, capacity 61572K, committed 61744K, reserved 1103872K
  class space    used 7958K, capacity 8241K, committed 8320K, reserved 1048576K
}
Event: 4.872 GC heap before
{Heap before GC invocations=20 (full 0):
 garbage-first heap   total 101376K, used 81740K [0x0000000080000000, 0x0000000100000000)
  region size 1024K, 27 young (27648K), 2 survivors (2048K)
 Metaspace       used 61651K, capacity 62539K, committed 62896K, reserved 1103872K
  class space    used 8083K, capacity 8346K, committed 8448K, reserved 1048576K
}
Event: 4.875 GC heap after
{Heap after GC invocations=21 (full 0):
 garbage-first heap   total 121856K, used 59122K [0x0000000080000000, 0x0000000100000000)
  region size 1024K, 4 young (4096K), 4 survivors (4096K)
 Metaspace       used 61651K, capacity 62539K, committed 62896K, reserved 1103872K
  class space    used 8083K, capacity 8346K, committed 8448K, reserved 1048576K
}
Event: 5.238 GC heap before
{Heap before GC invocations=22 (full 0):
 garbage-first heap   total 121856K, used 100082K [0x0000000080000000, 0x0000000100000000)
  region size 1024K, 44 young (45056K), 4 survivors (4096K)
 Metaspace       used 66605K, capacity 67543K, committed 67632K, reserved 1107968K
  class space    used 8785K, capacity 9085K, committed 9088K, reserved 1048576K
}
Event: 5.242 GC heap after
{Heap after GC invocations=23 (full 0):
 garbage-first heap   total 121856K, used 62125K [0x0000000080000000, 0x0000000100000000)
  region size 1024K, 5 young (5120K), 5 survivors (5120K)
 Metaspace       used 66605K, capacity 67543K, committed 67632K, reserved 1107968K
  class space    used 8785K, capacity 9085K, committed 9088K, reserved 1048576K
}
Event: 5.513 GC heap before
{Heap before GC invocations=23 (full 0):
 garbage-first heap   total 121856K, used 100013K [0x0000000080000000, 0x0000000100000000)
  region size 1024K, 42 young (43008K), 5 survivors (5120K)
 Metaspace       used 69112K, capacity 70104K, committed 70320K, reserved 1110016K
  class space    used 9102K, capacity 9396K, committed 9472K, reserved 1048576K
}
Event: 5.517 GC heap after
{Heap after GC invocations=24 (full 0):
 garbage-first heap   total 121856K, used 65327K [0x0000000080000000, 0x0000000100000000)
  region size 1024K, 6 young (6144K), 6 survivors (6144K)
 Metaspace       used 69112K, capacity 70104K, committed 70320K, reserved 1110016K
  class space    used 9102K, capacity 9396K, committed 9472K, reserved 1048576K
}
Event: 5.878 GC heap before
{Heap before GC invocations=25 (full 0):
 garbage-first heap   total 121856K, used 99119K [0x0000000080000000, 0x0000000100000000)
  region size 1024K, 40 young (40960K), 6 survivors (6144K)
 Metaspace       used 72400K, capacity 73454K, committed 73520K, reserved 1114112K
  class space    used 9463K, capacity 9807K, committed 9856K, reserved 1048576K
}
Event: 5.884 GC heap after
{Heap after GC invocations=26 (full 0):
 garbage-first heap   total 121856K, used 70380K [0x0000000080000000, 0x0000000100000000)
  region size 1024K, 5 young (5120K), 5 survivors (5120K)
 Metaspace       used 72400K, capacity 73454K, committed 73520K, reserved 1114112K
  class space    used 9463K, capacity 9807K, committed 9856K, reserved 1048576K
}
Event: 6.036 GC heap before
{Heap before GC invocations=26 (full 0):
 garbage-first heap   total 121856K, used 98028K [0x0000000080000000, 0x0000000100000000)
  region size 1024K, 33 young (33792K), 5 survivors (5120K)
 Metaspace       used 73750K, capacity 74909K, committed 75184K, reserved 1114112K
  class space    used 9768K, capacity 10140K, committed 10240K, reserved 1048576K
}
Event: 6.041 GC heap after
{Heap after GC invocations=27 (full 0):
 garbage-first heap   total 146432K, used 73784K [0x0000000080000000, 0x0000000100000000)
  region size 1024K, 4 young (4096K), 4 survivors (4096K)
 Metaspace       used 73750K, capacity 74909K, committed 75184K, reserved 1114112K
  class space    used 9768K, capacity 10140K, committed 10240K, reserved 1048576K
}
Event: 6.203 GC heap before
{Heap before GC invocations=28 (full 0):
 garbage-first heap   total 148480K, used 116792K [0x0000000080000000, 0x0000000100000000)
  region size 1024K, 47 young (48128K), 4 survivors (4096K)
 Metaspace       used 73994K, capacity 75171K, committed 75440K, reserved 1114112K
  class space    used 9770K, capacity 10142K, committed 10240K, reserved 1048576K
}
Event: 6.206 GC heap after
{Heap after GC invocations=29 (full 0):
 garbage-first heap   total 148480K, used 75251K [0x0000000080000000, 0x0000000100000000)
  region size 1024K, 5 young (5120K), 5 survivors (5120K)
 Metaspace       used 73994K, capacity 75171K, committed 75440K, reserved 1114112K
  class space    used 9770K, capacity 10142K, committed 10240K, reserved 1048576K
}
Event: 7.004 GC heap before
{Heap before GC invocations=29 (full 0):
 garbage-first heap   total 148480K, used 120307K [0x0000000080000000, 0x0000000100000000)
  region size 1024K, 50 young (51200K), 5 survivors (5120K)
 Metaspace       used 75316K, capacity 76393K, committed 76592K, reserved 1116160K
  class space    used 9925K, capacity 10271K, committed 10368K, reserved 1048576K
}
Event: 7.008 GC heap after
{Heap after GC invocations=30 (full 0):
 garbage-first heap   total 148480K, used 78042K [0x0000000080000000, 0x0000000100000000)
  region size 1024K, 5 young (5120K), 5 survivors (5120K)
 Metaspace       used 75316K, capacity 76393K, committed 76592K, reserved 1116160K
  class space    used 9925K, capacity 10271K, committed 10368K, reserved 1048576K
}
Event: 7.480 GC heap before
{Heap before GC invocations=31 (full 0):
 garbage-first heap   total 148480K, used 115930K [0x0000000080000000, 0x0000000100000000)
  region size 1024K, 44 young (45056K), 5 survivors (5120K)
 Metaspace       used 75954K, capacity 77141K, committed 77360K, reserved 1116160K
  class space    used 9959K, capacity 10305K, committed 10368K, reserved 1048576K
}
Event: 7.486 GC heap after
{Heap after GC invocations=32 (full 0):
 garbage-first heap   total 148480K, used 89384K [0x0000000080000000, 0x0000000100000000)
  region size 1024K, 6 young (6144K), 6 survivors (6144K)
 Metaspace       used 75954K, capacity 77141K, committed 77360K, reserved 1116160K
  class space    used 9959K, capacity 10305K, committed 10368K, reserved 1048576K
}
Event: 7.724 GC heap before
{Heap before GC invocations=33 (full 0):
 garbage-first heap   total 168960K, used 120104K [0x0000000080000000, 0x0000000100000000)
  region size 1024K, 34 young (34816K), 6 survivors (6144K)
 Metaspace       used 76129K, capacity 77303K, committed 77616K, reserved 1116160K
  class space    used 9964K, capacity 10295K, committed 10368K, reserved 1048576K
}

