# JRE version: Java(TM) SE Runtime Environment (15.0.2+7) (build 15.0.2+7-27)
# Java VM: Java HotSpot(TM) 64-Bit Server VM (15.0.2+7-27, mixed mode, sharing, tiered, compressed oops, g1 gc, windows-amd64)
GC Precious Log:
 CPUs: 12 total, 12 available
 Memory: 16225M
 Large Page Support: Disabled
 NUMA Support: Disabled
 Compressed Oops: Enabled (32-bit)
 Heap Region Size: 1M
 Heap Min Capacity: 8M
 Heap Initial Capacity: 254M
 Heap Max Capacity: 2G
 Pre-touch: Disabled
 Parallel Workers: 10
 Concurrent Workers: 3
 Concurrent Refinement Workers: 10
 Periodic GC: Disabled
Heap:
 garbage-first heap   total 201728K, used 118773K [0x0000000080000000, 0x0000000100000000)
  region size 1024K, 10 young (10240K), 5 survivors (5120K)
 Metaspace       used 76468K, capacity 77591K, committed 77872K, reserved 1116160K
  class space    used 9992K, capacity 10327K, committed 10368K, reserved 1048576K
GC Heap History (20 events):
Event: 4.611 GC heap before
{Heap before GC invocations=23 (full 0):
 garbage-first heap   total 113664K, used 88949K [0x0000000080000000, 0x0000000100000000)
  region size 1024K, 37 young (37888K), 3 survivors (3072K)
 Metaspace       used 58631K, capacity 59538K, committed 59824K, reserved 1101824K
  class space    used 7620K, capacity 7886K, committed 7936K, reserved 1048576K
}
Event: 4.614 GC heap after
{Heap after GC invocations=24 (full 0):
 garbage-first heap   total 113664K, used 57024K [0x0000000080000000, 0x0000000100000000)
  region size 1024K, 5 young (5120K), 5 survivors (5120K)
 Metaspace       used 58631K, capacity 59538K, committed 59824K, reserved 1101824K
  class space    used 7620K, capacity 7886K, committed 7936K, reserved 1048576K
}
Event: 4.848 GC heap before
{Heap before GC invocations=25 (full 0):
 garbage-first heap   total 113664K, used 90816K [0x0000000080000000, 0x0000000100000000)
  region size 1024K, 38 young (38912K), 5 survivors (5120K)
 Metaspace       used 61370K, capacity 62297K, committed 62512K, reserved 1103872K
  class space    used 8049K, capacity 8310K, committed 8320K, reserved 1048576K
}
Event: 4.852 GC heap after
{Heap after GC invocations=26 (full 0):
 garbage-first heap   total 113664K, used 59915K [0x0000000080000000, 0x0000000100000000)
  region size 1024K, 3 young (3072K), 3 survivors (3072K)
 Metaspace       used 61370K, capacity 62297K, committed 62512K, reserved 1103872K
  class space    used 8049K, capacity 8310K, committed 8320K, reserved 1048576K
}
Event: 5.082 GC heap before
{Heap before GC invocations=26 (full 0):
 garbage-first heap   total 113664K, used 91659K [0x0000000080000000, 0x0000000100000000)
  region size 1024K, 34 young (34816K), 3 survivors (3072K)
 Metaspace       used 63563K, capacity 64579K, committed 64688K, reserved 1105920K
  class space    used 8374K, capacity 8683K, committed 8704K, reserved 1048576K
}
Event: 5.085 GC heap after
{Heap after GC invocations=27 (full 0):
 garbage-first heap   total 113664K, used 62027K [0x0000000080000000, 0x0000000100000000)
  region size 1024K, 5 young (5120K), 5 survivors (5120K)
 Metaspace       used 63563K, capacity 64579K, committed 64688K, reserved 1105920K
  class space    used 8374K, capacity 8683K, committed 8704K, reserved 1048576K
}
Event: 5.378 GC heap before
{Heap before GC invocations=28 (full 0):
 garbage-first heap   total 113664K, used 92747K [0x0000000080000000, 0x0000000100000000)
  region size 1024K, 35 young (35840K), 5 survivors (5120K)
 Metaspace       used 67886K, capacity 68907K, committed 69168K, reserved 1110016K
  class space    used 8963K, capacity 9254K, committed 9344K, reserved 1048576K
}
Event: 5.382 GC heap after
{Heap after GC invocations=29 (full 0):
 garbage-first heap   total 137216K, used 64255K [0x0000000080000000, 0x0000000100000000)
  region size 1024K, 5 young (5120K), 5 survivors (5120K)
 Metaspace       used 67886K, capacity 68907K, committed 69168K, reserved 1110016K
  class space    used 8963K, capacity 9254K, committed 9344K, reserved 1048576K
}
Event: 5.769 GC heap before
{Heap before GC invocations=29 (full 0):
 garbage-first heap   total 137216K, used 110335K [0x0000000080000000, 0x0000000100000000)
  region size 1024K, 50 young (51200K), 5 survivors (5120K)
 Metaspace       used 71721K, capacity 72830K, committed 73008K, reserved 1112064K
  class space    used 9411K, capacity 9733K, committed 9856K, reserved 1048576K
}
Event: 5.774 GC heap after
{Heap after GC invocations=30 (full 0):
 garbage-first heap   total 137216K, used 69836K [0x0000000080000000, 0x0000000100000000)
  region size 1024K, 7 young (7168K), 7 survivors (7168K)
 Metaspace       used 71721K, capacity 72830K, committed 73008K, reserved 1112064K
  class space    used 9411K, capacity 9733K, committed 9856K, reserved 1048576K
}
Event: 6.060 GC heap before
{Heap before GC invocations=30 (full 0):
 garbage-first heap   total 137216K, used 108748K [0x0000000080000000, 0x0000000100000000)
  region size 1024K, 46 young (47104K), 7 survivors (7168K)
 Metaspace       used 73713K, capacity 74847K, committed 75184K, reserved 1114112K
  class space    used 9769K, capacity 10141K, committed 10240K, reserved 1048576K
}
Event: 6.066 GC heap after
{Heap after GC invocations=31 (full 0):
 garbage-first heap   total 137216K, used 74241K [0x0000000080000000, 0x0000000100000000)
  region size 1024K, 5 young (5120K), 5 survivors (5120K)
 Metaspace       used 73713K, capacity 74847K, committed 75184K, reserved 1114112K
  class space    used 9769K, capacity 10141K, committed 10240K, reserved 1048576K
}
Event: 6.209 GC heap before
{Heap before GC invocations=32 (full 0):
 garbage-first heap   total 148480K, used 109057K [0x0000000080000000, 0x0000000100000000)
  region size 1024K, 40 young (40960K), 5 survivors (5120K)
 Metaspace       used 73947K, capacity 75046K, committed 75184K, reserved 1114112K
  class space    used 9771K, capacity 10143K, committed 10240K, reserved 1048576K
}
Event: 6.212 GC heap after
{Heap after GC invocations=33 (full 0):
 garbage-first heap   total 148480K, used 76687K [0x0000000080000000, 0x0000000100000000)
  region size 1024K, 3 young (3072K), 3 survivors (3072K)
 Metaspace       used 73947K, capacity 75046K, committed 75184K, reserved 1114112K
  class space    used 9771K, capacity 10143K, committed 10240K, reserved 1048576K
}
Event: 6.470 GC heap before
{Heap before GC invocations=33 (full 0):
 garbage-first heap   total 148480K, used 119695K [0x0000000080000000, 0x0000000100000000)
  region size 1024K, 46 young (47104K), 3 survivors (3072K)
 Metaspace       used 74376K, capacity 75430K, committed 75696K, reserved 1114112K
  class space    used 9796K, capacity 10143K, committed 10240K, reserved 1048576K
}
Event: 6.473 GC heap after
{Heap after GC invocations=34 (full 0):
 garbage-first heap   total 178176K, used 78956K [0x0000000080000000, 0x0000000100000000)
  region size 1024K, 5 young (5120K), 5 survivors (5120K)
 Metaspace       used 74376K, capacity 75430K, committed 75696K, reserved 1114112K
  class space    used 9796K, capacity 10143K, committed 10240K, reserved 1048576K
}
Event: 7.232 GC heap before
{Heap before GC invocations=35 (full 0):
 garbage-first heap   total 178176K, used 145516K [0x0000000080000000, 0x0000000100000000)
  region size 1024K, 68 young (69632K), 5 survivors (5120K)
 Metaspace       used 75941K, capacity 77111K, committed 77360K, reserved 1116160K
  class space    used 9952K, capacity 10295K, committed 10368K, reserved 1048576K
}
Event: 7.241 GC heap after
{Heap after GC invocations=36 (full 0):
 garbage-first heap   total 178176K, used 101049K [0x0000000080000000, 0x0000000100000000)
  region size 1024K, 9 young (9216K), 9 survivors (9216K)
 Metaspace       used 75941K, capacity 77111K, committed 77360K, reserved 1116160K
  class space    used 9952K, capacity 10295K, committed 10368K, reserved 1048576K
}
Event: 7.434 GC heap before
{Heap before GC invocations=36 (full 0):
 garbage-first heap   total 178176K, used 122553K [0x0000000080000000, 0x0000000100000000)
  region size 1024K, 31 young (31744K), 9 survivors (9216K)
 Metaspace       used 76371K, capacity 77495K, committed 77616K, reserved 1116160K
  class space    used 9982K, capacity 10295K, committed 10368K, reserved 1048576K
}
Event: 7.440 GC heap after
{Heap after GC invocations=37 (full 0):
 garbage-first heap   total 178176K, used 106485K [0x0000000080000000, 0x0000000100000000)
  region size 1024K, 5 young (5120K), 5 survivors (5120K)
 Metaspace       used 76371K, capacity 77495K, committed 77616K, reserved 1116160K
  class space    used 9982K, capacity 10295K, committed 10368K, reserved 1048576K
}

