# JRE version: Java(TM) SE Runtime Environment (15.0.2+7) (build 15.0.2+7-27)
# Java VM: Java HotSpot(TM) 64-Bit Server VM (15.0.2+7-27, mixed mode, sharing, tiered, compressed oops, g1 gc, windows-amd64)
GC Precious Log:
 CPUs: 12 total, 12 available
 Memory: 16225M
 Large Page Support: Disabled
 NUMA Support: Disabled
 Compressed Oops: Enabled (32-bit)
 Heap Region Size: 1M
 Heap Min Capacity: 8M
 Heap Initial Capacity: 254M
 Heap Max Capacity: 2G
 Pre-touch: Disabled
 Parallel Workers: 10
 Concurrent Workers: 3
 Concurrent Refinement Workers: 10
 Periodic GC: Disabled
Heap:
 garbage-first heap   total 291840K, used 171956K [0x0000000080000000, 0x0000000100000000)
  region size 1024K, 39 young (39936K), 8 survivors (8192K)
 Metaspace       used 117956K, capacity 119421K, committed 119472K, reserved 1153024K
  class space    used 14910K, capacity 15345K, committed 15360K, reserved 1048576K
GC Heap History (20 events):
Event: 1324.945 GC heap before
{Heap before GC invocations=69 (full 0):
 garbage-first heap   total 211968K, used 129008K [0x0000000080000000, 0x0000000100000000)
  region size 1024K, 10 young (10240K), 8 survivors (8192K)
 Metaspace       used 111264K, capacity 112784K, committed 112816K, reserved 1146880K
  class space    used 14386K, capacity 14848K, committed 14848K, reserved 1048576K
}
Event: 1324.955 GC heap after
{Heap after GC invocations=70 (full 0):
 garbage-first heap   total 211968K, used 118579K [0x0000000080000000, 0x0000000100000000)
  region size 1024K, 2 young (2048K), 2 survivors (2048K)
 Metaspace       used 111264K, capacity 112784K, committed 112816K, reserved 1146880K
  class space    used 14386K, capacity 14848K, committed 14848K, reserved 1048576K
}
Event: 1325.106 GC heap before
{Heap before GC invocations=70 (full 0):
 garbage-first heap   total 211968K, used 143155K [0x0000000080000000, 0x0000000100000000)
  region size 1024K, 27 young (27648K), 2 survivors (2048K)
 Metaspace       used 111831K, capacity 113430K, committed 113712K, reserved 1148928K
  class space    used 14432K, capacity 14913K, committed 14976K, reserved 1048576K
}
Event: 1325.111 GC heap after
{Heap after GC invocations=71 (full 0):
 garbage-first heap   total 211968K, used 127598K [0x0000000080000000, 0x0000000100000000)
  region size 1024K, 7 young (7168K), 7 survivors (7168K)
 Metaspace       used 111831K, capacity 113430K, committed 113712K, reserved 1148928K
  class space    used 14432K, capacity 14913K, committed 14976K, reserved 1048576K
}
Event: 1327.088 GC heap before
{Heap before GC invocations=72 (full 0):
 garbage-first heap   total 247808K, used 182894K [0x0000000080000000, 0x0000000100000000)
  region size 1024K, 45 young (46080K), 7 survivors (7168K)
 Metaspace       used 115213K, capacity 116690K, committed 116912K, reserved 1150976K
  class space    used 14782K, capacity 15246K, committed 15360K, reserved 1048576K
}
Event: 1327.098 GC heap after
{Heap after GC invocations=73 (full 0):
 garbage-first heap   total 247808K, used 130497K [0x0000000080000000, 0x0000000100000000)
  region size 1024K, 3 young (3072K), 3 survivors (3072K)
 Metaspace       used 115213K, capacity 116690K, committed 116912K, reserved 1150976K
  class space    used 14782K, capacity 15246K, committed 15360K, reserved 1048576K
}
Event: 1327.999 GC heap before
{Heap before GC invocations=73 (full 0):
 garbage-first heap   total 247808K, used 190913K [0x0000000080000000, 0x0000000100000000)
  region size 1024K, 63 young (64512K), 3 survivors (3072K)
 Metaspace       used 115783K, capacity 117333K, committed 117424K, reserved 1150976K
  class space    used 14832K, capacity 15311K, committed 15360K, reserved 1048576K
}
Event: 1328.002 GC heap after
{Heap after GC invocations=74 (full 0):
 garbage-first heap   total 247808K, used 133268K [0x0000000080000000, 0x0000000100000000)
  region size 1024K, 6 young (6144K), 6 survivors (6144K)
 Metaspace       used 115783K, capacity 117333K, committed 117424K, reserved 1150976K
  class space    used 14832K, capacity 15311K, committed 15360K, reserved 1048576K
}
Event: 1328.564 GC heap before
{Heap before GC invocations=75 (full 0):
 garbage-first heap   total 249856K, used 196756K [0x0000000080000000, 0x0000000100000000)
  region size 1024K, 67 young (68608K), 6 survivors (6144K)
 Metaspace       used 116409K, capacity 117909K, committed 118192K, reserved 1153024K
  class space    used 14857K, capacity 15311K, committed 15360K, reserved 1048576K
}
Event: 1328.571 GC heap after
{Heap after GC invocations=76 (full 0):
 garbage-first heap   total 249856K, used 148106K [0x0000000080000000, 0x0000000100000000)
  region size 1024K, 9 young (9216K), 9 survivors (9216K)
 Metaspace       used 116409K, capacity 117909K, committed 118192K, reserved 1153024K
  class space    used 14857K, capacity 15311K, committed 15360K, reserved 1048576K
}
Event: 1328.582 GC heap before
{Heap before GC invocations=76 (full 0):
 garbage-first heap   total 249856K, used 151178K [0x0000000080000000, 0x0000000100000000)
  region size 1024K, 12 young (12288K), 9 survivors (9216K)
 Metaspace       used 116410K, capacity 117909K, committed 118192K, reserved 1153024K
  class space    used 14857K, capacity 15311K, committed 15360K, reserved 1048576K
}
Event: 1328.591 GC heap after
{Heap after GC invocations=77 (full 0):
 garbage-first heap   total 249856K, used 133589K [0x0000000080000000, 0x0000000100000000)
  region size 1024K, 2 young (2048K), 2 survivors (2048K)
 Metaspace       used 116410K, capacity 117909K, committed 118192K, reserved 1153024K
  class space    used 14857K, capacity 15311K, committed 15360K, reserved 1048576K
}
Event: 1329.025 GC heap before
{Heap before GC invocations=77 (full 0):
 garbage-first heap   total 249856K, used 194005K [0x0000000080000000, 0x0000000100000000)
  region size 1024K, 61 young (62464K), 2 survivors (2048K)
 Metaspace       used 117141K, capacity 118618K, committed 118704K, reserved 1153024K
  class space    used 14868K, capacity 15312K, committed 15360K, reserved 1048576K
}
Event: 1329.032 GC heap after
{Heap after GC invocations=78 (full 0):
 garbage-first heap   total 249856K, used 138924K [0x0000000080000000, 0x0000000100000000)
  region size 1024K, 7 young (7168K), 7 survivors (7168K)
 Metaspace       used 117141K, capacity 118618K, committed 118704K, reserved 1153024K
  class space    used 14868K, capacity 15312K, committed 15360K, reserved 1048576K
}
Event: 1329.280 GC heap before
{Heap before GC invocations=79 (full 0):
 garbage-first heap   total 249856K, used 200364K [0x0000000080000000, 0x0000000100000000)
  region size 1024K, 64 young (65536K), 7 survivors (7168K)
 Metaspace       used 117542K, capacity 119002K, committed 119216K, reserved 1153024K
  class space    used 14890K, capacity 15312K, committed 15360K, reserved 1048576K
}
Event: 1329.289 GC heap after
{Heap after GC invocations=80 (full 0):
 garbage-first heap   total 249856K, used 147152K [0x0000000080000000, 0x0000000100000000)
  region size 1024K, 8 young (8192K), 8 survivors (8192K)
 Metaspace       used 117542K, capacity 119002K, committed 119216K, reserved 1153024K
  class space    used 14890K, capacity 15312K, committed 15360K, reserved 1048576K
}
Event: 1329.300 GC heap before
{Heap before GC invocations=80 (full 0):
 garbage-first heap   total 249856K, used 151248K [0x0000000080000000, 0x0000000100000000)
  region size 1024K, 12 young (12288K), 8 survivors (8192K)
 Metaspace       used 117571K, capacity 119066K, committed 119216K, reserved 1153024K
  class space    used 14891K, capacity 15312K, committed 15360K, reserved 1048576K
}
Event: 1329.315 GC heap after
{Heap after GC invocations=81 (full 0):
 garbage-first heap   total 249856K, used 136545K [0x0000000080000000, 0x0000000100000000)
  region size 1024K, 2 young (2048K), 2 survivors (2048K)
 Metaspace       used 117571K, capacity 119066K, committed 119216K, reserved 1153024K
  class space    used 14891K, capacity 15312K, committed 15360K, reserved 1048576K
}
Event: 1329.442 GC heap before
{Heap before GC invocations=81 (full 0):
 garbage-first heap   total 249856K, used 195937K [0x0000000080000000, 0x0000000100000000)
  region size 1024K, 61 young (62464K), 2 survivors (2048K)
 Metaspace       used 117699K, capacity 119165K, committed 119216K, reserved 1153024K
  class space    used 14908K, capacity 15345K, committed 15360K, reserved 1048576K
}
Event: 1329.449 GC heap after
{Heap after GC invocations=82 (full 0):
 garbage-first heap   total 249856K, used 142260K [0x0000000080000000, 0x0000000100000000)
  region size 1024K, 8 young (8192K), 8 survivors (8192K)
 Metaspace       used 117699K, capacity 119165K, committed 119216K, reserved 1153024K
  class space    used 14908K, capacity 15345K, committed 15360K, reserved 1048576K
}

