# JRE version: OpenJDK Runtime Environment (11.0.10) (build 11.0.10+0-b96-7249189)
# Java VM: OpenJDK 64-Bit Server VM (11.0.10+0-b96-7249189, mixed mode, tiered, compressed oops, g1 gc, windows-amd64)
Heap:
 garbage-first heap   total 387072K, used 224256K [0x0000000080000000, 0x0000000100000000)
  region size 1024K, 5 young (5120K), 5 survivors (5120K)
 Metaspace       used 92548K, capacity 95030K, committed 98508K, reserved 1134592K
  class space    used 12121K, capacity 13028K, committed 14284K, reserved 1048576K
GC Heap History (20 events):
Event: 7.468 GC heap after
{Heap after GC invocations=14 (full 0):
 garbage-first heap   total 260096K, used 68599K [0x0000000080000000, 0x0000000100000000)
  region size 1024K, 14 young (14336K), 14 survivors (14336K)
 Metaspace       used 81253K, capacity 83318K, committed 83532K, reserved 1122304K
  class space    used 10513K, capacity 11225K, committed 11340K, reserved 1048576K
}
Event: 7.904 GC heap before
{Heap before GC invocations=14 (full 0):
 garbage-first heap   total 260096K, used 170999K [0x0000000080000000, 0x0000000100000000)
  region size 1024K, 115 young (117760K), 14 survivors (14336K)
 Metaspace       used 83281K, capacity 85874K, committed 86092K, reserved 1124352K
  class space    used 10865K, capacity 11814K, committed 11852K, reserved 1048576K
}
Event: 7.916 GC heap after
{Heap after GC invocations=15 (full 0):
 garbage-first heap   total 260096K, used 76078K [0x0000000080000000, 0x0000000100000000)
  region size 1024K, 8 young (8192K), 8 survivors (8192K)
 Metaspace       used 83281K, capacity 85874K, committed 86092K, reserved 1124352K
  class space    used 10865K, capacity 11814K, committed 11852K, reserved 1048576K
}
Event: 8.241 GC heap before
{Heap before GC invocations=15 (full 0):
 garbage-first heap   total 260096K, used 178478K [0x0000000080000000, 0x0000000100000000)
  region size 1024K, 109 young (111616K), 8 survivors (8192K)
 Metaspace       used 84054K, capacity 86566K, committed 86732K, reserved 1124352K
  class space    used 10928K, capacity 11874K, committed 11980K, reserved 1048576K
}
Event: 8.249 GC heap after
{Heap after GC invocations=16 (full 0):
 garbage-first heap   total 260096K, used 80957K [0x0000000080000000, 0x0000000100000000)
  region size 1024K, 12 young (12288K), 12 survivors (12288K)
 Metaspace       used 84054K, capacity 86566K, committed 86732K, reserved 1124352K
  class space    used 10928K, capacity 11874K, committed 11980K, reserved 1048576K
}
Event: 8.650 GC heap before
{Heap before GC invocations=16 (full 0):
 garbage-first heap   total 260096K, used 195645K [0x0000000080000000, 0x0000000100000000)
  region size 1024K, 115 young (117760K), 12 survivors (12288K)
 Metaspace       used 87335K, capacity 90113K, committed 90316K, reserved 1126400K
  class space    used 11417K, capacity 12466K, committed 12492K, reserved 1048576K
}
Event: 8.661 GC heap after
{Heap after GC invocations=17 (full 0):
 garbage-first heap   total 260096K, used 102563K [0x0000000080000000, 0x0000000100000000)
  region size 1024K, 15 young (15360K), 15 survivors (15360K)
 Metaspace       used 87335K, capacity 90113K, committed 90316K, reserved 1126400K
  class space    used 11417K, capacity 12466K, committed 12492K, reserved 1048576K
}
Event: 8.925 GC heap before
{Heap before GC invocations=17 (full 0):
 garbage-first heap   total 260096K, used 216227K [0x0000000080000000, 0x0000000100000000)
  region size 1024K, 105 young (107520K), 15 survivors (15360K)
 Metaspace       used 93044K, capacity 96588K, committed 96844K, reserved 1132544K
  class space    used 12551K, capacity 13859K, committed 13900K, reserved 1048576K
}
Event: 8.950 GC heap after
{Heap after GC invocations=18 (full 0):
 garbage-first heap   total 263168K, used 144944K [0x0000000080000000, 0x0000000100000000)
  region size 1024K, 14 young (14336K), 14 survivors (14336K)
 Metaspace       used 93044K, capacity 96588K, committed 96844K, reserved 1132544K
  class space    used 12551K, capacity 13859K, committed 13900K, reserved 1048576K
}
Event: 9.009 GC heap before
{Heap before GC invocations=18 (full 0):
 garbage-first heap   total 263168K, used 164400K [0x0000000080000000, 0x0000000100000000)
  region size 1024K, 35 young (35840K), 14 survivors (14336K)
 Metaspace       used 93966K, capacity 97757K, committed 97996K, reserved 1132544K
  class space    used 12735K, capacity 14166K, committed 14284K, reserved 1048576K
}
Event: 9.029 GC heap after
{Heap after GC invocations=19 (full 0):
 garbage-first heap   total 263168K, used 153105K [0x0000000080000000, 0x0000000100000000)
  region size 1024K, 8 young (8192K), 8 survivors (8192K)
 Metaspace       used 93966K, capacity 97757K, committed 97996K, reserved 1132544K
  class space    used 12735K, capacity 14166K, committed 14284K, reserved 1048576K
}
Event: 9.231 GC heap before
{Heap before GC invocations=20 (full 0):
 garbage-first heap   total 263168K, used 194065K [0x0000000080000000, 0x0000000100000000)
  region size 1024K, 48 young (49152K), 8 survivors (8192K)
 Metaspace       used 93301K, capacity 96457K, committed 98252K, reserved 1132544K
  class space    used 12449K, capacity 13622K, committed 14284K, reserved 1048576K
}
Event: 9.253 GC heap after
{Heap after GC invocations=21 (full 0):
 garbage-first heap   total 316416K, used 171072K [0x0000000080000000, 0x0000000100000000)
  region size 1024K, 6 young (6144K), 6 survivors (6144K)
 Metaspace       used 93301K, capacity 96457K, committed 98252K, reserved 1132544K
  class space    used 12449K, capacity 13622K, committed 14284K, reserved 1048576K
}
Event: 9.272 GC heap before
{Heap before GC invocations=21 (full 0):
 garbage-first heap   total 316416K, used 176192K [0x0000000080000000, 0x0000000100000000)
  region size 1024K, 13 young (13312K), 6 survivors (6144K)
 Metaspace       used 93305K, capacity 96457K, committed 98252K, reserved 1132544K
  class space    used 12449K, capacity 13622K, committed 14284K, reserved 1048576K
}
Event: 9.283 GC heap after
{Heap after GC invocations=22 (full 0):
 garbage-first heap   total 316416K, used 176844K [0x0000000080000000, 0x0000000100000000)
  region size 1024K, 5 young (5120K), 5 survivors (5120K)
 Metaspace       used 93305K, capacity 96457K, committed 98252K, reserved 1132544K
  class space    used 12449K, capacity 13622K, committed 14284K, reserved 1048576K
}
Event: 9.412 GC heap before
{Heap before GC invocations=22 (full 0):
 garbage-first heap   total 316416K, used 219852K [0x0000000080000000, 0x0000000100000000)
  region size 1024K, 46 young (47104K), 5 survivors (5120K)
 Metaspace       used 93429K, capacity 96614K, committed 98508K, reserved 1134592K
  class space    used 12449K, capacity 13622K, committed 14284K, reserved 1048576K
}
Event: 9.425 GC heap after
{Heap after GC invocations=23 (full 0):
 garbage-first heap   total 316416K, used 198130K [0x0000000080000000, 0x0000000100000000)
  region size 1024K, 6 young (6144K), 6 survivors (6144K)
 Metaspace       used 93429K, capacity 96614K, committed 98508K, reserved 1134592K
  class space    used 12449K, capacity 13622K, committed 14284K, reserved 1048576K
}
Event: 9.546 GC heap before
{Heap before GC invocations=24 (full 0):
 garbage-first heap   total 316416K, used 232946K [0x0000000080000000, 0x0000000100000000)
  region size 1024K, 41 young (41984K), 6 survivors (6144K)
 Metaspace       used 92405K, capacity 94886K, committed 98508K, reserved 1134592K
  class space    used 12099K, capacity 13003K, committed 14284K, reserved 1048576K
}
Event: 9.562 GC heap after
{Heap after GC invocations=25 (full 0):
 garbage-first heap   total 316416K, used 216064K [0x0000000080000000, 0x0000000100000000)
  region size 1024K, 6 young (6144K), 6 survivors (6144K)
 Metaspace       used 92405K, capacity 94886K, committed 98508K, reserved 1134592K
  class space    used 12099K, capacity 13003K, committed 14284K, reserved 1048576K
}
Event: 9.670 GC heap before
{Heap before GC invocations=25 (full 0):
 garbage-first heap   total 316416K, used 245760K [0x0000000080000000, 0x0000000100000000)
  region size 1024K, 35 young (35840K), 6 survivors (6144K)
 Metaspace       used 92548K, capacity 95030K, committed 98508K, reserved 1134592K
  class space    used 12121K, capacity 13028K, committed 14284K, reserved 1048576K
}

