# JRE version: OpenJDK Runtime Environment (11.0.10) (build 11.0.10+0-b96-7249189)
# Java VM: OpenJDK 64-Bit Server VM (11.0.10+0-b96-7249189, mixed mode, tiered, compressed oops, g1 gc, windows-amd64)
Heap:
 garbage-first heap   total 402432K, used 236467K [0x0000000080000000, 0x0000000100000000)
  region size 1024K, 4 young (4096K), 4 survivors (4096K)
 Metaspace       used 105029K, capacity 108006K, committed 108244K, reserved 1142784K
  class space    used 13769K, capacity 14895K, committed 14924K, reserved 1048576K
GC Heap History (20 events):
Event: 7.459 GC heap after
{Heap after GC invocations=13 (full 0):
 garbage-first heap   total 260096K, used 77504K [0x0000000080000000, 0x0000000100000000)
  region size 1024K, 10 young (10240K), 10 survivors (10240K)
 Metaspace       used 83256K, capacity 85863K, committed 86092K, reserved 1124352K
  class space    used 10862K, capacity 11829K, committed 11852K, reserved 1048576K
}
Event: 7.942 GC heap before
{Heap before GC invocations=13 (full 0):
 garbage-first heap   total 260096K, used 197312K [0x0000000080000000, 0x0000000100000000)
  region size 1024K, 128 young (131072K), 10 survivors (10240K)
 Metaspace       used 86771K, capacity 89517K, committed 89804K, reserved 1126400K
  class space    used 11334K, capacity 12370K, committed 12492K, reserved 1048576K
}
Event: 7.952 GC heap after
{Heap after GC invocations=14 (full 0):
 garbage-first heap   total 260096K, used 88543K [0x0000000080000000, 0x0000000100000000)
  region size 1024K, 11 young (11264K), 11 survivors (11264K)
 Metaspace       used 86771K, capacity 89517K, committed 89804K, reserved 1126400K
  class space    used 11334K, capacity 12370K, committed 12492K, reserved 1048576K
}
Event: 8.754 GC heap before
{Heap before GC invocations=14 (full 0):
 garbage-first heap   total 260096K, used 202207K [0x0000000080000000, 0x0000000100000000)
  region size 1024K, 121 young (123904K), 11 survivors (11264K)
 Metaspace       used 93308K, capacity 96175K, committed 96460K, reserved 1132544K
  class space    used 12111K, capacity 13168K, committed 13260K, reserved 1048576K
}
Event: 8.763 GC heap after
{Heap after GC invocations=15 (full 0):
 garbage-first heap   total 260096K, used 94747K [0x0000000080000000, 0x0000000100000000)
  region size 1024K, 5 young (5120K), 5 survivors (5120K)
 Metaspace       used 93308K, capacity 96175K, committed 96460K, reserved 1132544K
  class space    used 12111K, capacity 13168K, committed 13260K, reserved 1048576K
}
Event: 9.006 GC heap before
{Heap before GC invocations=15 (full 0):
 garbage-first heap   total 260096K, used 202267K [0x0000000080000000, 0x0000000100000000)
  region size 1024K, 85 young (87040K), 5 survivors (5120K)
 Metaspace       used 97121K, capacity 100091K, committed 100300K, reserved 1136640K
  class space    used 12645K, capacity 13755K, committed 13772K, reserved 1048576K
}
Event: 9.012 GC heap after
{Heap after GC invocations=16 (full 0):
 garbage-first heap   total 260096K, used 127396K [0x0000000080000000, 0x0000000100000000)
  region size 1024K, 15 young (15360K), 15 survivors (15360K)
 Metaspace       used 97121K, capacity 100091K, committed 100300K, reserved 1136640K
  class space    used 12645K, capacity 13755K, committed 13772K, reserved 1048576K
}
Event: 9.229 GC heap before
{Heap before GC invocations=17 (full 0):
 garbage-first heap   total 260096K, used 182692K [0x0000000080000000, 0x0000000100000000)
  region size 1024K, 66 young (67584K), 15 survivors (15360K)
 Metaspace       used 100180K, capacity 102784K, committed 104148K, reserved 1138688K
  class space    used 12982K, capacity 13923K, committed 14412K, reserved 1048576K
}
Event: 9.270 GC heap after
{Heap after GC invocations=18 (full 0):
 garbage-first heap   total 260096K, used 143474K [0x0000000080000000, 0x0000000100000000)
  region size 1024K, 12 young (12288K), 12 survivors (12288K)
 Metaspace       used 100180K, capacity 102784K, committed 104148K, reserved 1138688K
  class space    used 12982K, capacity 13923K, committed 14412K, reserved 1048576K
}
Event: 9.496 GC heap before
{Heap before GC invocations=19 (full 0):
 garbage-first heap   total 260096K, used 200818K [0x0000000080000000, 0x0000000100000000)
  region size 1024K, 67 young (68608K), 12 survivors (12288K)
 Metaspace       used 103339K, capacity 106122K, committed 106964K, reserved 1140736K
  class space    used 13578K, capacity 14636K, committed 14924K, reserved 1048576K
}
Event: 9.518 GC heap after
{Heap after GC invocations=20 (full 0):
 garbage-first heap   total 260096K, used 166108K [0x0000000080000000, 0x0000000100000000)
  region size 1024K, 9 young (9216K), 9 survivors (9216K)
 Metaspace       used 103339K, capacity 106122K, committed 106964K, reserved 1140736K
  class space    used 13578K, capacity 14636K, committed 14924K, reserved 1048576K
}
Event: 9.593 GC heap before
{Heap before GC invocations=20 (full 0):
 garbage-first heap   total 260096K, used 202972K [0x0000000080000000, 0x0000000100000000)
  region size 1024K, 46 young (47104K), 9 survivors (9216K)
 Metaspace       used 104130K, capacity 107040K, committed 107476K, reserved 1142784K
  class space    used 13692K, capacity 14771K, committed 14924K, reserved 1048576K
}
Event: 9.617 GC heap after
{Heap after GC invocations=21 (full 0):
 garbage-first heap   total 334848K, used 186368K [0x0000000080000000, 0x0000000100000000)
  region size 1024K, 6 young (6144K), 6 survivors (6144K)
 Metaspace       used 104130K, capacity 107040K, committed 107476K, reserved 1142784K
  class space    used 13692K, capacity 14771K, committed 14924K, reserved 1048576K
}
Event: 9.813 GC heap before
{Heap before GC invocations=21 (full 0):
 garbage-first heap   total 334848K, used 240640K [0x0000000080000000, 0x0000000100000000)
  region size 1024K, 60 young (61440K), 6 survivors (6144K)
 Metaspace       used 104398K, capacity 107275K, committed 107732K, reserved 1142784K
  class space    used 13696K, capacity 14793K, committed 14924K, reserved 1048576K
}
Event: 9.830 GC heap after
{Heap after GC invocations=22 (full 0):
 garbage-first heap   total 334848K, used 208677K [0x0000000080000000, 0x0000000100000000)
  region size 1024K, 8 young (8192K), 8 survivors (8192K)
 Metaspace       used 104398K, capacity 107275K, committed 107732K, reserved 1142784K
  class space    used 13696K, capacity 14793K, committed 14924K, reserved 1048576K
}
Event: 9.922 GC heap before
{Heap before GC invocations=23 (full 0):
 garbage-first heap   total 334848K, used 253733K [0x0000000080000000, 0x0000000100000000)
  region size 1024K, 53 young (54272K), 8 survivors (8192K)
 Metaspace       used 104580K, capacity 107439K, committed 107732K, reserved 1142784K
  class space    used 13704K, capacity 14797K, committed 14924K, reserved 1048576K
}
Event: 9.938 GC heap after
{Heap after GC invocations=24 (full 0):
 garbage-first heap   total 334848K, used 226304K [0x0000000080000000, 0x0000000100000000)
  region size 1024K, 7 young (7168K), 7 survivors (7168K)
 Metaspace       used 104580K, capacity 107439K, committed 107732K, reserved 1142784K
  class space    used 13704K, capacity 14797K, committed 14924K, reserved 1048576K
}
Event: 9.967 GC heap before
{Heap before GC invocations=24 (full 0):
 garbage-first heap   total 334848K, used 231424K [0x0000000080000000, 0x0000000100000000)
  region size 1024K, 13 young (13312K), 7 survivors (7168K)
 Metaspace       used 104666K, capacity 107538K, committed 107988K, reserved 1142784K
  class space    used 13713K, capacity 14807K, committed 14924K, reserved 1048576K
}
Event: 9.975 GC heap after
{Heap after GC invocations=25 (full 0):
 garbage-first heap   total 334848K, used 229642K [0x0000000080000000, 0x0000000100000000)
  region size 1024K, 2 young (2048K), 2 survivors (2048K)
 Metaspace       used 104666K, capacity 107538K, committed 107988K, reserved 1142784K
  class space    used 13713K, capacity 14807K, committed 14924K, reserved 1048576K
}
Event: 10.158 GC heap before
{Heap before GC invocations=25 (full 0):
 garbage-first heap   total 334848K, used 260362K [0x0000000080000000, 0x0000000100000000)
  region size 1024K, 31 young (31744K), 2 survivors (2048K)
 Metaspace       used 105029K, capacity 108006K, committed 108244K, reserved 1142784K
  class space    used 13769K, capacity 14895K, committed 14924K, reserved 1048576K
}

