# JRE version: OpenJDK Runtime Environment (11.0.10) (build 11.0.10+0-b96-7249189)
# Java VM: OpenJDK 64-Bit Server VM (11.0.10+0-b96-7249189, mixed mode, tiered, compressed oops, g1 gc, windows-amd64)
Heap:
 garbage-first heap   total 312320K, used 125959K [0x0000000080000000, 0x0000000100000000)
  region size 1024K, 7 young (7168K), 7 survivors (7168K)
 Metaspace       used 109918K, capacity 113318K, committed 113484K, reserved 1146880K
  class space    used 14295K, capacity 15599K, committed 15692K, reserved 1048576K
GC Heap History (20 events):
Event: 4.402 GC heap after
{Heap after GC invocations=8 (full 0):
 garbage-first heap   total 260096K, used 43607K [0x0000000080000000, 0x0000000100000000)
  region size 1024K, 18 young (18432K), 18 survivors (18432K)
 Metaspace       used 56686K, capacity 58118K, committed 58444K, reserved 1099776K
  class space    used 7152K, capacity 7683K, committed 7756K, reserved 1048576K
}
Event: 4.519 GC heap before
{Heap before GC invocations=8 (full 0):
 garbage-first heap   total 260096K, used 54871K [0x0000000080000000, 0x0000000100000000)
  region size 1024K, 30 young (30720K), 18 survivors (18432K)
 Metaspace       used 58627K, capacity 60161K, committed 60236K, reserved 1101824K
  class space    used 7428K, capacity 7998K, committed 8012K, reserved 1048576K
}
Event: 4.534 GC heap after
{Heap after GC invocations=9 (full 0):
 garbage-first heap   total 260096K, used 45879K [0x0000000080000000, 0x0000000100000000)
  region size 1024K, 3 young (3072K), 3 survivors (3072K)
 Metaspace       used 58627K, capacity 60161K, committed 60236K, reserved 1101824K
  class space    used 7428K, capacity 7998K, committed 8012K, reserved 1048576K
}
Event: 5.456 GC heap before
{Heap before GC invocations=10 (full 0):
 garbage-first heap   total 260096K, used 180023K [0x0000000080000000, 0x0000000100000000)
  region size 1024K, 134 young (137216K), 3 survivors (3072K)
 Metaspace       used 69878K, capacity 71620K, committed 71884K, reserved 1112064K
  class space    used 9030K, capacity 9661K, committed 9676K, reserved 1048576K
}
Event: 5.462 GC heap after
{Heap after GC invocations=11 (full 0):
 garbage-first heap   total 260096K, used 54112K [0x0000000080000000, 0x0000000100000000)
  region size 1024K, 11 young (11264K), 11 survivors (11264K)
 Metaspace       used 69878K, capacity 71620K, committed 71884K, reserved 1112064K
  class space    used 9030K, capacity 9661K, committed 9676K, reserved 1048576K
}
Event: 6.353 GC heap before
{Heap before GC invocations=11 (full 0):
 garbage-first heap   total 260096K, used 186208K [0x0000000080000000, 0x0000000100000000)
  region size 1024K, 142 young (145408K), 11 survivors (11264K)
 Metaspace       used 79577K, capacity 81495K, committed 81612K, reserved 1120256K
  class space    used 10275K, capacity 10940K, committed 10956K, reserved 1048576K
}
Event: 6.364 GC heap after
{Heap after GC invocations=12 (full 0):
 garbage-first heap   total 260096K, used 65618K [0x0000000080000000, 0x0000000100000000)
  region size 1024K, 12 young (12288K), 12 survivors (12288K)
 Metaspace       used 79577K, capacity 81495K, committed 81612K, reserved 1120256K
  class space    used 10275K, capacity 10940K, committed 10956K, reserved 1048576K
}
Event: 6.982 GC heap before
{Heap before GC invocations=12 (full 0):
 garbage-first heap   total 260096K, used 191570K [0x0000000080000000, 0x0000000100000000)
  region size 1024K, 136 young (139264K), 12 survivors (12288K)
 Metaspace       used 83331K, capacity 85758K, committed 86092K, reserved 1124352K
  class space    used 10853K, capacity 11754K, committed 11852K, reserved 1048576K
}
Event: 6.992 GC heap after
{Heap after GC invocations=13 (full 0):
 garbage-first heap   total 260096K, used 74580K [0x0000000080000000, 0x0000000100000000)
  region size 1024K, 9 young (9216K), 9 survivors (9216K)
 Metaspace       used 83331K, capacity 85758K, committed 86092K, reserved 1124352K
  class space    used 10853K, capacity 11754K, committed 11852K, reserved 1048576K
}
Event: 7.286 GC heap before
{Heap before GC invocations=13 (full 0):
 garbage-first heap   total 260096K, used 197460K [0x0000000080000000, 0x0000000100000000)
  region size 1024K, 130 young (133120K), 9 survivors (9216K)
 Metaspace       used 85108K, capacity 87663K, committed 87884K, reserved 1124352K
  class space    used 11067K, capacity 11994K, committed 12108K, reserved 1048576K
}
Event: 7.294 GC heap after
{Heap after GC invocations=14 (full 0):
 garbage-first heap   total 260096K, used 80402K [0x0000000080000000, 0x0000000100000000)
  region size 1024K, 15 young (15360K), 15 survivors (15360K)
 Metaspace       used 85108K, capacity 87663K, committed 87884K, reserved 1124352K
  class space    used 11067K, capacity 11994K, committed 12108K, reserved 1048576K
}
Event: 8.673 GC heap before
{Heap before GC invocations=14 (full 0):
 garbage-first heap   total 260096K, used 201234K [0x0000000080000000, 0x0000000100000000)
  region size 1024K, 134 young (137216K), 15 survivors (15360K)
 Metaspace       used 88892K, capacity 91401K, committed 91596K, reserved 1128448K
  class space    used 11507K, capacity 12407K, committed 12492K, reserved 1048576K
}
Event: 8.686 GC heap after
{Heap after GC invocations=15 (full 0):
 garbage-first heap   total 260096K, used 90941K [0x0000000080000000, 0x0000000100000000)
  region size 1024K, 17 young (17408K), 17 survivors (17408K)
 Metaspace       used 88892K, capacity 91401K, committed 91596K, reserved 1128448K
  class space    used 11507K, capacity 12407K, committed 12492K, reserved 1048576K
}
Event: 9.514 GC heap before
{Heap before GC invocations=15 (full 0):
 garbage-first heap   total 260096K, used 205629K [0x0000000080000000, 0x0000000100000000)
  region size 1024K, 128 young (131072K), 17 survivors (17408K)
 Metaspace       used 96548K, capacity 99290K, committed 99532K, reserved 1134592K
  class space    used 12469K, capacity 13482K, committed 13516K, reserved 1048576K
}
Event: 9.530 GC heap after
{Heap after GC invocations=16 (full 0):
 garbage-first heap   total 260096K, used 103263K [0x0000000080000000, 0x0000000100000000)
  region size 1024K, 14 young (14336K), 14 survivors (14336K)
 Metaspace       used 96548K, capacity 99290K, committed 99532K, reserved 1134592K
  class space    used 12469K, capacity 13482K, committed 13516K, reserved 1048576K
}
Event: 9.803 GC heap before
{Heap before GC invocations=16 (full 0):
 garbage-first heap   total 260096K, used 131935K [0x0000000080000000, 0x0000000100000000)
  region size 1024K, 43 young (44032K), 14 survivors (14336K)
 Metaspace       used 97921K, capacity 100706K, committed 100820K, reserved 1136640K
  class space    used 12608K, capacity 13627K, committed 13644K, reserved 1048576K
}
Event: 9.840 GC heap after
{Heap after GC invocations=17 (full 0):
 garbage-first heap   total 260096K, used 110339K [0x0000000080000000, 0x0000000100000000)
  region size 1024K, 8 young (8192K), 8 survivors (8192K)
 Metaspace       used 97921K, capacity 100706K, committed 100820K, reserved 1136640K
  class space    used 12608K, capacity 13627K, committed 13644K, reserved 1048576K
}
Event: 10.535 GC heap before
{Heap before GC invocations=18 (full 0):
 garbage-first heap   total 260096K, used 207619K [0x0000000080000000, 0x0000000100000000)
  region size 1024K, 100 young (102400K), 8 survivors (8192K)
 Metaspace       used 103957K, capacity 106698K, committed 106828K, reserved 1142784K
  class space    used 13308K, capacity 14326K, committed 14412K, reserved 1048576K
}
Event: 10.549 GC heap after
{Heap after GC invocations=19 (full 0):
 garbage-first heap   total 260096K, used 120556K [0x0000000080000000, 0x0000000100000000)
  region size 1024K, 13 young (13312K), 13 survivors (13312K)
 Metaspace       used 103957K, capacity 106698K, committed 106828K, reserved 1142784K
  class space    used 13308K, capacity 14326K, committed 14412K, reserved 1048576K
}
Event: 10.978 GC heap before
{Heap before GC invocations=20 (full 0):
 garbage-first heap   total 260096K, used 203500K [0x0000000080000000, 0x0000000100000000)
  region size 1024K, 96 young (98304K), 13 survivors (13312K)
 Metaspace       used 109918K, capacity 113318K, committed 113484K, reserved 1146880K
  class space    used 14295K, capacity 15599K, committed 15692K, reserved 1048576K
}

