# JRE version: Java(TM) SE Runtime Environment (15.0.2+7) (build 15.0.2+7-27)
# Java VM: Java HotSpot(TM) 64-Bit Server VM (15.0.2+7-27, mixed mode, sharing, tiered, compressed oops, g1 gc, windows-amd64)
GC Precious Log:
 CPUs: 12 total, 12 available
 Memory: 16225M
 Large Page Support: Disabled
 NUMA Support: Disabled
 Compressed Oops: Enabled (32-bit)
 Heap Region Size: 1M
 Heap Min Capacity: 8M
 Heap Initial Capacity: 254M
 Heap Max Capacity: 2G
 Pre-touch: Disabled
 Parallel Workers: 10
 Concurrent Workers: 3
 Concurrent Refinement Workers: 10
 Periodic GC: Disabled
Heap:
 garbage-first heap   total 260096K, used 97117K [0x0000000080000000, 0x0000000100000000)
  region size 1024K, 1 young (1024K), 1 survivors (1024K)
 Metaspace       used 81561K, capacity 82809K, committed 82864K, reserved 1122304K
  class space    used 10604K, capacity 10996K, committed 11008K, reserved 1048576K
GC Heap History (20 events):
Event: 5.294 GC heap after
{Heap after GC invocations=27 (full 0):
 garbage-first heap   total 119808K, used 65216K [0x0000000080000000, 0x0000000100000000)
  region size 1024K, 5 young (5120K), 5 survivors (5120K)
 Metaspace       used 68948K, capacity 70034K, committed 70320K, reserved 1110016K
  class space    used 9090K, capacity 9395K, committed 9472K, reserved 1048576K
}
Event: 5.666 GC heap before
{Heap before GC invocations=28 (full 0):
 garbage-first heap   total 119808K, used 96960K [0x0000000080000000, 0x0000000100000000)
  region size 1024K, 37 young (37888K), 5 survivors (5120K)
 Metaspace       used 72188K, capacity 73256K, committed 73520K, reserved 1114112K
  class space    used 9455K, capacity 9806K, committed 9856K, reserved 1048576K
}
Event: 5.672 GC heap after
{Heap after GC invocations=29 (full 0):
 garbage-first heap   total 144384K, used 70526K [0x0000000080000000, 0x0000000100000000)
  region size 1024K, 5 young (5120K), 5 survivors (5120K)
 Metaspace       used 72188K, capacity 73256K, committed 73520K, reserved 1114112K
  class space    used 9455K, capacity 9806K, committed 9856K, reserved 1048576K
}
Event: 5.918 GC heap before
{Heap before GC invocations=29 (full 0):
 garbage-first heap   total 144384K, used 113534K [0x0000000080000000, 0x0000000100000000)
  region size 1024K, 48 young (49152K), 5 survivors (5120K)
 Metaspace       used 73755K, capacity 74847K, committed 75184K, reserved 1114112K
  class space    used 9771K, capacity 10141K, committed 10240K, reserved 1048576K
}
Event: 5.923 GC heap after
{Heap after GC invocations=30 (full 0):
 garbage-first heap   total 144384K, used 74173K [0x0000000080000000, 0x0000000100000000)
  region size 1024K, 5 young (5120K), 5 survivors (5120K)
 Metaspace       used 73755K, capacity 74847K, committed 75184K, reserved 1114112K
  class space    used 9771K, capacity 10141K, committed 10240K, reserved 1048576K
}
Event: 6.065 GC heap before
{Heap before GC invocations=31 (full 0):
 garbage-first heap   total 153600K, used 113085K [0x0000000080000000, 0x0000000100000000)
  region size 1024K, 44 young (45056K), 5 survivors (5120K)
 Metaspace       used 74063K, capacity 75232K, committed 75440K, reserved 1114112K
  class space    used 9777K, capacity 10141K, committed 10240K, reserved 1048576K
}
Event: 6.068 GC heap after
{Heap after GC invocations=32 (full 0):
 garbage-first heap   total 153600K, used 76254K [0x0000000080000000, 0x0000000100000000)
  region size 1024K, 3 young (3072K), 3 survivors (3072K)
 Metaspace       used 74063K, capacity 75232K, committed 75440K, reserved 1114112K
  class space    used 9777K, capacity 10141K, committed 10240K, reserved 1048576K
}
Event: 6.220 GC heap before
{Heap before GC invocations=32 (full 0):
 garbage-first heap   total 153600K, used 107998K [0x0000000080000000, 0x0000000100000000)
  region size 1024K, 36 young (36864K), 3 survivors (3072K)
 Metaspace       used 74699K, capacity 75808K, committed 75952K, reserved 1116160K
  class space    used 9863K, capacity 10205K, committed 10240K, reserved 1048576K
}
Event: 6.222 GC heap after
{Heap after GC invocations=33 (full 0):
 garbage-first heap   total 153600K, used 78135K [0x0000000080000000, 0x0000000100000000)
  region size 1024K, 5 young (5120K), 5 survivors (5120K)
 Metaspace       used 74699K, capacity 75808K, committed 75952K, reserved 1116160K
  class space    used 9863K, capacity 10205K, committed 10240K, reserved 1048576K
}
Event: 6.495 GC heap before
{Heap before GC invocations=34 (full 0):
 garbage-first heap   total 153600K, used 127287K [0x0000000080000000, 0x0000000100000000)
  region size 1024K, 52 young (53248K), 5 survivors (5120K)
 Metaspace       used 75736K, capacity 76898K, committed 77104K, reserved 1116160K
  class space    used 9962K, capacity 10291K, committed 10368K, reserved 1048576K
}
Event: 6.503 GC heap after
{Heap after GC invocations=35 (full 0):
 garbage-first heap   total 184320K, used 95362K [0x0000000080000000, 0x0000000100000000)
  region size 1024K, 7 young (7168K), 7 survivors (7168K)
 Metaspace       used 75736K, capacity 76898K, committed 77104K, reserved 1116160K
  class space    used 9962K, capacity 10291K, committed 10368K, reserved 1048576K
}
Event: 6.769 GC heap before
{Heap before GC invocations=35 (full 0):
 garbage-first heap   total 184320K, used 132226K [0x0000000080000000, 0x0000000100000000)
  region size 1024K, 45 young (46080K), 7 survivors (7168K)
 Metaspace       used 77982K, capacity 79115K, committed 79408K, reserved 1118208K
  class space    used 10236K, capacity 10581K, committed 10624K, reserved 1048576K
}
Event: 6.777 GC heap after
{Heap after GC invocations=36 (full 0):
 garbage-first heap   total 184320K, used 104998K [0x0000000080000000, 0x0000000100000000)
  region size 1024K, 7 young (7168K), 7 survivors (7168K)
 Metaspace       used 77982K, capacity 79115K, committed 79408K, reserved 1118208K
  class space    used 10236K, capacity 10581K, committed 10624K, reserved 1048576K
}
Event: 7.032 GC heap before
{Heap before GC invocations=37 (full 0):
 garbage-first heap   total 193536K, used 159270K [0x0000000080000000, 0x0000000100000000)
  region size 1024K, 44 young (45056K), 7 survivors (7168K)
 Metaspace       used 79924K, capacity 81124K, committed 81328K, reserved 1120256K
  class space    used 10413K, capacity 10751K, committed 10752K, reserved 1048576K
}
Event: 7.039 GC heap after
{Heap after GC invocations=38 (full 0):
 garbage-first heap   total 193536K, used 107366K [0x0000000080000000, 0x0000000100000000)
  region size 1024K, 3 young (3072K), 3 survivors (3072K)
 Metaspace       used 79924K, capacity 81124K, committed 81328K, reserved 1120256K
  class space    used 10413K, capacity 10751K, committed 10752K, reserved 1048576K
}
Event: 7.260 GC heap before
{Heap before GC invocations=38 (full 0):
 garbage-first heap   total 193536K, used 150374K [0x0000000080000000, 0x0000000100000000)
  region size 1024K, 46 young (47104K), 3 survivors (3072K)
 Metaspace       used 81219K, capacity 82405K, committed 82608K, reserved 1120256K
  class space    used 10576K, capacity 10918K, committed 11008K, reserved 1048576K
}
Event: 7.263 GC heap after
{Heap after GC invocations=39 (full 0):
 garbage-first heap   total 193536K, used 108756K [0x0000000080000000, 0x0000000100000000)
  region size 1024K, 4 young (4096K), 4 survivors (4096K)
 Metaspace       used 81219K, capacity 82405K, committed 82608K, reserved 1120256K
  class space    used 10576K, capacity 10918K, committed 11008K, reserved 1048576K
}
Event: 7.412 GC heap before
{Heap before GC invocations=40 (full 0):
 garbage-first heap   total 222208K, used 152788K [0x0000000080000000, 0x0000000100000000)
  region size 1024K, 48 young (49152K), 4 survivors (4096K)
 Metaspace       used 81506K, capacity 82809K, committed 82864K, reserved 1122304K
  class space    used 10599K, capacity 10996K, committed 11008K, reserved 1048576K
}
Event: 7.417 GC heap after
{Heap after GC invocations=41 (full 0):
 garbage-first heap   total 222208K, used 111683K [0x0000000080000000, 0x0000000100000000)
  region size 1024K, 5 young (5120K), 5 survivors (5120K)
 Metaspace       used 81506K, capacity 82809K, committed 82864K, reserved 1122304K
  class space    used 10599K, capacity 10996K, committed 11008K, reserved 1048576K
}
Event: 7.423 GC heap before
{Heap before GC invocations=41 (full 0):
 garbage-first heap   total 222208K, used 115779K [0x0000000080000000, 0x0000000100000000)
  region size 1024K, 10 young (10240K), 5 survivors (5120K)
 Metaspace       used 81561K, capacity 82809K, committed 82864K, reserved 1122304K
  class space    used 10604K, capacity 10996K, committed 11008K, reserved 1048576K
}

