# JRE version: OpenJDK Runtime Environment (11.0.10) (build 11.0.10+0-b96-7249189)
# Java VM: OpenJDK 64-Bit Server VM (11.0.10+0-b96-7249189, mixed mode, tiered, compressed oops, g1 gc, windows-amd64)
Heap:
 garbage-first heap   total 260096K, used 197226K [0x0000000080000000, 0x0000000100000000)
  region size 1024K, 46 young (47104K), 4 survivors (4096K)
 Metaspace       used 148445K, capacity 151965K, committed 152356K, reserved 1181696K
  class space    used 18646K, capacity 19874K, committed 20096K, reserved 1048576K
GC Heap History (20 events):
Event: 484.871 GC heap before
{Heap before GC invocations=21 (full 0):
 garbage-first heap   total 260096K, used 210647K [0x0000000080000000, 0x0000000100000000)
  region size 1024K, 100 young (102400K), 13 survivors (13312K)
 Metaspace       used 134499K, capacity 137841K, committed 138660K, reserved 1169408K
  class space    used 17154K, capacity 18346K, committed 18688K, reserved 1048576K
}
Event: 484.883 GC heap after
{Heap after GC invocations=22 (full 0):
 garbage-first heap   total 260096K, used 130926K [0x0000000080000000, 0x0000000100000000)
  region size 1024K, 9 young (9216K), 9 survivors (9216K)
 Metaspace       used 134499K, capacity 137841K, committed 138660K, reserved 1169408K
  class space    used 17154K, capacity 18346K, committed 18688K, reserved 1048576K
}
Event: 485.152 GC heap before
{Heap before GC invocations=22 (full 0):
 garbage-first heap   total 260096K, used 211822K [0x0000000080000000, 0x0000000100000000)
  region size 1024K, 89 young (91136K), 9 survivors (9216K)
 Metaspace       used 135008K, capacity 138419K, committed 139172K, reserved 1169408K
  class space    used 17179K, capacity 18392K, committed 18688K, reserved 1048576K
}
Event: 485.164 GC heap after
{Heap after GC invocations=23 (full 0):
 garbage-first heap   total 260096K, used 136740K [0x0000000080000000, 0x0000000100000000)
  region size 1024K, 7 young (7168K), 7 survivors (7168K)
 Metaspace       used 135008K, capacity 138419K, committed 139172K, reserved 1169408K
  class space    used 17179K, capacity 18392K, committed 18688K, reserved 1048576K
}
Event: 485.617 GC heap before
{Heap before GC invocations=24 (full 0):
 garbage-first heap   total 260096K, used 215588K [0x0000000080000000, 0x0000000100000000)
  region size 1024K, 83 young (84992K), 7 survivors (7168K)
 Metaspace       used 137630K, capacity 141064K, committed 141860K, reserved 1171456K
  class space    used 17510K, capacity 18720K, committed 19072K, reserved 1048576K
}
Event: 485.626 GC heap after
{Heap after GC invocations=25 (full 0):
 garbage-first heap   total 260096K, used 154582K [0x0000000080000000, 0x0000000100000000)
  region size 1024K, 11 young (11264K), 11 survivors (11264K)
 Metaspace       used 137630K, capacity 141064K, committed 141860K, reserved 1171456K
  class space    used 17510K, capacity 18720K, committed 19072K, reserved 1048576K
}
Event: 485.824 GC heap before
{Heap before GC invocations=25 (full 0):
 garbage-first heap   total 260096K, used 183254K [0x0000000080000000, 0x0000000100000000)
  region size 1024K, 41 young (41984K), 11 survivors (11264K)
 Metaspace       used 138637K, capacity 142069K, committed 142628K, reserved 1173504K
  class space    used 17622K, capacity 18819K, committed 19072K, reserved 1048576K
}
Event: 485.844 GC heap after
{Heap after GC invocations=26 (full 0):
 garbage-first heap   total 260096K, used 164508K [0x0000000080000000, 0x0000000100000000)
  region size 1024K, 9 young (9216K), 9 survivors (9216K)
 Metaspace       used 138637K, capacity 142069K, committed 142628K, reserved 1173504K
  class space    used 17622K, capacity 18819K, committed 19072K, reserved 1048576K
}
Event: 486.084 GC heap before
{Heap before GC invocations=27 (full 0):
 garbage-first heap   total 260096K, used 221852K [0x0000000080000000, 0x0000000100000000)
  region size 1024K, 49 young (50176K), 9 survivors (9216K)
 Metaspace       used 140248K, capacity 143711K, committed 144420K, reserved 1175552K
  class space    used 17791K, capacity 19007K, committed 19328K, reserved 1048576K
}
Event: 486.093 GC heap after
{Heap after GC invocations=28 (full 0):
 garbage-first heap   total 260096K, used 167045K [0x0000000080000000, 0x0000000100000000)
  region size 1024K, 3 young (3072K), 3 survivors (3072K)
 Metaspace       used 140248K, capacity 143711K, committed 144420K, reserved 1175552K
  class space    used 17791K, capacity 19007K, committed 19328K, reserved 1048576K
}
Event: 486.278 GC heap before
{Heap before GC invocations=28 (full 0):
 garbage-first heap   total 260096K, used 206981K [0x0000000080000000, 0x0000000100000000)
  region size 1024K, 43 young (44032K), 3 survivors (3072K)
 Metaspace       used 141367K, capacity 144907K, committed 145572K, reserved 1175552K
  class space    used 17920K, capacity 19147K, committed 19456K, reserved 1048576K
}
Event: 486.283 GC heap after
{Heap after GC invocations=29 (full 0):
 garbage-first heap   total 260096K, used 169034K [0x0000000080000000, 0x0000000100000000)
  region size 1024K, 5 young (5120K), 5 survivors (5120K)
 Metaspace       used 141367K, capacity 144907K, committed 145572K, reserved 1175552K
  class space    used 17920K, capacity 19147K, committed 19456K, reserved 1048576K
}
Event: 486.424 GC heap before
{Heap before GC invocations=29 (full 0):
 garbage-first heap   total 260096K, used 209994K [0x0000000080000000, 0x0000000100000000)
  region size 1024K, 46 young (47104K), 5 survivors (5120K)
 Metaspace       used 142064K, capacity 145559K, committed 146084K, reserved 1175552K
  class space    used 18009K, capacity 19223K, committed 19456K, reserved 1048576K
}
Event: 486.430 GC heap after
{Heap after GC invocations=30 (full 0):
 garbage-first heap   total 260096K, used 171221K [0x0000000080000000, 0x0000000100000000)
  region size 1024K, 5 young (5120K), 5 survivors (5120K)
 Metaspace       used 142064K, capacity 145559K, committed 146084K, reserved 1175552K
  class space    used 18009K, capacity 19223K, committed 19456K, reserved 1048576K
}
Event: 486.517 GC heap before
{Heap before GC invocations=31 (full 0):
 garbage-first heap   total 260096K, used 213205K [0x0000000080000000, 0x0000000100000000)
  region size 1024K, 47 young (48128K), 5 survivors (5120K)
 Metaspace       used 142735K, capacity 146248K, committed 146724K, reserved 1177600K
  class space    used 18099K, capacity 19324K, committed 19584K, reserved 1048576K
}
Event: 486.522 GC heap after
{Heap after GC invocations=32 (full 0):
 garbage-first heap   total 260096K, used 172873K [0x0000000080000000, 0x0000000100000000)
  region size 1024K, 4 young (4096K), 4 survivors (4096K)
 Metaspace       used 142735K, capacity 146248K, committed 146724K, reserved 1177600K
  class space    used 18099K, capacity 19324K, committed 19584K, reserved 1048576K
}
Event: 486.535 GC heap before
{Heap before GC invocations=32 (full 0):
 garbage-first heap   total 260096K, used 180041K [0x0000000080000000, 0x0000000100000000)
  region size 1024K, 12 young (12288K), 4 survivors (4096K)
 Metaspace       used 142817K, capacity 146312K, committed 146724K, reserved 1177600K
  class space    used 18115K, capacity 19324K, committed 19584K, reserved 1048576K
}
Event: 486.550 GC heap after
{Heap after GC invocations=33 (full 0):
 garbage-first heap   total 260096K, used 157831K [0x0000000080000000, 0x0000000100000000)
  region size 1024K, 1 young (1024K), 1 survivors (1024K)
 Metaspace       used 142817K, capacity 146312K, committed 146724K, reserved 1177600K
  class space    used 18115K, capacity 19324K, committed 19584K, reserved 1048576K
}
Event: 486.768 GC heap before
{Heap before GC invocations=33 (full 0):
 garbage-first heap   total 260096K, used 209031K [0x0000000080000000, 0x0000000100000000)
  region size 1024K, 52 young (53248K), 1 survivors (1024K)
 Metaspace       used 144845K, capacity 148369K, committed 148772K, reserved 1177600K
  class space    used 18345K, capacity 19583K, committed 19840K, reserved 1048576K
}
Event: 486.772 GC heap after
{Heap after GC invocations=34 (full 0):
 garbage-first heap   total 260096K, used 160362K [0x0000000080000000, 0x0000000100000000)
  region size 1024K, 4 young (4096K), 4 survivors (4096K)
 Metaspace       used 144845K, capacity 148369K, committed 148772K, reserved 1177600K
  class space    used 18345K, capacity 19583K, committed 19840K, reserved 1048576K
}

