# JRE version: Java(TM) SE Runtime Environment (15.0.2+7) (build 15.0.2+7-27)
# Java VM: Java HotSpot(TM) 64-Bit Server VM (15.0.2+7-27, mixed mode, sharing, tiered, compressed oops, g1 gc, windows-amd64)
GC Precious Log:
 CPUs: 12 total, 12 available
 Memory: 16225M
 Large Page Support: Disabled
 NUMA Support: Disabled
 Compressed Oops: Enabled (32-bit)
 Heap Region Size: 1M
 Heap Min Capacity: 8M
 Heap Initial Capacity: 254M
 Heap Max Capacity: 2G
 Pre-touch: Disabled
 Parallel Workers: 10
 Concurrent Workers: 3
 Concurrent Refinement Workers: 10
 Periodic GC: Disabled
Heap:
 garbage-first heap   total 460800K, used 242979K [0x0000000080000000, 0x0000000100000000)
  region size 1024K, 85 young (87040K), 11 survivors (11264K)
 Metaspace       used 158637K, capacity 161796K, committed 162044K, reserved 1191936K
  class space    used 18855K, capacity 19821K, committed 19840K, reserved 1048576K
GC Heap History (20 events):
Event: 8849.022 GC heap before
{Heap before GC invocations=290 (full 0):
 garbage-first heap   total 460800K, used 173323K [0x0000000080000000, 0x0000000100000000)
  region size 1024K, 20 young (20480K), 7 survivors (7168K)
 Metaspace       used 158181K, capacity 161268K, committed 161532K, reserved 1191936K
  class space    used 18830K, capacity 19760K, committed 19840K, reserved 1048576K
}
Event: 8849.026 GC heap after
{Heap after GC invocations=291 (full 0):
 garbage-first heap   total 460800K, used 161999K [0x0000000080000000, 0x0000000100000000)
  region size 1024K, 7 young (7168K), 7 survivors (7168K)
 Metaspace       used 158181K, capacity 161268K, committed 161532K, reserved 1191936K
  class space    used 18830K, capacity 19760K, committed 19840K, reserved 1048576K
}
Event: 8950.372 GC heap before
{Heap before GC invocations=292 (full 0):
 garbage-first heap   total 460800K, used 374724K [0x0000000080000000, 0x0000000100000000)
  region size 1024K, 185 young (189440K), 7 survivors (7168K)
 Metaspace       used 158209K, capacity 161273K, committed 161532K, reserved 1191936K
  class space    used 18830K, capacity 19760K, committed 19840K, reserved 1048576K
}
Event: 8950.379 GC heap after
{Heap after GC invocations=293 (full 0):
 garbage-first heap   total 460800K, used 168213K [0x0000000080000000, 0x0000000100000000)
  region size 1024K, 16 young (16384K), 16 survivors (16384K)
 Metaspace       used 158209K, capacity 161273K, committed 161532K, reserved 1191936K
  class space    used 18830K, capacity 19760K, committed 19840K, reserved 1048576K
}
Event: 8950.385 GC heap before
{Heap before GC invocations=293 (full 0):
 garbage-first heap   total 460800K, used 174357K [0x0000000080000000, 0x0000000100000000)
  region size 1024K, 22 young (22528K), 16 survivors (16384K)
 Metaspace       used 158209K, capacity 161273K, committed 161532K, reserved 1191936K
  class space    used 18830K, capacity 19760K, committed 19840K, reserved 1048576K
}
Event: 8950.401 GC heap after
{Heap after GC invocations=294 (full 0):
 garbage-first heap   total 460800K, used 143106K [0x0000000080000000, 0x0000000100000000)
  region size 1024K, 1 young (1024K), 1 survivors (1024K)
 Metaspace       used 158209K, capacity 161273K, committed 161532K, reserved 1191936K
  class space    used 18830K, capacity 19760K, committed 19840K, reserved 1048576K
}
Event: 8950.548 GC heap before
{Heap before GC invocations=294 (full 0):
 garbage-first heap   total 460800K, used 171778K [0x0000000080000000, 0x0000000100000000)
  region size 1024K, 31 young (31744K), 1 survivors (1024K)
 Metaspace       used 158213K, capacity 161337K, committed 161532K, reserved 1191936K
  class space    used 18830K, capacity 19760K, committed 19840K, reserved 1048576K
}
Event: 8950.557 GC heap after
{Heap after GC invocations=295 (full 0):
 garbage-first heap   total 460800K, used 144070K [0x0000000080000000, 0x0000000100000000)
  region size 1024K, 2 young (2048K), 2 survivors (2048K)
 Metaspace       used 158213K, capacity 161337K, committed 161532K, reserved 1191936K
  class space    used 18830K, capacity 19760K, committed 19840K, reserved 1048576K
}
Event: 9378.277 GC heap before
{Heap before GC invocations=296 (full 0):
 garbage-first heap   total 460800K, used 225990K [0x0000000080000000, 0x0000000100000000)
  region size 1024K, 72 young (73728K), 2 survivors (2048K)
 Metaspace       used 158238K, capacity 161325K, committed 161532K, reserved 1191936K
  class space    used 18829K, capacity 19758K, committed 19840K, reserved 1048576K
}
Event: 9378.281 GC heap after
{Heap after GC invocations=297 (full 0):
 garbage-first heap   total 460800K, used 146838K [0x0000000080000000, 0x0000000100000000)
  region size 1024K, 6 young (6144K), 6 survivors (6144K)
 Metaspace       used 158238K, capacity 161325K, committed 161532K, reserved 1191936K
  class space    used 18829K, capacity 19758K, committed 19840K, reserved 1048576K
}
Event: 9434.069 GC heap before
{Heap before GC invocations=298 (full 0):
 garbage-first heap   total 460800K, used 380310K [0x0000000080000000, 0x0000000100000000)
  region size 1024K, 216 young (221184K), 6 survivors (6144K)
 Metaspace       used 158438K, capacity 161595K, committed 161788K, reserved 1191936K
  class space    used 18854K, capacity 19819K, committed 19840K, reserved 1048576K
}
Event: 9434.075 GC heap after
{Heap after GC invocations=299 (full 0):
 garbage-first heap   total 460800K, used 147886K [0x0000000080000000, 0x0000000100000000)
  region size 1024K, 7 young (7168K), 7 survivors (7168K)
 Metaspace       used 158438K, capacity 161595K, committed 161788K, reserved 1191936K
  class space    used 18854K, capacity 19819K, committed 19840K, reserved 1048576K
}
Event: 9434.183 GC heap before
{Heap before GC invocations=299 (full 0):
 garbage-first heap   total 460800K, used 164270K [0x0000000080000000, 0x0000000100000000)
  region size 1024K, 22 young (22528K), 7 survivors (7168K)
 Metaspace       used 158457K, capacity 161659K, committed 161788K, reserved 1191936K
  class space    used 18854K, capacity 19819K, committed 19840K, reserved 1048576K
}
Event: 9434.201 GC heap after
{Heap after GC invocations=300 (full 0):
 garbage-first heap   total 460800K, used 134031K [0x0000000080000000, 0x0000000100000000)
  region size 1024K, 3 young (3072K), 3 survivors (3072K)
 Metaspace       used 158457K, capacity 161659K, committed 161788K, reserved 1191936K
  class space    used 18854K, capacity 19819K, committed 19840K, reserved 1048576K
}
Event: 9434.858 GC heap before
{Heap before GC invocations=300 (full 0):
 garbage-first heap   total 460800K, used 276367K [0x0000000080000000, 0x0000000100000000)
  region size 1024K, 144 young (147456K), 3 survivors (3072K)
 Metaspace       used 158522K, capacity 161659K, committed 161788K, reserved 1191936K
  class space    used 18854K, capacity 19819K, committed 19840K, reserved 1048576K
}
Event: 9434.871 GC heap after
{Heap after GC invocations=301 (full 0):
 garbage-first heap   total 460800K, used 144655K [0x0000000080000000, 0x0000000100000000)
  region size 1024K, 14 young (14336K), 14 survivors (14336K)
 Metaspace       used 158522K, capacity 161659K, committed 161788K, reserved 1191936K
  class space    used 18854K, capacity 19819K, committed 19840K, reserved 1048576K
}
Event: 9623.339 GC heap before
{Heap before GC invocations=302 (full 0):
 garbage-first heap   total 460800K, used 232719K [0x0000000080000000, 0x0000000100000000)
  region size 1024K, 88 young (90112K), 14 survivors (14336K)
 Metaspace       used 158591K, capacity 161723K, committed 161788K, reserved 1191936K
  class space    used 18854K, capacity 19819K, committed 19840K, reserved 1048576K
}
Event: 9623.347 GC heap after
{Heap after GC invocations=303 (full 0):
 garbage-first heap   total 460800K, used 152044K [0x0000000080000000, 0x0000000100000000)
  region size 1024K, 21 young (21504K), 21 survivors (21504K)
 Metaspace       used 158591K, capacity 161723K, committed 161788K, reserved 1191936K
  class space    used 18854K, capacity 19819K, committed 19840K, reserved 1048576K
}
Event: 9623.736 GC heap before
{Heap before GC invocations=304 (full 0):
 garbage-first heap   total 460800K, used 231916K [0x0000000080000000, 0x0000000100000000)
  region size 1024K, 99 young (101376K), 21 survivors (21504K)
 Metaspace       used 158602K, capacity 161726K, committed 161788K, reserved 1191936K
  class space    used 18854K, capacity 19819K, committed 19840K, reserved 1048576K
}
Event: 9623.745 GC heap after
{Heap after GC invocations=305 (full 0):
 garbage-first heap   total 460800K, used 154915K [0x0000000080000000, 0x0000000100000000)
  region size 1024K, 11 young (11264K), 11 survivors (11264K)
 Metaspace       used 158602K, capacity 161726K, committed 161788K, reserved 1191936K
  class space    used 18854K, capacity 19819K, committed 19840K, reserved 1048576K
}

